#
# A fatal error has been detected by the Java Runtime Environment:
#
#  SIGSEGV (0xb) at pc=0x00007c69a90e0584, pid=139277, tid=139288
#
# JRE version: OpenJDK Runtime Environment Temurin-21.0.9+10 (21.0.9+10) (build 21.0.9+10-LTS)
# Java VM: OpenJDK 64-Bit Server VM Temurin-21.0.9+10 (21.0.9+10-LTS, mixed mode, sharing, tiered, compressed oops, compressed class ptrs, parallel gc, linux-amd64)
# Problematic frame:
# V  [libjvm.so+0x8e0584]  IndexSetIterator::advance_and_next()+0xb4
#
# Core dump will be written. Default location: Core dumps may be processed with "/usr/share/apport/apport -p%p -s%s -c%c -d%d -P%P -u%u -g%g -F%F -- %E" (or dumping to /home/aakash/Downloads/smart_home_anagement_system/core.139277)
#
# If you would like to submit a bug report, please visit:
#   https://github.com/adoptium/adoptium-support/issues
#

---------------  S U M M A R Y ------------

Command Line: --add-modules=ALL-SYSTEM --add-opens=java.base/java.util=ALL-UNNAMED --add-opens=java.base/java.lang=ALL-UNNAMED --add-opens=java.base/sun.nio.fs=ALL-UNNAMED -Declipse.application=org.eclipse.jdt.ls.core.id1 -Dosgi.bundles.defaultStartLevel=4 -Declipse.product=org.eclipse.jdt.ls.core.product -Djava.import.generatesMetadataFilesAtProjectRoot=false -DDetectVMInstallationsJob.disabled=true -Dfile.encoding=utf8 -XX:+UseParallelGC -XX:GCTimeRatio=4 -XX:AdaptiveSizePolicyWeight=90 -Dsun.zip.disableMemoryMapping=true -Xmx2G -Xms100m -Xlog:disable -javaagent:/home/aakash/.antigravity/extensions/redhat.java-1.50.0-linux-x64/lombok/lombok-1.18.39-4050.jar -XX:+HeapDumpOnOutOfMemoryError -XX:HeapDumpPath=/home/aakash/.config/Antigravity/User/workspaceStorage/68cc72c94ee1e39bb8d3e85cd2bb506b/redhat.java -Daether.dependencyCollector.impl=bf /home/aakash/.antigravity/extensions/redhat.java-1.50.0-linux-x64/server/plugins/org.eclipse.equinox.launcher_1.7.100.v20251111-0406.jar -configuration /home/aakash/.config/Antigravity/User/globalStorage/redhat.java/1.50.0/config_linux -data /home/aakash/.config/Antigravity/User/workspaceStorage/68cc72c94ee1e39bb8d3e85cd2bb506b/redhat.java/jdt_ws --pipe=/run/user/1000/lsp-17864569f5b8bb8d16390f6df4e7a2c5.sock

Host: Intel(R) Core(TM) i3-6100 CPU @ 3.70GHz, 4 cores, 11G, Ubuntu 25.10
Time: Wed Dec 31 20:40:12 2025 IST elapsed time: 24.221261 seconds (0d 0h 0m 24s)

---------------  T H R E A D  ---------------

Current thread (0x00007c69a40f8a60):  JavaThread "C2 CompilerThread0" daemon [_thread_in_native, id=139288, stack(0x00007c69901f2000,0x00007c69902f2000) (1024K)]


Current CompileTask:
C2:24222 4821       4       org.eclipse.osgi.internal.serviceregistry.ServiceRegistry::notifyHooksPrivileged (57 bytes)

Stack: [0x00007c69901f2000,0x00007c69902f2000],  sp=0x00007c69902edfe0,  free space=1007k
Native frames: (J=compiled Java code, j=interpreted, Vv=VM code, C=native code)
V  [libjvm.so+0x8e0584]  IndexSetIterator::advance_and_next()+0xb4
V  [libjvm.so+0x8d6345]  PhaseChaitin::interfere_with_live(unsigned int, IndexSet*) [clone .part.0]+0x75
V  [libjvm.so+0x8d76ef]  PhaseChaitin::build_ifg_virtual()+0x44f
V  [libjvm.so+0x5c887f]  PhaseChaitin::Register_Allocate()+0x1ef
V  [libjvm.so+0x6710d6]  Compile::Code_Gen()+0x326
V  [libjvm.so+0x67524d]  Compile::Compile(ciEnv*, ciMethod*, int, Options, DirectiveSet*)+0x151d
V  [libjvm.so+0x59abbb]  C2Compiler::compile_method(ciEnv*, ciMethod*, int, bool, DirectiveSet*)+0x18b
V  [libjvm.so+0x67b0fe]  CompileBroker::invoke_compiler_on_method(CompileTask*)+0xc9e
V  [libjvm.so+0x67e438]  CompileBroker::compiler_thread_loop()+0x738
V  [libjvm.so+0x92e9b8]  JavaThread::thread_main_inner()+0x1d8
V  [libjvm.so+0xf84328]  Thread::call_run()+0xa8
V  [libjvm.so+0xd0d8ea]  thread_native_entry(Thread*)+0xda
C  [libc.so.6+0xa3d64]

siginfo: si_signo: 11 (SIGSEGV), si_code: 2 (SEGV_ACCERR), si_addr: 0x00007c692857f5c0

Registers:
RAX=0x00007c692857f5c0, RBX=0x00007c69902ee040, RCX=0x00007c691c36e740, RDX=0x0000000000000004
RSP=0x00007c69902edfe0, RBP=0x00007c69902ee020, RSI=0x00007c69902ee270, RDI=0x00007c69902ee040
R8 =0x00007c69201d0160, R9 =0x0000000000000401, R10=0x0000000000000070, R11=0x0000000000000001
R12=0x0000000000000000, R13=0x0000000000000000, R14=0x00007c69a9d39d40, R15=0x00007c69902ee580
RIP=0x00007c69a90e0584, EFLAGS=0x0000000000010283, CSGSFS=0x002b000000000033, ERR=0x0000000000000004
  TRAPNO=0x000000000000000e

XMM[0]=0x0000000000000000 0x0000000000000000
XMM[1]=0x00007c6920904b70 0x00007c691c8c8850
XMM[2]=0x00007c691c3ed090 0x00007c691c3eb1d0
XMM[3]=0x0000000000000000 0x00007c691c000090
XMM[4]=0x0000000000000000 0x00007c691c000090
XMM[5]=0x00007c692024cdd0 0x00007c692024cdc0
XMM[6]=0x00007c691ca60c50 0x00007c692024cdd0
XMM[7]=0x00007c692029d3d0 0x00007c691c9a6310
XMM[8]=0x00007c692029dc10 0x00007c691c9a8250
XMM[9]=0x00007c69201fd060 0x00007c69201fd000
XMM[10]=0x00007c69201fca00 0x00007c69201fcac0
XMM[11]=0x00007c69201fca60 0x00007c69201fcb20
XMM[12]=0x00007c69201fc9a0 0x00007c69201fc940
XMM[13]=0x0000000000000000 0x00007c69201fce20
XMM[14]=0x0000000000000000 0x00007c69201fcee0
XMM[15]=0x0000000000000000 0x00007c69201fcfa0
  MXCSR=0x00001fa2


Register to memory mapping:

RAX=0x00007c692857f5c0 is an unknown value
RBX=0x00007c69902ee040 is pointing into the stack for thread: 0x00007c69a40f8a60
RCX=0x00007c691c36e740 points into unknown readable memory: 0x00007c692857f5c0 | c0 f5 57 28 69 7c 00 00
RDX=0x0000000000000004 is an unknown value
RSP=0x00007c69902edfe0 is pointing into the stack for thread: 0x00007c69a40f8a60
RBP=0x00007c69902ee020 is pointing into the stack for thread: 0x00007c69a40f8a60
RSI=0x00007c69902ee270 is pointing into the stack for thread: 0x00007c69a40f8a60
RDI=0x00007c69902ee040 is pointing into the stack for thread: 0x00007c69a40f8a60
R8 =0x00007c69201d0160 points into unknown readable memory: 0x00007c69a9c1e7d0 | d0 e7 c1 a9 69 7c 00 00
R9 =0x0000000000000401 is an unknown value
R10=0x0000000000000070 is an unknown value
R11=0x0000000000000001 is an unknown value
R12=0x0 is null
R13=0x0 is null
R14=0x00007c69a9d39d40: <offset 0x0000000001539d40> in /home/aakash/.antigravity/extensions/redhat.java-1.50.0-linux-x64/jre/21.0.9-linux-x86_64/lib/server/libjvm.so at 0x00007c69a8800000
R15=0x00007c69902ee580 is pointing into the stack for thread: 0x00007c69a40f8a60

Top of Stack: (sp=0x00007c69902edfe0)
0x00007c69902edfe0:   00007c69902ee130 00007c691ccbc900
0x00007c69902edff0:   0000000000000002 000000000000038a
0x00007c69902ee000:   00000000000011b2 00007c69902ee040
0x00007c69902ee010:   00007c691c4c0910 00007c69902ee580
0x00007c69902ee020:   00007c69902ee0a0 00007c69a90d6345
0x00007c69902ee030:   000003221cddf2a8 00007c691cd016b0
0x00007c69902ee040:   0000000000000000 0000000400000000
0x00007c69902ee050:   0000000400000000 00007c692857f5c0
0x00007c69902ee060:   00007c691c36e740 00007c691c36e730
0x00007c69902ee070:   00007c69902ee180 00007c691c7710b0
0x00007c69902ee080:   00007c691c36e730 00007c69902ee580
0x00007c69902ee090:   000000000000000e 000000000000038a
0x00007c69902ee0a0:   00007c69902ee180 00007c69a90d76ef
0x00007c69902ee0b0:   00007c691c3eb1d0 00007c69902ee0f0
0x00007c69902ee0c0:   0000000000000088 000001b600000011
0x00007c69902ee0d0:   00007c690000000f 0000000000000078
0x00007c69902ee0e0:   0000000000000070 00007c69201d0160
0x00007c69902ee0f0:   0000000000000000 0000000000000000
0x00007c69902ee100:   00007c69902ee310 00007c6900000300
0x00007c69902ee110:   0000000000000020 00007c69a992e03f
0x00007c69902ee120:   0000000000000000 0000000000000000
0x00007c69902ee130:   0000000000000000 00007c69a992e03f
0x00007c69902ee140:   000003e700000000 00007c69a40f6f00
0x00007c69902ee150:   00007c69902ee4e0 00007c69902ee580
0x00007c69902ee160:   00007c69902ee240 00007c69902ee370
0x00007c69902ee170:   00007c692024cdc0 00007c69902ee310
0x00007c69902ee180:   00007c69902ee460 00007c69a8dc887f
0x00007c69902ee190:   0000000000000000 0000000000000000
0x00007c69902ee1a0:   00000000000003d8 00007c692024d1a8
0x00007c69902ee1b0:   00007c69902ee210 00007c69902ee270
0x00007c69902ee1c0:   00007c691d0d4940 00007c692024cdd0
0x00007c69902ee1d0:   00007c692024cdc0 00007c692024cdd0 

Instructions: (pc=0x00007c69a90e0584)
0x00007c69a90e0484:   74 30 48 c1 e6 03 31 c0 0f 1f 40 00 4c 8b 41 08
0x00007c69a90e0494:   49 8b 51 08 4d 8b 04 00 48 01 c2 48 8b 3a 4c 89
0x00007c69a90e04a4:   02 48 8b 51 08 48 89 3c 02 48 83 c0 08 48 39 c6
0x00007c69a90e04b4:   75 da 41 8b 01 8b 11 41 89 11 8b 51 04 89 01 41
0x00007c69a90e04c4:   8b 41 04 41 89 51 04 89 41 04 c3 90 55 48 89 e5
0x00007c69a90e04d4:   41 57 41 56 41 55 41 54 53 48 89 fb 48 83 ec 18
0x00007c69a90e04e4:   8b 47 0c 83 f8 03 77 65 48 8b 4f 18 89 c2 8d 70
0x00007c69a90e04f4:   01 48 8d 14 d1 48 83 3a 00 0f 85 3c 01 00 00 83
0x00007c69a90e0504:   fe 04 74 49 89 f2 8d 78 02 48 8d 14 d1 48 83 3a
0x00007c69a90e0514:   00 0f 85 20 01 00 00 83 ff 04 74 31 89 fa 8d 70
0x00007c69a90e0524:   03 48 8d 14 d1 48 83 3a 00 0f 85 92 01 00 00 83
0x00007c69a90e0534:   fe 03 75 19 48 83 79 18 00 48 8d 51 18 b8 03 00
0x00007c69a90e0544:   00 00 be 04 00 00 00 0f 85 ee 00 00 00 44 8b 63
0x00007c69a90e0554:   10 8b 53 14 4c 8d 35 e1 97 c5 00 41 39 d4 0f 82
0x00007c69a90e0564:   be 00 00 00 48 83 c4 18 31 c0 5b 41 5c 41 5d 41
0x00007c69a90e0574:   5e 41 5f 5d c3 0f 1f 80 00 00 00 00 48 89 43 18
0x00007c69a90e0584:   48 83 38 00 48 89 c1 0f 85 e6 00 00 00 48 83 78
0x00007c69a90e0594:   08 00 0f 85 f9 00 00 00 48 83 78 10 00 0f 85 fe
0x00007c69a90e05a4:   00 00 00 48 83 78 18 00 0f 85 03 01 00 00 4c 8b
0x00007c69a90e05b4:   7b 28 4d 85 ff 74 5e 49 8b 47 08 4a 8b 14 e8 48
0x00007c69a90e05c4:   89 55 c8 66 48 8d 3d f1 0d c1 00 66 66 48 e8 c9
0x00007c69a90e05d4:   31 9c ff 48 8b 55 c8 48 8b 08 48 8b 89 00 07 00
0x00007c69a90e05e4:   00 48 8b 89 80 00 00 00 48 8b 89 d8 08 00 00 48
0x00007c69a90e05f4:   89 0a 48 8b 00 48 8b 80 00 07 00 00 48 8b 80 80
0x00007c69a90e0604:   00 00 00 48 89 90 d8 08 00 00 49 8b 47 08 4e 89
0x00007c69a90e0614:   34 e8 8b 53 14 41 83 c4 01 41 39 d4 0f 83 42 ff
0x00007c69a90e0624:   ff ff 48 8b 43 20 45 89 e5 4a 8b 04 e8 4c 39 f0
0x00007c69a90e0634:   74 e3 e9 45 ff ff ff 89 f0 89 fe 8b 4b 10 8d 44
0x00007c69a90e0644:   88 fc c1 e0 06 89 43 08 48 8b 12 31 c9 89 73 0c
0x00007c69a90e0654:   f3 48 0f bc ca 48 d3 ea 01 c8 48 83 ea 01 89 43
0x00007c69a90e0664:   08 48 89 13 48 83 c4 18 5b 41 5c 41 5d 41 5e 41
0x00007c69a90e0674:   5f 5d c3 be 01 00 00 00 31 c0 42 8d 04 a0 41 83 


Stack slot to memory mapping:

stack at sp + 0 slots: 0x00007c69902ee130 is pointing into the stack for thread: 0x00007c69a40f8a60
stack at sp + 1 slots: 0x00007c691ccbc900 points into unknown readable memory: 0x0000000040000400 | 00 04 00 40 00 00 00 00
stack at sp + 2 slots: 0x0000000000000002 is an unknown value
stack at sp + 3 slots: 0x000000000000038a is an unknown value
stack at sp + 4 slots: 0x00000000000011b2 is an unknown value
stack at sp + 5 slots: 0x00007c69902ee040 is pointing into the stack for thread: 0x00007c69a40f8a60
stack at sp + 6 slots: 0x00007c691c4c0910 points into unknown readable memory: 0x0000000000000000 | 00 00 00 00 00 00 00 00
stack at sp + 7 slots: 0x00007c69902ee580 is pointing into the stack for thread: 0x00007c69a40f8a60


---------------  P R O C E S S  ---------------

Threads class SMR info:
_java_thread_list=0x00007c69a44580d0, length=26, elements={
0x00007c69a402a600, 0x00007c69a40f1780, 0x00007c69a40f2cb0, 0x00007c69a40f4400,
0x00007c69a40f5a00, 0x00007c69a40f6f60, 0x00007c69a40f8a60, 0x00007c69a40fa0e0,
0x00007c69a4150680, 0x00007c69a41b82e0, 0x00007c69a434d450, 0x00007c69a41f17e0,
0x00007c690c060810, 0x00007c69a41ff800, 0x00007c68f40b70a0, 0x00007c68f44baea0,
0x00007c68f45d5130, 0x00007c68f46b6000, 0x00007c68f46c2e50, 0x00007c68e40126e0,
0x00007c68f4aab790, 0x00007c68e4013da0, 0x00007c68d4000fc0, 0x00007c69a43be0b0,
0x00007c69a4455f80, 0x00007c69a4457090
}

Java Threads: ( => current thread )
  0x00007c69a402a600 JavaThread "main"                              [_thread_blocked, id=139279, stack(0x00007c69a8700000,0x00007c69a8800000) (1024K)]
  0x00007c69a40f1780 JavaThread "Reference Handler"          daemon [_thread_blocked, id=139283, stack(0x00007c69906f2000,0x00007c69907f2000) (1024K)]
  0x00007c69a40f2cb0 JavaThread "Finalizer"                  daemon [_thread_blocked, id=139284, stack(0x00007c69905f2000,0x00007c69906f2000) (1024K)]
  0x00007c69a40f4400 JavaThread "Signal Dispatcher"          daemon [_thread_blocked, id=139285, stack(0x00007c69904f2000,0x00007c69905f2000) (1024K)]
  0x00007c69a40f5a00 JavaThread "Service Thread"             daemon [_thread_blocked, id=139286, stack(0x00007c69903f2000,0x00007c69904f2000) (1024K)]
  0x00007c69a40f6f60 JavaThread "Monitor Deflation Thread"   daemon [_thread_blocked, id=139287, stack(0x00007c69902f2000,0x00007c69903f2000) (1024K)]
=>0x00007c69a40f8a60 JavaThread "C2 CompilerThread0"         daemon [_thread_in_native, id=139288, stack(0x00007c69901f2000,0x00007c69902f2000) (1024K)]
  0x00007c69a40fa0e0 JavaThread "C1 CompilerThread0"         daemon [_thread_blocked, id=139289, stack(0x00007c69900f2000,0x00007c69901f2000) (1024K)]
  0x00007c69a4150680 JavaThread "Common-Cleaner"             daemon [_thread_blocked, id=139292, stack(0x00007c6946100000,0x00007c6946200000) (1024K)]
  0x00007c69a41b82e0 JavaThread "Notification Thread"        daemon [_thread_blocked, id=139319, stack(0x00007c6946000000,0x00007c6946100000) (1024K)]
  0x00007c69a434d450 JavaThread "Active Thread: Equinox Container: 74c0d485-f61f-4289-95c2-70acf0b51693"        [_thread_blocked, id=139417, stack(0x00007c6945afd000,0x00007c6945bfd000) (1024K)]
  0x00007c69a41f17e0 JavaThread "Refresh Thread: Equinox Container: 74c0d485-f61f-4289-95c2-70acf0b51693" daemon [_thread_blocked, id=139450, stack(0x00007c6945f00000,0x00007c6946000000) (1024K)]
  0x00007c690c060810 JavaThread "Framework Event Dispatcher: Equinox Container: 74c0d485-f61f-4289-95c2-70acf0b51693" daemon [_thread_blocked, id=139478, stack(0x00007c69459fd000,0x00007c6945afd000) (1024K)]
  0x00007c69a41ff800 JavaThread "Start Level: Equinox Container: 74c0d485-f61f-4289-95c2-70acf0b51693" daemon [_thread_blocked, id=139481, stack(0x00007c69458fd000,0x00007c69459fd000) (1024K)]
  0x00007c68f40b70a0 JavaThread "Bundle File Closer"         daemon [_thread_blocked, id=139510, stack(0x00007c69457fd000,0x00007c69458fd000) (1024K)]
  0x00007c68f44baea0 JavaThread "SCR Component Actor"        daemon [_thread_blocked, id=139521, stack(0x00007c69456fd000,0x00007c69457fd000) (1024K)]
  0x00007c68f45d5130 JavaThread "Worker-JM"                         [_thread_blocked, id=139539, stack(0x00007c69455fd000,0x00007c69456fd000) (1024K)]
  0x00007c68f46b6000 JavaThread "Worker-0"                          [_thread_blocked, id=139566, stack(0x00007c69454fd000,0x00007c69455fd000) (1024K)]
  0x00007c68f46c2e50 JavaThread "Worker-1: Repository registry initialization"        [_thread_in_vm, id=139567, stack(0x00007c69453fd000,0x00007c69454fd000) (1024K)]
  0x00007c68e40126e0 JavaThread "Worker-2: Initialize After Load"        [_thread_in_native, id=139609, stack(0x00007c69452fd000,0x00007c69453fd000) (1024K)]
  0x00007c68f4aab790 JavaThread "Java indexing"              daemon [_thread_blocked, id=139618, stack(0x00007c69451fd000,0x00007c69452fd000) (1024K)]
  0x00007c68e4013da0 JavaThread "Worker-3"                          [_thread_blocked, id=139627, stack(0x00007c69450fd000,0x00007c69451fd000) (1024K)]
  0x00007c68d4000fc0 JavaThread "Worker-4"                          [_thread_blocked, id=139636, stack(0x00007c6944ffd000,0x00007c69450fd000) (1024K)]
  0x00007c69a43be0b0 JavaThread "pool-2-thread-1"                   [_thread_blocked, id=139638, stack(0x00007c6944efd000,0x00007c6944ffd000) (1024K)]
  0x00007c69a4455f80 JavaThread "WorkspaceEventsHandler"            [_thread_blocked, id=139648, stack(0x00007c6944dfd000,0x00007c6944efd000) (1024K)]
  0x00007c69a4457090 JavaThread "pool-1-thread-1"                   [_thread_blocked, id=139649, stack(0x00007c6944cfd000,0x00007c6944dfd000) (1024K)]
Total: 26

Other Threads:
  0x00007c69a40e83b0 VMThread "VM Thread"                           [id=139282, stack(0x00007c69907f3000,0x00007c69908f3000) (1024K)]
  0x00007c69a40525a0 WatcherThread "VM Periodic Task Thread"        [id=139281, stack(0x00007c6991500000,0x00007c6991600000) (1024K)]
  0x00007c69a40435f0 WorkerThread "GC Thread#0"                     [id=139280, stack(0x00007c69a8029000,0x00007c69a8129000) (1024K)]
  0x00007c6934000ee0 WorkerThread "GC Thread#1"                     [id=139375, stack(0x00007c6945e00000,0x00007c6945f00000) (1024K)]
  0x00007c6934002d10 WorkerThread "GC Thread#2"                     [id=139376, stack(0x00007c6945cff000,0x00007c6945dff000) (1024K)]
  0x00007c69340037f0 WorkerThread "GC Thread#3"                     [id=139377, stack(0x00007c6945bfe000,0x00007c6945cfe000) (1024K)]
Total: 6

Threads with active compile tasks:
C2 CompilerThread0  24273 4821       4       org.eclipse.osgi.internal.serviceregistry.ServiceRegistry::notifyHooksPrivileged (57 bytes)
Total: 1

VM state: not at safepoint (normal execution)

VM Mutex/Monitor currently owned by a thread: None

Heap address: 0x0000000080000000, size: 2048 MB, Compressed Oops mode: 32-bit

CDS archive(s) mapped at: [0x00007c6947000000-0x00007c6947bbe000-0x00007c6947bbe000), size 12312576, SharedBaseAddress: 0x00007c6947000000, ArchiveRelocationMode: 1.
Compressed class space mapped at: 0x00007c6948000000-0x00007c6988000000, reserved size: 1073741824
Narrow klass base: 0x00007c6947000000, Narrow klass shift: 0, Narrow klass range: 0x100000000

GC Precious Log:
 CardTable entry size: 512
 CPUs: 4 total, 4 available
 Memory: 11332M
 Large Page Support: Disabled
 NUMA Support: Disabled
 Compressed Oops: Enabled (32-bit)
 Alignments: Space 512K, Generation 512K, Heap 2M
 Heap Min Capacity: 100M
 Heap Initial Capacity: 100M
 Heap Max Capacity: 2G
 Pre-touch: Disabled
 Parallel Workers: 4

Heap:
 PSYoungGen      total 23552K, used 19212K [0x00000000d5580000, 0x00000000d7180000, 0x0000000100000000)
  eden space 22016K, 80% used [0x00000000d5580000,0x00000000d66e72b0,0x00000000d6b00000)
  from space 1536K, 90% used [0x00000000d6f00000,0x00000000d705c010,0x00000000d7080000)
  to   space 1024K, 0% used [0x00000000d7080000,0x00000000d7080000,0x00000000d7180000)
 ParOldGen       total 68608K, used 20407K [0x0000000080000000, 0x0000000084300000, 0x00000000d5580000)
  object space 68608K, 29% used [0x0000000080000000,0x00000000813edff0,0x0000000084300000)
 Metaspace       used 41715K, committed 42880K, reserved 1114112K
  class space    used 4501K, committed 4992K, reserved 1048576K

Card table byte_map: [0x00007c69a8129000,0x00007c69a852a000] _byte_map_base: 0x00007c69a7d29000

Marking Bits: (ParMarkBitMap*) 0x00007c69a9d5a120
 Begin Bits: [0x00007c6988000000, 0x00007c698a000000)
 End Bits:   [0x00007c698a000000, 0x00007c698c000000)

Polling page: 0x00007c69aa257000

Metaspace:

Usage:
  Non-class:     36.34 MB used.
      Class:      4.40 MB used.
       Both:     40.74 MB used.

Virtual space:
  Non-class space:       64.00 MB reserved,      37.00 MB ( 58%) committed,  1 nodes.
      Class space:        1.00 GB reserved,       4.88 MB ( <1%) committed,  1 nodes.
             Both:        1.06 GB reserved,      41.88 MB (  4%) committed. 

Chunk freelists:
   Non-Class:  10.98 MB
       Class:  10.95 MB
        Both:  21.94 MB

MaxMetaspaceSize: unlimited
CompressedClassSpaceSize: 1.00 GB
Initial GC threshold: 21.00 MB
Current GC threshold: 58.38 MB
CDS: on
 - commit_granule_bytes: 65536.
 - commit_granule_words: 8192.
 - virtual_space_node_default_size: 8388608.
 - enlarge_chunks_in_place: 1.
 - use_allocation_guard: 0.


Internal statistics:

num_allocs_failed_limit: 6.
num_arena_births: 882.
num_arena_deaths: 14.
num_vsnodes_births: 2.
num_vsnodes_deaths: 0.
num_space_committed: 670.
num_space_uncommitted: 0.
num_chunks_returned_to_freelist: 20.
num_chunks_taken_from_freelist: 2833.
num_chunk_merges: 12.
num_chunk_splits: 1723.
num_chunks_enlarged: 906.
num_inconsistent_stats: 0.

CodeHeap 'non-profiled nmethods': size=120032Kb used=1800Kb max_used=1945Kb free=118231Kb
 bounds [0x00007c69998c8000, 0x00007c6999b38000, 0x00007c69a0e00000]
CodeHeap 'profiled nmethods': size=120028Kb used=8942Kb max_used=8942Kb free=111085Kb
 bounds [0x00007c6991e00000, 0x00007c69926d0000, 0x00007c6999337000]
CodeHeap 'non-nmethods': size=5700Kb used=1341Kb max_used=1394Kb free=4358Kb
 bounds [0x00007c6999337000, 0x00007c69995a7000, 0x00007c69998c8000]
CodeCache: size=245760Kb, used=12083Kb, max_used=12281Kb, free=233674Kb
 total_blobs=5176, nmethods=4531, adapters=552, full_count=0
Compilation: enabled, stopped_count=0, restarted_count=0

Compilation events (20 events):
Event: 24.137 Thread 0x00007c69a40fa0e0 5046       3       java.util.Arrays::hashCode (59 bytes)
Event: 24.137 Thread 0x00007c69a40fa0e0 nmethod 5046 0x00007c6991f3b090 code [0x00007c6991f3b260, 0x00007c6991f3b4e0]
Event: 24.137 Thread 0x00007c69a40fa0e0 5044       2       java.lang.reflect.Executable::synthesizeAllParams (57 bytes)
Event: 24.145 Thread 0x00007c69a40fa0e0 nmethod 5044 0x00007c6991f3a690 code [0x00007c6991f3a880, 0x00007c6991f3ade0]
Event: 24.145 Thread 0x00007c69a40fa0e0 5050       3       jdk.internal.util.ArraysSupport::hashCode (33 bytes)
Event: 24.145 Thread 0x00007c69a40fa0e0 nmethod 5050 0x00007c6991f3a210 code [0x00007c6991f3a3c0, 0x00007c6991f3a580]
Event: 24.145 Thread 0x00007c69a40fa0e0 5049       3       com.google.inject.internal.MoreTypes::getRawType (141 bytes)
Event: 24.146 Thread 0x00007c69a40fa0e0 nmethod 5049 0x00007c6991ee1390 code [0x00007c6991ee1740, 0x00007c6991ee3078]
Event: 24.146 Thread 0x00007c69a40fa0e0 5051       2       com.google.common.collect.ImmutableList::iterator (5 bytes)
Event: 24.146 Thread 0x00007c69a40fa0e0 nmethod 5051 0x00007c6991f39e90 code [0x00007c6991f3a040, 0x00007c6991f3a170]
Event: 24.146 Thread 0x00007c69a40fa0e0 5047       1       com.google.inject.spi.Dependency::getKey (5 bytes)
Event: 24.147 Thread 0x00007c69a40fa0e0 nmethod 5047 0x00007c69999a1690 code [0x00007c69999a1820, 0x00007c69999a18e0]
Event: 24.147 Thread 0x00007c69a40fa0e0 5048       1       com.google.inject.Key$NullAnnotationStrategy::hasAttributes (2 bytes)
Event: 24.147 Thread 0x00007c69a40fa0e0 nmethod 5048 0x00007c69999a1390 code [0x00007c69999a1520, 0x00007c69999a15e0]
Event: 24.147 Thread 0x00007c69a40fa0e0 5045       2       java.lang.reflect.Executable$ParameterData::<init> (15 bytes)
Event: 24.147 Thread 0x00007c69a40fa0e0 nmethod 5045 0x00007c6991f39b10 code [0x00007c6991f39ca0, 0x00007c6991f39dc0]
Event: 24.155 Thread 0x00007c69a40fa0e0 5052       2       java.util.stream.ReduceOps$3ReducingSink::accept (15 bytes)
Event: 24.156 Thread 0x00007c69a40fa0e0 nmethod 5052 0x00007c6991f39790 code [0x00007c6991f39940, 0x00007c6991f39a78]
Event: 24.167 Thread 0x00007c69a40fa0e0 5053       3       java.util.Spliterators$ArraySpliterator::forEachRemaining (68 bytes)
Event: 24.168 Thread 0x00007c69a40fa0e0 nmethod 5053 0x00007c6991f38f90 code [0x00007c6991f39160, 0x00007c6991f395b0]

GC Heap History (20 events):
Event: 17.854 GC heap before
{Heap before GC invocations=8 (full 1):
 PSYoungGen      total 29184K, used 4554K [0x00000000d5580000, 0x00000000d7680000, 0x0000000100000000)
  eden space 24576K, 0% used [0x00000000d5580000,0x00000000d5580000,0x00000000d6d80000)
  from space 4608K, 98% used [0x00000000d6e80000,0x00000000d72f2a78,0x00000000d7300000)
  to   space 3584K, 0% used [0x00000000d7300000,0x00000000d7300000,0x00000000d7680000)
 ParOldGen       total 68608K, used 9505K [0x0000000080000000, 0x0000000084300000, 0x00000000d5580000)
  object space 68608K, 13% used [0x0000000080000000,0x0000000080948560,0x0000000084300000)
 Metaspace       used 20565K, committed 21504K, reserved 1114112K
  class space    used 2189K, committed 2624K, reserved 1048576K
}
Event: 18.036 GC heap after
{Heap after GC invocations=8 (full 1):
 PSYoungGen      total 29184K, used 0K [0x00000000d5580000, 0x00000000d7680000, 0x0000000100000000)
  eden space 24576K, 0% used [0x00000000d5580000,0x00000000d5580000,0x00000000d6d80000)
  from space 4608K, 0% used [0x00000000d6e80000,0x00000000d6e80000,0x00000000d7300000)
  to   space 3584K, 0% used [0x00000000d7300000,0x00000000d7300000,0x00000000d7680000)
 ParOldGen       total 68608K, used 13542K [0x0000000080000000, 0x0000000084300000, 0x00000000d5580000)
  object space 68608K, 19% used [0x0000000080000000,0x0000000080d39bf0,0x0000000084300000)
 Metaspace       used 20552K, committed 21504K, reserved 1114112K
  class space    used 2185K, committed 2624K, reserved 1048576K
}
Event: 19.016 GC heap before
{Heap before GC invocations=9 (full 1):
 PSYoungGen      total 29184K, used 24576K [0x00000000d5580000, 0x00000000d7680000, 0x0000000100000000)
  eden space 24576K, 100% used [0x00000000d5580000,0x00000000d6d80000,0x00000000d6d80000)
  from space 4608K, 0% used [0x00000000d6e80000,0x00000000d6e80000,0x00000000d7300000)
  to   space 3584K, 0% used [0x00000000d7300000,0x00000000d7300000,0x00000000d7680000)
 ParOldGen       total 68608K, used 13542K [0x0000000080000000, 0x0000000084300000, 0x00000000d5580000)
  object space 68608K, 19% used [0x0000000080000000,0x0000000080d39bf0,0x0000000084300000)
 Metaspace       used 23146K, committed 24000K, reserved 1114112K
  class space    used 2349K, committed 2752K, reserved 1048576K
}
Event: 19.034 GC heap after
{Heap after GC invocations=9 (full 1):
 PSYoungGen      total 24576K, used 416K [0x00000000d5580000, 0x00000000d7380000, 0x0000000100000000)
  eden space 24064K, 0% used [0x00000000d5580000,0x00000000d5580000,0x00000000d6d00000)
  from space 512K, 81% used [0x00000000d7300000,0x00000000d7368000,0x00000000d7380000)
  to   space 2048K, 0% used [0x00000000d6f80000,0x00000000d6f80000,0x00000000d7180000)
 ParOldGen       total 68608K, used 13542K [0x0000000080000000, 0x0000000084300000, 0x00000000d5580000)
  object space 68608K, 19% used [0x0000000080000000,0x0000000080d39bf0,0x0000000084300000)
 Metaspace       used 23146K, committed 24000K, reserved 1114112K
  class space    used 2349K, committed 2752K, reserved 1048576K
}
Event: 19.750 GC heap before
{Heap before GC invocations=10 (full 1):
 PSYoungGen      total 24576K, used 24324K [0x00000000d5580000, 0x00000000d7380000, 0x0000000100000000)
  eden space 24064K, 99% used [0x00000000d5580000,0x00000000d6cd91f0,0x00000000d6d00000)
  from space 512K, 81% used [0x00000000d7300000,0x00000000d7368000,0x00000000d7380000)
  to   space 2048K, 0% used [0x00000000d6f80000,0x00000000d6f80000,0x00000000d7180000)
 ParOldGen       total 68608K, used 13542K [0x0000000080000000, 0x0000000084300000, 0x00000000d5580000)
  object space 68608K, 19% used [0x0000000080000000,0x0000000080d39bf0,0x0000000084300000)
 Metaspace       used 26629K, committed 27584K, reserved 1114112K
  class space    used 2754K, committed 3136K, reserved 1048576K
}
Event: 19.776 GC heap after
{Heap after GC invocations=10 (full 1):
 PSYoungGen      total 25600K, used 736K [0x00000000d5580000, 0x00000000d7380000, 0x0000000100000000)
  eden space 23552K, 0% used [0x00000000d5580000,0x00000000d5580000,0x00000000d6c80000)
  from space 2048K, 35% used [0x00000000d6f80000,0x00000000d7038000,0x00000000d7180000)
  to   space 1024K, 0% used [0x00000000d7280000,0x00000000d7280000,0x00000000d7380000)
 ParOldGen       total 68608K, used 13550K [0x0000000080000000, 0x0000000084300000, 0x00000000d5580000)
  object space 68608K, 19% used [0x0000000080000000,0x0000000080d3bbf0,0x0000000084300000)
 Metaspace       used 26629K, committed 27584K, reserved 1114112K
  class space    used 2754K, committed 3136K, reserved 1048576K
}
Event: 20.294 GC heap before
{Heap before GC invocations=11 (full 1):
 PSYoungGen      total 25600K, used 24288K [0x00000000d5580000, 0x00000000d7380000, 0x0000000100000000)
  eden space 23552K, 100% used [0x00000000d5580000,0x00000000d6c80000,0x00000000d6c80000)
  from space 2048K, 35% used [0x00000000d6f80000,0x00000000d7038000,0x00000000d7180000)
  to   space 1024K, 0% used [0x00000000d7280000,0x00000000d7280000,0x00000000d7380000)
 ParOldGen       total 68608K, used 13550K [0x0000000080000000, 0x0000000084300000, 0x00000000d5580000)
  object space 68608K, 19% used [0x0000000080000000,0x0000000080d3bbf0,0x0000000084300000)
 Metaspace       used 28223K, committed 29120K, reserved 1114112K
  class space    used 2897K, committed 3264K, reserved 1048576K
}
Event: 20.308 GC heap after
{Heap after GC invocations=11 (full 1):
 PSYoungGen      total 24064K, used 686K [0x00000000d5580000, 0x00000000d7380000, 0x0000000100000000)
  eden space 23040K, 0% used [0x00000000d5580000,0x00000000d5580000,0x00000000d6c00000)
  from space 1024K, 67% used [0x00000000d7280000,0x00000000d732b890,0x00000000d7380000)
  to   space 1024K, 0% used [0x00000000d7180000,0x00000000d7180000,0x00000000d7280000)
 ParOldGen       total 68608K, used 15417K [0x0000000080000000, 0x0000000084300000, 0x00000000d5580000)
  object space 68608K, 22% used [0x0000000080000000,0x0000000080f0e610,0x0000000084300000)
 Metaspace       used 28223K, committed 29120K, reserved 1114112K
  class space    used 2897K, committed 3264K, reserved 1048576K
}
Event: 20.967 GC heap before
{Heap before GC invocations=12 (full 1):
 PSYoungGen      total 24064K, used 23726K [0x00000000d5580000, 0x00000000d7380000, 0x0000000100000000)
  eden space 23040K, 100% used [0x00000000d5580000,0x00000000d6c00000,0x00000000d6c00000)
  from space 1024K, 67% used [0x00000000d7280000,0x00000000d732b890,0x00000000d7380000)
  to   space 1024K, 0% used [0x00000000d7180000,0x00000000d7180000,0x00000000d7280000)
 ParOldGen       total 68608K, used 15417K [0x0000000080000000, 0x0000000084300000, 0x00000000d5580000)
  object space 68608K, 22% used [0x0000000080000000,0x0000000080f0e610,0x0000000084300000)
 Metaspace       used 30028K, committed 30976K, reserved 1114112K
  class space    used 3091K, committed 3456K, reserved 1048576K
}
Event: 20.991 GC heap after
{Heap after GC invocations=12 (full 1):
 PSYoungGen      total 23552K, used 994K [0x00000000d5580000, 0x00000000d7300000, 0x0000000100000000)
  eden space 22528K, 0% used [0x00000000d5580000,0x00000000d5580000,0x00000000d6b80000)
  from space 1024K, 97% used [0x00000000d7180000,0x00000000d7278890,0x00000000d7280000)
  to   space 512K, 0% used [0x00000000d7280000,0x00000000d7280000,0x00000000d7300000)
 ParOldGen       total 68608K, used 16065K [0x0000000080000000, 0x0000000084300000, 0x00000000d5580000)
  object space 68608K, 23% used [0x0000000080000000,0x0000000080fb06f8,0x0000000084300000)
 Metaspace       used 30028K, committed 30976K, reserved 1114112K
  class space    used 3091K, committed 3456K, reserved 1048576K
}
Event: 21.683 GC heap before
{Heap before GC invocations=13 (full 1):
 PSYoungGen      total 23552K, used 23522K [0x00000000d5580000, 0x00000000d7300000, 0x0000000100000000)
  eden space 22528K, 100% used [0x00000000d5580000,0x00000000d6b80000,0x00000000d6b80000)
  from space 1024K, 97% used [0x00000000d7180000,0x00000000d7278890,0x00000000d7280000)
  to   space 512K, 0% used [0x00000000d7280000,0x00000000d7280000,0x00000000d7300000)
 ParOldGen       total 68608K, used 16065K [0x0000000080000000, 0x0000000084300000, 0x00000000d5580000)
  object space 68608K, 23% used [0x0000000080000000,0x0000000080fb06f8,0x0000000084300000)
 Metaspace       used 32751K, committed 33792K, reserved 1114112K
  class space    used 3387K, committed 3840K, reserved 1048576K
}
Event: 21.701 GC heap after
{Heap after GC invocations=13 (full 1):
 PSYoungGen      total 22528K, used 488K [0x00000000d5580000, 0x00000000d7300000, 0x0000000100000000)
  eden space 22016K, 0% used [0x00000000d5580000,0x00000000d5580000,0x00000000d6b00000)
  from space 512K, 95% used [0x00000000d7280000,0x00000000d72fa3f0,0x00000000d7300000)
  to   space 2560K, 0% used [0x00000000d6e00000,0x00000000d6e00000,0x00000000d7080000)
 ParOldGen       total 68608K, used 17575K [0x0000000080000000, 0x0000000084300000, 0x00000000d5580000)
  object space 68608K, 25% used [0x0000000080000000,0x0000000081129e70,0x0000000084300000)
 Metaspace       used 32751K, committed 33792K, reserved 1114112K
  class space    used 3387K, committed 3840K, reserved 1048576K
}
Event: 22.094 GC heap before
{Heap before GC invocations=14 (full 1):
 PSYoungGen      total 22528K, used 20986K [0x00000000d5580000, 0x00000000d7300000, 0x0000000100000000)
  eden space 22016K, 93% used [0x00000000d5580000,0x00000000d6984440,0x00000000d6b00000)
  from space 512K, 95% used [0x00000000d7280000,0x00000000d72fa3f0,0x00000000d7300000)
  to   space 2560K, 0% used [0x00000000d6e00000,0x00000000d6e00000,0x00000000d7080000)
 ParOldGen       total 68608K, used 17575K [0x0000000080000000, 0x0000000084300000, 0x00000000d5580000)
  object space 68608K, 25% used [0x0000000080000000,0x0000000081129e70,0x0000000084300000)
 Metaspace       used 34796K, committed 35840K, reserved 1114112K
  class space    used 3643K, committed 4096K, reserved 1048576K
}
Event: 22.109 GC heap after
{Heap after GC invocations=14 (full 1):
 PSYoungGen      total 24576K, used 1545K [0x00000000d5580000, 0x00000000d7300000, 0x0000000100000000)
  eden space 22016K, 0% used [0x00000000d5580000,0x00000000d5580000,0x00000000d6b00000)
  from space 2560K, 60% used [0x00000000d6e00000,0x00000000d6f82718,0x00000000d7080000)
  to   space 2048K, 0% used [0x00000000d7100000,0x00000000d7100000,0x00000000d7300000)
 ParOldGen       total 68608K, used 18057K [0x0000000080000000, 0x0000000084300000, 0x00000000d5580000)
  object space 68608K, 26% used [0x0000000080000000,0x00000000811a2600,0x0000000084300000)
 Metaspace       used 34796K, committed 35840K, reserved 1114112K
  class space    used 3643K, committed 4096K, reserved 1048576K
}
Event: 22.109 GC heap before
{Heap before GC invocations=15 (full 2):
 PSYoungGen      total 24576K, used 1545K [0x00000000d5580000, 0x00000000d7300000, 0x0000000100000000)
  eden space 22016K, 0% used [0x00000000d5580000,0x00000000d5580000,0x00000000d6b00000)
  from space 2560K, 60% used [0x00000000d6e00000,0x00000000d6f82718,0x00000000d7080000)
  to   space 2048K, 0% used [0x00000000d7100000,0x00000000d7100000,0x00000000d7300000)
 ParOldGen       total 68608K, used 18057K [0x0000000080000000, 0x0000000084300000, 0x00000000d5580000)
  object space 68608K, 26% used [0x0000000080000000,0x00000000811a2600,0x0000000084300000)
 Metaspace       used 34796K, committed 35840K, reserved 1114112K
  class space    used 3643K, committed 4096K, reserved 1048576K
}
Event: 22.423 GC heap after
{Heap after GC invocations=15 (full 2):
 PSYoungGen      total 24576K, used 0K [0x00000000d5580000, 0x00000000d7300000, 0x0000000100000000)
  eden space 22016K, 0% used [0x00000000d5580000,0x00000000d5580000,0x00000000d6b00000)
  from space 2560K, 0% used [0x00000000d6e00000,0x00000000d6e00000,0x00000000d7080000)
  to   space 2048K, 0% used [0x00000000d7100000,0x00000000d7100000,0x00000000d7300000)
 ParOldGen       total 68608K, used 18663K [0x0000000080000000, 0x0000000084300000, 0x00000000d5580000)
  object space 68608K, 27% used [0x0000000080000000,0x0000000081239fb0,0x0000000084300000)
 Metaspace       used 34796K, committed 35840K, reserved 1114112K
  class space    used 3643K, committed 4096K, reserved 1048576K
}
Event: 23.113 GC heap before
{Heap before GC invocations=16 (full 2):
 PSYoungGen      total 24576K, used 22016K [0x00000000d5580000, 0x00000000d7300000, 0x0000000100000000)
  eden space 22016K, 100% used [0x00000000d5580000,0x00000000d6b00000,0x00000000d6b00000)
  from space 2560K, 0% used [0x00000000d6e00000,0x00000000d6e00000,0x00000000d7080000)
  to   space 2048K, 0% used [0x00000000d7100000,0x00000000d7100000,0x00000000d7300000)
 ParOldGen       total 68608K, used 18663K [0x0000000080000000, 0x0000000084300000, 0x00000000d5580000)
  object space 68608K, 27% used [0x0000000080000000,0x0000000081239fb0,0x0000000084300000)
 Metaspace       used 37436K, committed 38592K, reserved 1114112K
  class space    used 3984K, committed 4480K, reserved 1048576K
}
Event: 23.143 GC heap after
{Heap after GC invocations=16 (full 2):
 PSYoungGen      total 24064K, used 1904K [0x00000000d5580000, 0x00000000d7300000, 0x0000000100000000)
  eden space 22016K, 0% used [0x00000000d5580000,0x00000000d5580000,0x00000000d6b00000)
  from space 2048K, 92% used [0x00000000d7100000,0x00000000d72dc010,0x00000000d7300000)
  to   space 2048K, 0% used [0x00000000d6f00000,0x00000000d6f00000,0x00000000d7100000)
 ParOldGen       total 68608K, used 18671K [0x0000000080000000, 0x0000000084300000, 0x00000000d5580000)
  object space 68608K, 27% used [0x0000000080000000,0x000000008123bfb0,0x0000000084300000)
 Metaspace       used 37436K, committed 38592K, reserved 1114112K
  class space    used 3984K, committed 4480K, reserved 1048576K
}
Event: 23.639 GC heap before
{Heap before GC invocations=17 (full 2):
 PSYoungGen      total 24064K, used 23920K [0x00000000d5580000, 0x00000000d7300000, 0x0000000100000000)
  eden space 22016K, 100% used [0x00000000d5580000,0x00000000d6b00000,0x00000000d6b00000)
  from space 2048K, 92% used [0x00000000d7100000,0x00000000d72dc010,0x00000000d7300000)
  to   space 2048K, 0% used [0x00000000d6f00000,0x00000000d6f00000,0x00000000d7100000)
 ParOldGen       total 68608K, used 18671K [0x0000000080000000, 0x0000000084300000, 0x00000000d5580000)
  object space 68608K, 27% used [0x0000000080000000,0x000000008123bfb0,0x0000000084300000)
 Metaspace       used 39780K, committed 40960K, reserved 1114112K
  class space    used 4278K, committed 4800K, reserved 1048576K
}
Event: 23.658 GC heap after
{Heap after GC invocations=17 (full 2):
 PSYoungGen      total 23552K, used 1392K [0x00000000d5580000, 0x00000000d7180000, 0x0000000100000000)
  eden space 22016K, 0% used [0x00000000d5580000,0x00000000d5580000,0x00000000d6b00000)
  from space 1536K, 90% used [0x00000000d6f00000,0x00000000d705c010,0x00000000d7080000)
  to   space 1024K, 0% used [0x00000000d7080000,0x00000000d7080000,0x00000000d7180000)
 ParOldGen       total 68608K, used 20407K [0x0000000080000000, 0x0000000084300000, 0x00000000d5580000)
  object space 68608K, 29% used [0x0000000080000000,0x00000000813edff0,0x0000000084300000)
 Metaspace       used 39780K, committed 40960K, reserved 1114112K
  class space    used 4278K, committed 4800K, reserved 1048576K
}

Dll operation events (9 events):
Event: 0.006 Loaded shared library /home/aakash/.antigravity/extensions/redhat.java-1.50.0-linux-x64/jre/21.0.9-linux-x86_64/lib/libjava.so
Event: 0.306 Loaded shared library /home/aakash/.antigravity/extensions/redhat.java-1.50.0-linux-x64/jre/21.0.9-linux-x86_64/lib/libzip.so
Event: 0.475 Loaded shared library /home/aakash/.antigravity/extensions/redhat.java-1.50.0-linux-x64/jre/21.0.9-linux-x86_64/lib/libinstrument.so
Event: 0.492 Loaded shared library /home/aakash/.antigravity/extensions/redhat.java-1.50.0-linux-x64/jre/21.0.9-linux-x86_64/lib/libnio.so
Event: 0.512 Loaded shared library /home/aakash/.antigravity/extensions/redhat.java-1.50.0-linux-x64/jre/21.0.9-linux-x86_64/lib/libzip.so
Event: 0.716 Loaded shared library /home/aakash/.antigravity/extensions/redhat.java-1.50.0-linux-x64/jre/21.0.9-linux-x86_64/lib/libjimage.so
Event: 1.273 Loaded shared library /home/aakash/.antigravity/extensions/redhat.java-1.50.0-linux-x64/jre/21.0.9-linux-x86_64/lib/libverify.so
Event: 4.407 Loaded shared library /home/aakash/.antigravity/extensions/redhat.java-1.50.0-linux-x64/jre/21.0.9-linux-x86_64/lib/libnet.so
Event: 7.997 Loaded shared library /home/aakash/.config/Antigravity/User/globalStorage/redhat.java/1.50.0/config_linux/org.eclipse.equinox.launcher/org.eclipse.equinox.launcher.gtk.linux.x86_64_1.2.1500.v20250801-0854/eclipse_11916.so

Deoptimization events (20 events):
Event: 23.556 Thread 0x00007c69a402a600 Uncommon trap: trap_request=0xffffff45 fr.pc=0x00007c69998fec48 relative=0x00000000000000a8
Event: 23.556 Thread 0x00007c69a402a600 Uncommon trap: reason=unstable_if action=reinterpret pc=0x00007c69998fec48 method=java.lang.CharacterDataLatin1.digit(II)I @ 7 c2
Event: 23.556 Thread 0x00007c69a402a600 DEOPT PACKING pc=0x00007c69998fec48 sp=0x00007c69a87fd900
Event: 23.556 Thread 0x00007c69a402a600 DEOPT UNPACKING pc=0x00007c699938a399 sp=0x00007c69a87fd8a0 mode 2
Event: 23.572 Thread 0x00007c69a402a600 Uncommon trap: trap_request=0xffffff45 fr.pc=0x00007c6999a16108 relative=0x00000000000006e8
Event: 23.572 Thread 0x00007c69a402a600 Uncommon trap: reason=unstable_if action=reinterpret pc=0x00007c6999a16108 method=java.util.regex.Pattern$BmpCharPropertyGreedy.match(Ljava/util/regex/Matcher;ILjava/lang/CharSequence;)Z @ 12 c2
Event: 23.572 Thread 0x00007c69a402a600 DEOPT PACKING pc=0x00007c6999a16108 sp=0x00007c69a87fd2b0
Event: 23.572 Thread 0x00007c69a402a600 DEOPT UNPACKING pc=0x00007c699938a399 sp=0x00007c69a87fd198 mode 2
Event: 23.737 Thread 0x00007c68e40126e0 Uncommon trap: trap_request=0xffffff45 fr.pc=0x00007c6999a97b00 relative=0x0000000000000320
Event: 23.737 Thread 0x00007c68e40126e0 Uncommon trap: reason=unstable_if action=reinterpret pc=0x00007c6999a97b00 method=java.nio.charset.CharsetDecoder.decode(Ljava/nio/ByteBuffer;Ljava/nio/CharBuffer;Z)Ljava/nio/charset/CoderResult; @ 1 c2
Event: 23.737 Thread 0x00007c68e40126e0 DEOPT PACKING pc=0x00007c6999a97b00 sp=0x00007c69453fac30
Event: 23.737 Thread 0x00007c68e40126e0 DEOPT UNPACKING pc=0x00007c699938a399 sp=0x00007c69453fabf8 mode 2
Event: 23.855 Thread 0x00007c69a4457090 Uncommon trap: trap_request=0xffffff45 fr.pc=0x00007c6999904488 relative=0x00000000000014c8
Event: 23.855 Thread 0x00007c69a4457090 Uncommon trap: reason=unstable_if action=reinterpret pc=0x00007c6999904488 method=com.google.gson.stream.JsonReader.nextQuotedValue(C)Ljava/lang/String; @ 231 c2
Event: 23.855 Thread 0x00007c69a4457090 DEOPT PACKING pc=0x00007c6999904488 sp=0x00007c6944dfabf0
Event: 23.855 Thread 0x00007c69a4457090 DEOPT UNPACKING pc=0x00007c699938a399 sp=0x00007c6944dfabe0 mode 2
Event: 23.879 Thread 0x00007c69a4457090 Uncommon trap: trap_request=0xffffff45 fr.pc=0x00007c6999a518c4 relative=0x0000000000000984
Event: 23.879 Thread 0x00007c69a4457090 Uncommon trap: reason=unstable_if action=reinterpret pc=0x00007c6999a518c4 method=org.eclipse.osgi.internal.loader.BundleLoader.getPackageName(Ljava/lang/String;)Ljava/lang/String; @ 12 c2
Event: 23.879 Thread 0x00007c69a4457090 DEOPT PACKING pc=0x00007c6999a518c4 sp=0x00007c6944dfa2b0
Event: 23.879 Thread 0x00007c69a4457090 DEOPT UNPACKING pc=0x00007c699938a399 sp=0x00007c6944dfa220 mode 2

Classes loaded (20 events):
Event: 23.724 Loading class sun/nio/cs/ThreadLocalCoders
Event: 23.725 Loading class sun/nio/cs/ThreadLocalCoders done
Event: 23.725 Loading class sun/nio/cs/ThreadLocalCoders$1
Event: 23.726 Loading class sun/nio/cs/ThreadLocalCoders$Cache
Event: 23.727 Loading class sun/nio/cs/ThreadLocalCoders$Cache done
Event: 23.727 Loading class sun/nio/cs/ThreadLocalCoders$1 done
Event: 23.727 Loading class sun/nio/cs/ThreadLocalCoders$2
Event: 23.737 Loading class sun/nio/cs/ThreadLocalCoders$2 done
Event: 23.756 Loading class sun/nio/fs/UnixException
Event: 23.765 Loading class sun/nio/fs/UnixException done
Event: 23.830 Loading class sun/reflect/generics/scope/ConstructorScope
Event: 23.830 Loading class sun/reflect/generics/scope/ConstructorScope done
Event: 23.830 Loading class sun/reflect/generics/tree/VoidDescriptor
Event: 23.832 Loading class sun/reflect/generics/tree/VoidDescriptor done
Event: 23.850 Loading class jdk/internal/reflect/MethodHandleBooleanFieldAccessorImpl
Event: 23.850 Loading class jdk/internal/reflect/MethodHandleBooleanFieldAccessorImpl done
Event: 23.899 Loading class java/nio/channels/ServerSocketChannel
Event: 23.917 Loading class java/nio/channels/ServerSocketChannel done
Event: 23.921 Loading class java/io/UTFDataFormatException
Event: 23.921 Loading class java/io/UTFDataFormatException done

Classes unloaded (7 events):
Event: 17.898 Thread 0x00007c69a40e83b0 Unloading class 0x00007c69481aec00 'java/lang/invoke/LambdaForm$MH+0x00007c69481aec00'
Event: 17.898 Thread 0x00007c69a40e83b0 Unloading class 0x00007c69481ae800 'java/lang/invoke/LambdaForm$MH+0x00007c69481ae800'
Event: 17.898 Thread 0x00007c69a40e83b0 Unloading class 0x00007c69481ae400 'java/lang/invoke/LambdaForm$MH+0x00007c69481ae400'
Event: 17.898 Thread 0x00007c69a40e83b0 Unloading class 0x00007c69481ae000 'java/lang/invoke/LambdaForm$MH+0x00007c69481ae000'
Event: 17.898 Thread 0x00007c69a40e83b0 Unloading class 0x00007c69481adc00 'java/lang/invoke/LambdaForm$BMH+0x00007c69481adc00'
Event: 17.898 Thread 0x00007c69a40e83b0 Unloading class 0x00007c69481ad800 'java/lang/invoke/LambdaForm$DMH+0x00007c69481ad800'
Event: 17.898 Thread 0x00007c69a40e83b0 Unloading class 0x00007c69481ac400 'java/lang/invoke/LambdaForm$DMH+0x00007c69481ac400'

Classes redefined (0 events):
No events

Internal exceptions (20 events):
Event: 22.625 Thread 0x00007c69a402a600 Exception <a 'java/lang/NoSuchMethodError'{0x00000000d5d60ca0}: 'java.lang.Object java.lang.invoke.DirectMethodHandle$Holder.invokeStatic(java.lang.Object, long, java.lang.Object)'> (0x00000000d5d60ca0) 
thrown [src/hotspot/share/interpreter/linkResolver.cpp, line 772]
Event: 22.625 Thread 0x00007c69a402a600 Exception <a 'java/lang/NoSuchMethodError'{0x00000000d5d70de0}: 'java.lang.Object java.lang.invoke.DirectMethodHandle$Holder.invokeStaticInit(java.lang.Object, long, java.lang.Object)'> (0x00000000d5d70de0) 
thrown [src/hotspot/share/interpreter/linkResolver.cpp, line 772]
Event: 22.625 Thread 0x00007c69a402a600 Exception <a 'java/lang/NoSuchMethodError'{0x00000000d5d766e8}: 'java.lang.Object java.lang.invoke.DirectMethodHandle$Holder.newInvokeSpecial(java.lang.Object, long)'> (0x00000000d5d766e8) 
thrown [src/hotspot/share/interpreter/linkResolver.cpp, line 772]
Event: 22.687 Thread 0x00007c68e40126e0 Exception <a 'java/io/FileNotFoundException'{0x00000000d5fd59f0}> (0x00000000d5fd59f0) 
thrown [src/hotspot/share/prims/jni.cpp, line 520]
Event: 23.079 Thread 0x00007c68e40126e0 Exception <a 'java/lang/NoSuchMethodError'{0x00000000d6a877c8}: 'void java.lang.invoke.DirectMethodHandle$Holder.invokeVirtual(java.lang.Object, java.lang.Object, java.lang.Object, java.lang.Object)'> (0x00000000d6a877c8) 
thrown [src/hotspot/share/interpreter/linkResolver.cpp, line 772]
Event: 23.169 Thread 0x00007c68e40126e0 Exception <a 'java/lang/NoSuchMethodError'{0x00000000d56335f0}: 'int java.lang.invoke.DirectMethodHandle$Holder.invokeSpecial(java.lang.Object, java.lang.Object, java.lang.Object, java.lang.Object)'> (0x00000000d56335f0) 
thrown [src/hotspot/share/interpreter/linkResolver.cpp, line 772]
Event: 23.312 Thread 0x00007c68e40126e0 Exception <a 'java/io/FileNotFoundException'{0x00000000d5c01610}> (0x00000000d5c01610) 
thrown [src/hotspot/share/prims/jni.cpp, line 520]
Event: 23.434 Thread 0x00007c69a402a600 Exception <a 'java/lang/NoSuchMethodError'{0x00000000d622aa10}: 'void java.lang.invoke.DirectMethodHandle$Holder.invokeSpecial(java.lang.Object, java.lang.Object, java.lang.Object, java.lang.Object, java.lang.Object, java.lang.Object)'> (0x00000000d622aa10) 
thrown [src/hotspot/share/interpreter/linkResolver.cpp, line 772]
Event: 23.436 Thread 0x00007c69a402a600 Exception <a 'java/lang/IncompatibleClassChangeError'{0x00000000d625bea8}: Found class java.lang.Object, but interface was expected> (0x00000000d625bea8) 
thrown [src/hotspot/share/interpreter/linkResolver.cpp, line 840]
Event: 23.440 Thread 0x00007c69a402a600 Exception <a 'java/lang/IncompatibleClassChangeError'{0x00000000d625da98}: Found class java.lang.Object, but interface was expected> (0x00000000d625da98) 
thrown [src/hotspot/share/interpreter/linkResolver.cpp, line 840]
Event: 23.695 Thread 0x00007c69a4457090 Exception <a 'java/lang/NoSuchMethodError'{0x00000000d56af740}: 'void java.lang.invoke.DelegatingMethodHandle$Holder.reinvoke_L(java.lang.Object, java.lang.Object, int)'> (0x00000000d56af740) 
thrown [src/hotspot/share/interpreter/linkResolver.cpp, line 772]
Event: 23.703 Thread 0x00007c69a4457090 Exception <a 'java/lang/NoSuchMethodError'{0x00000000d5779dc8}: 'int java.lang.invoke.Invokers$Holder.invokeExact_MT(java.lang.Object, java.lang.Object, java.lang.Object)'> (0x00000000d5779dc8) 
thrown [src/hotspot/share/interpreter/linkResolver.cpp, line 772]
Event: 23.765 Thread 0x00007c68e40126e0 Exception <a 'sun/nio/fs/UnixException'{0x00000000d59950e0}> (0x00000000d59950e0) 
thrown [src/hotspot/share/prims/jni.cpp, line 520]
Event: 23.850 Thread 0x00007c69a4457090 Exception <a 'java/lang/NoSuchMethodError'{0x00000000d5e40080}: 'void java.lang.invoke.Invokers$Holder.invokeExact_MT(java.lang.Object, java.lang.Object, int, java.lang.Object)'> (0x00000000d5e40080) 
thrown [src/hotspot/share/interpreter/linkResolver.cpp, line 772]
Event: 23.859 Thread 0x00007c68e40126e0 Exception <a 'java/io/FileNotFoundException'{0x00000000d5e97588}> (0x00000000d5e97588) 
thrown [src/hotspot/share/prims/jni.cpp, line 520]
Event: 23.859 Thread 0x00007c68e40126e0 Exception <a 'java/io/FileNotFoundException'{0x00000000d5e98760}> (0x00000000d5e98760) 
thrown [src/hotspot/share/prims/jni.cpp, line 520]
Event: 23.878 Thread 0x00007c68e40126e0 Exception <a 'java/lang/NoSuchMethodError'{0x00000000d5f7b958}: 'java.lang.Object java.lang.invoke.DirectMethodHandle$Holder.newInvokeSpecial(java.lang.Object, java.lang.Object, java.lang.Object, int)'> (0x00000000d5f7b958) 
thrown [src/hotspot/share/interpreter/linkResolver.cpp, line 772]
Event: 23.878 Thread 0x00007c68e40126e0 Exception <a 'java/lang/NoSuchMethodError'{0x00000000d5f7f530}: 'java.lang.Object java.lang.invoke.DirectMethodHandle$Holder.invokeSpecial(java.lang.Object, java.lang.Object, java.lang.Object, java.lang.Object, int)'> (0x00000000d5f7f530) 
thrown [src/hotspot/share/interpreter/linkResolver.cpp, line 772]
Event: 23.879 Thread 0x00007c68e40126e0 Exception <a 'java/lang/NoSuchMethodError'{0x00000000d5f829c8}: 'java.lang.Object java.lang.invoke.Invokers$Holder.linkToTargetMethod(java.lang.Object, java.lang.Object, int, java.lang.Object)'> (0x00000000d5f829c8) 
thrown [src/hotspot/share/interpreter/linkResolver.cpp, line 772]
Event: 23.892 Thread 0x00007c68e40126e0 Exception <a 'java/lang/NoSuchMethodError'{0x00000000d5fc5c18}: 'void java.lang.invoke.DirectMethodHandle$Holder.invokeStaticInit(java.lang.Object, java.lang.Object, java.lang.Object)'> (0x00000000d5fc5c18) 
thrown [src/hotspot/share/interpreter/linkResolver.cpp, line 772]

ZGC Phase Switch (0 events):
No events

VM Operations (20 events):
Event: 21.150 Executing VM operation: HandshakeAllThreads (Deoptimize)
Event: 21.150 Executing VM operation: HandshakeAllThreads (Deoptimize) done
Event: 21.157 Executing VM operation: HandshakeAllThreads (Deoptimize)
Event: 21.157 Executing VM operation: HandshakeAllThreads (Deoptimize) done
Event: 21.683 Executing VM operation: ParallelGCFailedAllocation (Allocation Failure)
Event: 21.701 Executing VM operation: ParallelGCFailedAllocation (Allocation Failure) done
Event: 22.092 Executing VM operation: CollectForMetadataAllocation (Metadata GC Threshold)
Event: 22.423 Executing VM operation: CollectForMetadataAllocation (Metadata GC Threshold) done
Event: 22.564 Executing VM operation: HandshakeAllThreads (Deoptimize)
Event: 22.568 Executing VM operation: HandshakeAllThreads (Deoptimize) done
Event: 23.102 Executing VM operation: ParallelGCFailedAllocation (Allocation Failure)
Event: 23.143 Executing VM operation: ParallelGCFailedAllocation (Allocation Failure) done
Event: 23.461 Executing VM operation: HandshakeAllThreads (Deoptimize)
Event: 23.466 Executing VM operation: HandshakeAllThreads (Deoptimize) done
Event: 23.526 Executing VM operation: HandshakeAllThreads (Deoptimize)
Event: 23.535 Executing VM operation: HandshakeAllThreads (Deoptimize) done
Event: 23.638 Executing VM operation: ParallelGCFailedAllocation (Allocation Failure)
Event: 23.658 Executing VM operation: ParallelGCFailedAllocation (Allocation Failure) done
Event: 23.722 Executing VM operation: HandshakeAllThreads (Deoptimize)
Event: 23.725 Executing VM operation: HandshakeAllThreads (Deoptimize) done

Memory protections (20 events):
Event: 1.270 Protecting memory [0x00007c6946000000,0x00007c6946004000] with protection modes 0
Event: 1.891 Protecting memory [0x00007c6946000000,0x00007c6946004000] with protection modes 0
Event: 2.197 Protecting memory [0x00007c6945f00000,0x00007c6945f04000] with protection modes 0
Event: 4.599 Protecting memory [0x00007c6945f00000,0x00007c6945f04000] with protection modes 0
Event: 6.236 Protecting memory [0x00007c6945afd000,0x00007c6945b01000] with protection modes 0
Event: 7.959 Protecting memory [0x00007c6945f00000,0x00007c6945f04000] with protection modes 0
Event: 8.466 Protecting memory [0x00007c69459fd000,0x00007c6945a01000] with protection modes 0
Event: 8.495 Protecting memory [0x00007c69458fd000,0x00007c6945901000] with protection modes 0
Event: 10.631 Protecting memory [0x00007c69457fd000,0x00007c6945801000] with protection modes 0
Event: 11.934 Protecting memory [0x00007c69456fd000,0x00007c6945701000] with protection modes 0
Event: 13.781 Protecting memory [0x00007c69455fd000,0x00007c6945601000] with protection modes 0
Event: 15.177 Protecting memory [0x00007c69454fd000,0x00007c6945501000] with protection modes 0
Event: 15.321 Protecting memory [0x00007c69453fd000,0x00007c6945401000] with protection modes 0
Event: 19.101 Protecting memory [0x00007c69452fd000,0x00007c6945301000] with protection modes 0
Event: 20.953 Protecting memory [0x00007c69451fd000,0x00007c6945201000] with protection modes 0
Event: 21.910 Protecting memory [0x00007c69450fd000,0x00007c6945101000] with protection modes 0
Event: 22.551 Protecting memory [0x00007c6944ffd000,0x00007c6945001000] with protection modes 0
Event: 22.727 Protecting memory [0x00007c6944efd000,0x00007c6944f01000] with protection modes 0
Event: 23.536 Protecting memory [0x00007c6944dfd000,0x00007c6944e01000] with protection modes 0
Event: 23.544 Protecting memory [0x00007c6944cfd000,0x00007c6944d01000] with protection modes 0

Nmethod flushes (20 events):
Event: 22.278 Thread 0x00007c69a40e83b0 flushing  nmethod 0x00007c6992334410
Event: 22.278 Thread 0x00007c69a40e83b0 flushing  nmethod 0x00007c6992334b90
Event: 22.278 Thread 0x00007c69a40e83b0 flushing  nmethod 0x00007c6992336410
Event: 22.278 Thread 0x00007c69a40e83b0 flushing  nmethod 0x00007c6992336910
Event: 22.278 Thread 0x00007c69a40e83b0 flushing  nmethod 0x00007c6992338390
Event: 22.278 Thread 0x00007c69a40e83b0 flushing  nmethod 0x00007c6992338810
Event: 22.278 Thread 0x00007c69a40e83b0 flushing  nmethod 0x00007c6992343d10
Event: 22.278 Thread 0x00007c69a40e83b0 flushing  nmethod 0x00007c6992344190
Event: 22.278 Thread 0x00007c69a40e83b0 flushing  nmethod 0x00007c6992359410
Event: 22.278 Thread 0x00007c69a40e83b0 flushing  nmethod 0x00007c699235f110
Event: 22.278 Thread 0x00007c69a40e83b0 flushing  nmethod 0x00007c6992370990
Event: 22.278 Thread 0x00007c69a40e83b0 flushing  nmethod 0x00007c6992372b90
Event: 22.278 Thread 0x00007c69a40e83b0 flushing  nmethod 0x00007c69923b7110
Event: 22.278 Thread 0x00007c69a40e83b0 flushing  nmethod 0x00007c69923bab90
Event: 22.278 Thread 0x00007c69a40e83b0 flushing  nmethod 0x00007c6992411990
Event: 22.278 Thread 0x00007c69a40e83b0 flushing  nmethod 0x00007c6992428390
Event: 22.278 Thread 0x00007c69a40e83b0 flushing  nmethod 0x00007c6992428810
Event: 22.278 Thread 0x00007c69a40e83b0 flushing  nmethod 0x00007c699242d110
Event: 22.278 Thread 0x00007c69a40e83b0 flushing  nmethod 0x00007c6992468390
Event: 22.278 Thread 0x00007c69a40e83b0 flushing  nmethod 0x00007c6992485010

Events (20 events):
Event: 2.195 Thread 0x00007c69a40fa0e0 Thread added: 0x00007c69200d5720
Event: 4.271 Thread 0x00007c69200d5720 Thread exited: 0x00007c69200d5720
Event: 4.591 Thread 0x00007c69a40fa0e0 Thread added: 0x00007c69203176b0
Event: 6.225 Thread 0x00007c69a402a600 Thread added: 0x00007c69a434d450
Event: 6.612 Thread 0x00007c69203176b0 Thread exited: 0x00007c69203176b0
Event: 7.952 Thread 0x00007c69a402a600 Thread added: 0x00007c69a41f17e0
Event: 8.462 Thread 0x00007c69a41f17e0 Thread added: 0x00007c690c060810
Event: 8.489 Thread 0x00007c69a402a600 Thread added: 0x00007c69a41ff800
Event: 10.630 Thread 0x00007c69a41ff800 Thread added: 0x00007c68f40b70a0
Event: 11.931 Thread 0x00007c69a41ff800 Thread added: 0x00007c68f44baea0
Event: 13.780 Thread 0x00007c69a41ff800 Thread added: 0x00007c68f45d5130
Event: 15.173 Thread 0x00007c69a41ff800 Thread added: 0x00007c68f46b6000
Event: 15.316 Thread 0x00007c69a41ff800 Thread added: 0x00007c68f46c2e50
Event: 19.093 Thread 0x00007c68f46b6000 Thread added: 0x00007c68e40126e0
Event: 20.950 Thread 0x00007c69a41ff800 Thread added: 0x00007c68f4aab790
Event: 21.907 Thread 0x00007c68f46b6000 Thread added: 0x00007c68e4013da0
Event: 22.549 Thread 0x00007c68e4013da0 Thread added: 0x00007c68d4000fc0
Event: 22.718 Thread 0x00007c69a402a600 Thread added: 0x00007c69a43be0b0
Event: 23.536 Thread 0x00007c69a402a600 Thread added: 0x00007c69a4455f80
Event: 23.540 Thread 0x00007c69a402a600 Thread added: 0x00007c69a4457090


Dynamic libraries:
80000000-84300000 rw-p 00000000 00:00 0 
84300000-d5580000 ---p 00000000 00:00 0 
d5580000-d7180000 rw-p 00000000 00:00 0 
d7180000-100000000 ---p 00000000 00:00 0 
5712b525b000-5712b525c000 r-xp 00000000 08:12 656047                     /home/aakash/.antigravity/extensions/redhat.java-1.50.0-linux-x64/jre/21.0.9-linux-x86_64/bin/java
5712b525d000-5712b525e000 r--p 00001000 08:12 656047                     /home/aakash/.antigravity/extensions/redhat.java-1.50.0-linux-x64/jre/21.0.9-linux-x86_64/bin/java
5712b525e000-5712b525f000 rw-p 00002000 08:12 656047                     /home/aakash/.antigravity/extensions/redhat.java-1.50.0-linux-x64/jre/21.0.9-linux-x86_64/bin/java
5712d8ca8000-5712d8d11000 rw-p 00000000 00:00 0                          [heap]
7c68cc000000-7c68cc021000 rw-p 00000000 00:00 0 
7c68cc021000-7c68d0000000 ---p 00000000 00:00 0 
7c68d0000000-7c68d0021000 rw-p 00000000 00:00 0 
7c68d0021000-7c68d4000000 ---p 00000000 00:00 0 
7c68d4000000-7c68d4021000 rw-p 00000000 00:00 0 
7c68d4021000-7c68d8000000 ---p 00000000 00:00 0 
7c68d8000000-7c68d8023000 rw-p 00000000 00:00 0 
7c68d8023000-7c68dc000000 ---p 00000000 00:00 0 
7c68dc000000-7c68dc10e000 rw-p 00000000 00:00 0 
7c68dc10e000-7c68e0000000 ---p 00000000 00:00 0 
7c68e0000000-7c68e0021000 rw-p 00000000 00:00 0 
7c68e0021000-7c68e4000000 ---p 00000000 00:00 0 
7c68e4000000-7c68e4092000 rw-p 00000000 00:00 0 
7c68e4092000-7c68e8000000 ---p 00000000 00:00 0 
7c68e8000000-7c68e84f4000 rw-p 00000000 00:00 0 
7c68e84f4000-7c68ec000000 ---p 00000000 00:00 0 
7c68ec000000-7c68ec021000 rw-p 00000000 00:00 0 
7c68ec021000-7c68f0000000 ---p 00000000 00:00 0 
7c68f0000000-7c68f0021000 rw-p 00000000 00:00 0 
7c68f0021000-7c68f4000000 ---p 00000000 00:00 0 
7c68f4000000-7c68f4b6c000 rw-p 00000000 00:00 0 
7c68f4b6c000-7c68f8000000 ---p 00000000 00:00 0 
7c68f8000000-7c68f8021000 rw-p 00000000 00:00 0 
7c68f8021000-7c68fc000000 ---p 00000000 00:00 0 
7c68fc000000-7c68fc021000 rw-p 00000000 00:00 0 
7c68fc021000-7c6900000000 ---p 00000000 00:00 0 
7c6900000000-7c6900021000 rw-p 00000000 00:00 0 
7c6900021000-7c6904000000 ---p 00000000 00:00 0 
7c6904000000-7c6904021000 rw-p 00000000 00:00 0 
7c6904021000-7c6908000000 ---p 00000000 00:00 0 
7c6908000000-7c6908021000 rw-p 00000000 00:00 0 
7c6908021000-7c690c000000 ---p 00000000 00:00 0 
7c690c000000-7c690c465000 rw-p 00000000 00:00 0 
7c690c465000-7c6910000000 ---p 00000000 00:00 0 
7c6910000000-7c6910021000 rw-p 00000000 00:00 0 
7c6910021000-7c6914000000 ---p 00000000 00:00 0 
7c6914000000-7c6914021000 rw-p 00000000 00:00 0 
7c6914021000-7c6918000000 ---p 00000000 00:00 0 
7c6918000000-7c6918021000 rw-p 00000000 00:00 0 
7c6918021000-7c691c000000 ---p 00000000 00:00 0 
7c691c000000-7c691d24f000 rw-p 00000000 00:00 0 
7c691d24f000-7c6920000000 ---p 00000000 00:00 0 
7c6920000000-7c6920915000 rw-p 00000000 00:00 0 
7c6920915000-7c6924000000 ---p 00000000 00:00 0 
7c6924000000-7c6924021000 rw-p 00000000 00:00 0 
7c6924021000-7c6928000000 ---p 00000000 00:00 0 
7c6928000000-7c6928021000 rw-p 00000000 00:00 0 
7c6928021000-7c692c000000 ---p 00000000 00:00 0 
7c692c000000-7c692c021000 rw-p 00000000 00:00 0 
7c692c021000-7c6930000000 ---p 00000000 00:00 0 
7c6930000000-7c6930021000 rw-p 00000000 00:00 0 
7c6930021000-7c6934000000 ---p 00000000 00:00 0 
7c6934000000-7c6934057000 rw-p 00000000 00:00 0 
7c6934057000-7c6938000000 ---p 00000000 00:00 0 
7c6938000000-7c6938021000 rw-p 00000000 00:00 0 
7c6938021000-7c693c000000 ---p 00000000 00:00 0 
7c693c000000-7c693c400000 rw-p 00000000 00:00 0 
7c693c400000-7c693c900000 rw-p 00000000 00:00 0 
7c693c900000-7c693c9c0000 rw-p 00000000 00:00 0 
7c693c9c0000-7c693ca00000 rw-p 00000000 00:00 0 
7c693ca00000-7c693cb80000 rw-p 00000000 00:00 0 
7c693cb80000-7c693cc00000 rw-p 00000000 00:00 0 
7c693cc00000-7c693cf00000 rw-p 00000000 00:00 0 
7c693cf00000-7c693d000000 rw-p 00000000 00:00 0 
7c693d000000-7c693db00000 rw-p 00000000 00:00 0 
7c693db00000-7c693dc00000 rw-p 00000000 00:00 0 
7c693dc00000-7c693dd00000 rw-p 00000000 00:00 0 
7c693dd00000-7c693ddf0000 rw-p 00000000 00:00 0 
7c693ddf0000-7c693de00000 ---p 00000000 00:00 0 
7c693de00000-7c693e510000 rw-p 00000000 00:00 0 
7c693e510000-7c6940000000 ---p 00000000 00:00 0 
7c6940000000-7c6940021000 rw-p 00000000 00:00 0 
7c6940021000-7c6944000000 ---p 00000000 00:00 0 
7c6944a16000-7c6944cfd000 rw-p 00000000 00:00 0 
7c6944cfd000-7c6944d01000 ---p 00000000 00:00 0 
7c6944d01000-7c6944dfd000 rw-p 00000000 00:00 0 
7c6944dfd000-7c6944e01000 ---p 00000000 00:00 0 
7c6944e01000-7c6944efd000 rw-p 00000000 00:00 0 
7c6944efd000-7c6944f01000 ---p 00000000 00:00 0 
7c6944f01000-7c6944ffd000 rw-p 00000000 00:00 0 
7c6944ffd000-7c6945001000 ---p 00000000 00:00 0 
7c6945001000-7c69450fd000 rw-p 00000000 00:00 0 
7c69450fd000-7c6945101000 ---p 00000000 00:00 0 
7c6945101000-7c69451fd000 rw-p 00000000 00:00 0 
7c69451fd000-7c6945201000 ---p 00000000 00:00 0 
7c6945201000-7c69452fd000 rw-p 00000000 00:00 0 
7c69452fd000-7c6945301000 ---p 00000000 00:00 0 
7c6945301000-7c69453fd000 rw-p 00000000 00:00 0 
7c69453fd000-7c6945401000 ---p 00000000 00:00 0 
7c6945401000-7c69454fd000 rw-p 00000000 00:00 0 
7c69454fd000-7c6945501000 ---p 00000000 00:00 0 
7c6945501000-7c69455fd000 rw-p 00000000 00:00 0 
7c69455fd000-7c6945601000 ---p 00000000 00:00 0 
7c6945601000-7c69456fd000 rw-p 00000000 00:00 0 
7c69456fd000-7c6945701000 ---p 00000000 00:00 0 
7c6945701000-7c69457fd000 rw-p 00000000 00:00 0 
7c69457fd000-7c6945801000 ---p 00000000 00:00 0 
7c6945801000-7c69458fd000 rw-p 00000000 00:00 0 
7c69458fd000-7c6945901000 ---p 00000000 00:00 0 
7c6945901000-7c69459fd000 rw-p 00000000 00:00 0 
7c69459fd000-7c6945a01000 ---p 00000000 00:00 0 
7c6945a01000-7c6945afd000 rw-p 00000000 00:00 0 
7c6945afd000-7c6945b01000 ---p 00000000 00:00 0 
7c6945b01000-7c6945f00000 rw-p 00000000 00:00 0 
7c6945f00000-7c6945f04000 ---p 00000000 00:00 0 
7c6945f04000-7c6946000000 rw-p 00000000 00:00 0 
7c6946000000-7c6946004000 ---p 00000000 00:00 0 
7c6946004000-7c6946100000 rw-p 00000000 00:00 0 
7c6946100000-7c6946104000 ---p 00000000 00:00 0 
7c6946104000-7c6946200000 rw-p 00000000 00:00 0 
7c6946200000-7c6946ff1000 r--p 00000000 08:12 5781025                    /usr/lib/locale/locale-archive
7c6947000000-7c6947bbe000 rw-p 00001000 08:12 656081                     /home/aakash/.antigravity/extensions/redhat.java-1.50.0-linux-x64/jre/21.0.9-linux-x86_64/lib/server/classes.jsa
7c6947bbe000-7c6948000000 ---p 00000000 00:00 0 
7c6948000000-7c6948040000 rw-p 00000000 00:00 0 
7c6948040000-7c69480c0000 rw-p 00000000 00:00 0 
7c69480c0000-7c6948100000 rw-p 00000000 00:00 0 
7c6948100000-7c69481e0000 rw-p 00000000 00:00 0 
7c69481e0000-7c6948200000 rw-p 00000000 00:00 0 
7c6948200000-7c6948360000 rw-p 00000000 00:00 0 
7c6948360000-7c6948380000 rw-p 00000000 00:00 0 
7c6948380000-7c69483c0000 rw-p 00000000 00:00 0 
7c69483c0000-7c69483d0000 rw-p 00000000 00:00 0 
7c69483d0000-7c6948400000 ---p 00000000 00:00 0 
7c6948400000-7c6948510000 rw-p 00000000 00:00 0 
7c6948510000-7c6988000000 ---p 00000000 00:00 0 
7c6988000000-7c698c021000 rw-p 00000000 00:00 0 
7c698c021000-7c6990000000 ---p 00000000 00:00 0 
7c69900f2000-7c69900f6000 ---p 00000000 00:00 0 
7c69900f6000-7c69901f2000 rw-p 00000000 00:00 0 
7c69901f2000-7c69901f6000 ---p 00000000 00:00 0 
7c69901f6000-7c69902f2000 rw-p 00000000 00:00 0 
7c69902f2000-7c69902f6000 ---p 00000000 00:00 0 
7c69902f6000-7c69903f2000 rw-p 00000000 00:00 0 
7c69903f2000-7c69903f6000 ---p 00000000 00:00 0 
7c69903f6000-7c69904f2000 rw-p 00000000 00:00 0 
7c69904f2000-7c69904f6000 ---p 00000000 00:00 0 
7c69904f6000-7c69905f2000 rw-p 00000000 00:00 0 
7c69905f2000-7c69905f6000 ---p 00000000 00:00 0 
7c69905f6000-7c69906f2000 rw-p 00000000 00:00 0 
7c69906f2000-7c69906f6000 ---p 00000000 00:00 0 
7c69906f6000-7c69908f3000 rw-p 00000000 00:00 0 
7c69908f3000-7c69914ff000 rw-p 00000000 00:00 0 
7c69914ff000-7c6991600000 rw-p 00000000 00:00 0 
7c6991600000-7c6991a00000 rw-p 00000000 00:00 0 
7c6991ad4000-7c6991b77000 rw-p 00000000 00:00 0 
7c6991b77000-7c6991e00000 ---p 00000000 00:00 0 
7c6991e00000-7c69926d0000 rwxp 00000000 00:00 0 
7c69926d0000-7c6999337000 ---p 00000000 00:00 0 
7c6999337000-7c69995a7000 rwxp 00000000 00:00 0 
7c69995a7000-7c69998c8000 ---p 00000000 00:00 0 
7c69998c8000-7c6999b38000 rwxp 00000000 00:00 0 
7c6999b38000-7c69a0e00000 ---p 00000000 00:00 0 
7c69a0e00000-7c69a3fd6000 r--s 00000000 08:12 655968                     /home/aakash/.antigravity/extensions/redhat.java-1.50.0-linux-x64/jre/21.0.9-linux-x86_64/lib/modules
7c69a3fec000-7c69a3ff0000 r--p 00000000 08:12 661450                     /home/aakash/.config/Antigravity/User/globalStorage/redhat.java/1.50.0/config_linux/org.eclipse.equinox.launcher/org.eclipse.equinox.launcher.gtk.linux.x86_64_1.2.1500.v20250801-0854/eclipse_11916.so
7c69a3ff0000-7c69a3ffa000 r-xp 00004000 08:12 661450                     /home/aakash/.config/Antigravity/User/globalStorage/redhat.java/1.50.0/config_linux/org.eclipse.equinox.launcher/org.eclipse.equinox.launcher.gtk.linux.x86_64_1.2.1500.v20250801-0854/eclipse_11916.so
7c69a3ffa000-7c69a3ffd000 r--p 0000e000 08:12 661450                     /home/aakash/.config/Antigravity/User/globalStorage/redhat.java/1.50.0/config_linux/org.eclipse.equinox.launcher/org.eclipse.equinox.launcher.gtk.linux.x86_64_1.2.1500.v20250801-0854/eclipse_11916.so
7c69a3ffd000-7c69a3ffe000 r--p 00010000 08:12 661450                     /home/aakash/.config/Antigravity/User/globalStorage/redhat.java/1.50.0/config_linux/org.eclipse.equinox.launcher/org.eclipse.equinox.launcher.gtk.linux.x86_64_1.2.1500.v20250801-0854/eclipse_11916.so
7c69a3ffe000-7c69a3fff000 rw-p 00011000 08:12 661450                     /home/aakash/.config/Antigravity/User/globalStorage/redhat.java/1.50.0/config_linux/org.eclipse.equinox.launcher/org.eclipse.equinox.launcher.gtk.linux.x86_64_1.2.1500.v20250801-0854/eclipse_11916.so
7c69a3fff000-7c69a4468000 rw-p 00000000 00:00 0 
7c69a4468000-7c69a8000000 ---p 00000000 00:00 0 
7c69a800a000-7c69a8017000 r-xp 00000000 08:12 655970                     /home/aakash/.antigravity/extensions/redhat.java-1.50.0-linux-x64/jre/21.0.9-linux-x86_64/lib/libverify.so
7c69a8017000-7c69a8019000 r--p 0000c000 08:12 655970                     /home/aakash/.antigravity/extensions/redhat.java-1.50.0-linux-x64/jre/21.0.9-linux-x86_64/lib/libverify.so
7c69a8019000-7c69a801a000 rw-p 0000e000 08:12 655970                     /home/aakash/.antigravity/extensions/redhat.java-1.50.0-linux-x64/jre/21.0.9-linux-x86_64/lib/libverify.so
7c69a801a000-7c69a8026000 r-xp 00000000 08:12 655978                     /home/aakash/.antigravity/extensions/redhat.java-1.50.0-linux-x64/jre/21.0.9-linux-x86_64/lib/libnet.so
7c69a8026000-7c69a8027000 r--p 0000b000 08:12 655978                     /home/aakash/.antigravity/extensions/redhat.java-1.50.0-linux-x64/jre/21.0.9-linux-x86_64/lib/libnet.so
7c69a8027000-7c69a8028000 rw-p 0000c000 08:12 655978                     /home/aakash/.antigravity/extensions/redhat.java-1.50.0-linux-x64/jre/21.0.9-linux-x86_64/lib/libnet.so
7c69a8028000-7c69a8129000 rw-p 00000000 00:00 0 
7c69a8129000-7c69a814b000 rw-p 00000000 00:00 0 
7c69a814b000-7c69a83d3000 ---p 00000000 00:00 0 
7c69a83d3000-7c69a83e2000 rw-p 00000000 00:00 0 
7c69a83e2000-7c69a852a000 ---p 00000000 00:00 0 
7c69a852a000-7c69a852f000 rw-p 00000000 00:00 0 
7c69a852f000-7c69a8615000 ---p 00000000 00:00 0 
7c69a8615000-7c69a8627000 rw-p 00000000 00:00 0 
7c69a8627000-7c69a8700000 ---p 00000000 00:00 0 
7c69a8700000-7c69a8704000 ---p 00000000 00:00 0 
7c69a8704000-7c69a8800000 rw-p 00000000 00:00 0 
7c69a8800000-7c69a9c1d000 r-xp 00000000 08:12 656078                     /home/aakash/.antigravity/extensions/redhat.java-1.50.0-linux-x64/jre/21.0.9-linux-x86_64/lib/server/libjvm.so
7c69a9c1d000-7c69a9cf2000 r--p 0141c000 08:12 656078                     /home/aakash/.antigravity/extensions/redhat.java-1.50.0-linux-x64/jre/21.0.9-linux-x86_64/lib/server/libjvm.so
7c69a9cf2000-7c69a9d22000 rw-p 014f1000 08:12 656078                     /home/aakash/.antigravity/extensions/redhat.java-1.50.0-linux-x64/jre/21.0.9-linux-x86_64/lib/server/libjvm.so
7c69a9d22000-7c69a9d88000 rw-p 00000000 00:00 0 
7c69a9d8f000-7c69a9da3000 r-xp 00000000 08:12 655977                     /home/aakash/.antigravity/extensions/redhat.java-1.50.0-linux-x64/jre/21.0.9-linux-x86_64/lib/libnio.so
7c69a9da3000-7c69a9da4000 r--p 00013000 08:12 655977                     /home/aakash/.antigravity/extensions/redhat.java-1.50.0-linux-x64/jre/21.0.9-linux-x86_64/lib/libnio.so
7c69a9da4000-7c69a9da5000 rw-p 00014000 08:12 655977                     /home/aakash/.antigravity/extensions/redhat.java-1.50.0-linux-x64/jre/21.0.9-linux-x86_64/lib/libnio.so
7c69a9da5000-7c69a9e00000 rw-p 00000000 00:00 0 
7c69a9e00000-7c69a9e28000 r--p 00000000 08:12 5782543                    /usr/lib/x86_64-linux-gnu/libc.so.6
7c69a9e28000-7c69a9fc1000 r-xp 00028000 08:12 5782543                    /usr/lib/x86_64-linux-gnu/libc.so.6
7c69a9fc1000-7c69aa030000 r--p 001c1000 08:12 5782543                    /usr/lib/x86_64-linux-gnu/libc.so.6
7c69aa030000-7c69aa034000 r--p 0022f000 08:12 5782543                    /usr/lib/x86_64-linux-gnu/libc.so.6
7c69aa034000-7c69aa036000 rw-p 00233000 08:12 5782543                    /usr/lib/x86_64-linux-gnu/libc.so.6
7c69aa036000-7c69aa043000 rw-p 00000000 00:00 0 
7c69aa043000-7c69aa04a000 r--s 00000000 08:12 5917240                    /usr/lib/x86_64-linux-gnu/gconv/gconv-modules.cache
7c69aa04a000-7c69aa065000 r-xp 00000000 08:12 655969                     /home/aakash/.antigravity/extensions/redhat.java-1.50.0-linux-x64/jre/21.0.9-linux-x86_64/lib/libzip.so
7c69aa065000-7c69aa066000 r--p 0001a000 08:12 655969                     /home/aakash/.antigravity/extensions/redhat.java-1.50.0-linux-x64/jre/21.0.9-linux-x86_64/lib/libzip.so
7c69aa066000-7c69aa067000 rw-p 0001b000 08:12 655969                     /home/aakash/.antigravity/extensions/redhat.java-1.50.0-linux-x64/jre/21.0.9-linux-x86_64/lib/libzip.so
7c69aa067000-7c69aa0d5000 rw-p 00000000 00:00 0 
7c69aa0d5000-7c69aa0dc000 ---p 00000000 00:00 0 
7c69aa0dc000-7c69aa0e4000 rw-s 00000000 00:2e 4167                       /tmp/hsperfdata_aakash/139277
7c69aa0e4000-7c69aa104000 r-xp 00000000 08:12 655992                     /home/aakash/.antigravity/extensions/redhat.java-1.50.0-linux-x64/jre/21.0.9-linux-x86_64/lib/libjava.so
7c69aa104000-7c69aa105000 ---p 00020000 08:12 655992                     /home/aakash/.antigravity/extensions/redhat.java-1.50.0-linux-x64/jre/21.0.9-linux-x86_64/lib/libjava.so
7c69aa105000-7c69aa106000 r--p 00020000 08:12 655992                     /home/aakash/.antigravity/extensions/redhat.java-1.50.0-linux-x64/jre/21.0.9-linux-x86_64/lib/libjava.so
7c69aa106000-7c69aa107000 rw-p 00021000 08:12 655992                     /home/aakash/.antigravity/extensions/redhat.java-1.50.0-linux-x64/jre/21.0.9-linux-x86_64/lib/libjava.so
7c69aa107000-7c69aa108000 rw-p 00000000 00:00 0 
7c69aa108000-7c69aa123000 r-xp 00000000 08:12 655988                     /home/aakash/.antigravity/extensions/redhat.java-1.50.0-linux-x64/jre/21.0.9-linux-x86_64/lib/libjimage.so
7c69aa123000-7c69aa124000 ---p 0001b000 08:12 655988                     /home/aakash/.antigravity/extensions/redhat.java-1.50.0-linux-x64/jre/21.0.9-linux-x86_64/lib/libjimage.so
7c69aa124000-7c69aa126000 r--p 0001b000 08:12 655988                     /home/aakash/.antigravity/extensions/redhat.java-1.50.0-linux-x64/jre/21.0.9-linux-x86_64/lib/libjimage.so
7c69aa126000-7c69aa127000 rw-p 0001d000 08:12 655988                     /home/aakash/.antigravity/extensions/redhat.java-1.50.0-linux-x64/jre/21.0.9-linux-x86_64/lib/libjimage.so
7c69aa127000-7c69aa138000 r--p 00000000 08:12 5782905                    /usr/lib/x86_64-linux-gnu/libm.so.6
7c69aa138000-7c69aa1c3000 r-xp 00011000 08:12 5782905                    /usr/lib/x86_64-linux-gnu/libm.so.6
7c69aa1c3000-7c69aa232000 r--p 0009c000 08:12 5782905                    /usr/lib/x86_64-linux-gnu/libm.so.6
7c69aa232000-7c69aa233000 r--p 0010a000 08:12 5782905                    /usr/lib/x86_64-linux-gnu/libm.so.6
7c69aa233000-7c69aa234000 rw-p 0010b000 08:12 5782905                    /usr/lib/x86_64-linux-gnu/libm.so.6
7c69aa234000-7c69aa235000 r--p 00000000 08:12 5783104                    /usr/lib/x86_64-linux-gnu/librt.so.1
7c69aa235000-7c69aa236000 r-xp 00001000 08:12 5783104                    /usr/lib/x86_64-linux-gnu/librt.so.1
7c69aa236000-7c69aa237000 r--p 00002000 08:12 5783104                    /usr/lib/x86_64-linux-gnu/librt.so.1
7c69aa237000-7c69aa238000 r--p 00002000 08:12 5783104                    /usr/lib/x86_64-linux-gnu/librt.so.1
7c69aa238000-7c69aa239000 rw-p 00003000 08:12 5783104                    /usr/lib/x86_64-linux-gnu/librt.so.1
7c69aa239000-7c69aa23b000 rw-p 00000000 00:00 0 
7c69aa23b000-7c69aa23c000 r--p 00000000 08:12 5782619                    /usr/lib/x86_64-linux-gnu/libdl.so.2
7c69aa23c000-7c69aa23d000 r-xp 00001000 08:12 5782619                    /usr/lib/x86_64-linux-gnu/libdl.so.2
7c69aa23d000-7c69aa23e000 r--p 00002000 08:12 5782619                    /usr/lib/x86_64-linux-gnu/libdl.so.2
7c69aa23e000-7c69aa23f000 r--p 00002000 08:12 5782619                    /usr/lib/x86_64-linux-gnu/libdl.so.2
7c69aa23f000-7c69aa240000 rw-p 00003000 08:12 5782619                    /usr/lib/x86_64-linux-gnu/libdl.so.2
7c69aa240000-7c69aa241000 r--p 00000000 08:12 5783073                    /usr/lib/x86_64-linux-gnu/libpthread.so.0
7c69aa241000-7c69aa242000 r-xp 00001000 08:12 5783073                    /usr/lib/x86_64-linux-gnu/libpthread.so.0
7c69aa242000-7c69aa243000 r--p 00002000 08:12 5783073                    /usr/lib/x86_64-linux-gnu/libpthread.so.0
7c69aa243000-7c69aa244000 r--p 00002000 08:12 5783073                    /usr/lib/x86_64-linux-gnu/libpthread.so.0
7c69aa244000-7c69aa245000 rw-p 00003000 08:12 5783073                    /usr/lib/x86_64-linux-gnu/libpthread.so.0
7c69aa24a000-7c69aa254000 r-xp 00000000 08:12 655997                     /home/aakash/.antigravity/extensions/redhat.java-1.50.0-linux-x64/jre/21.0.9-linux-x86_64/lib/libinstrument.so
7c69aa254000-7c69aa255000 ---p 0000a000 08:12 655997                     /home/aakash/.antigravity/extensions/redhat.java-1.50.0-linux-x64/jre/21.0.9-linux-x86_64/lib/libinstrument.so
7c69aa255000-7c69aa256000 r--p 0000a000 08:12 655997                     /home/aakash/.antigravity/extensions/redhat.java-1.50.0-linux-x64/jre/21.0.9-linux-x86_64/lib/libinstrument.so
7c69aa256000-7c69aa257000 rw-p 0000b000 08:12 655997                     /home/aakash/.antigravity/extensions/redhat.java-1.50.0-linux-x64/jre/21.0.9-linux-x86_64/lib/libinstrument.so
7c69aa257000-7c69aa258000 ---p 00000000 00:00 0 
7c69aa258000-7c69aa259000 r--p 00000000 00:00 0 
7c69aa259000-7c69aa25a000 ---p 00000000 00:00 0 
7c69aa25a000-7c69aa273000 r-xp 00000000 08:12 655987                     /home/aakash/.antigravity/extensions/redhat.java-1.50.0-linux-x64/jre/21.0.9-linux-x86_64/lib/libjli.so
7c69aa273000-7c69aa274000 r--p 00018000 08:12 655987                     /home/aakash/.antigravity/extensions/redhat.java-1.50.0-linux-x64/jre/21.0.9-linux-x86_64/lib/libjli.so
7c69aa274000-7c69aa275000 rw-p 00019000 08:12 655987                     /home/aakash/.antigravity/extensions/redhat.java-1.50.0-linux-x64/jre/21.0.9-linux-x86_64/lib/libjli.so
7c69aa275000-7c69aa277000 rw-p 00000000 00:00 0 
7c69aa277000-7c69aa27b000 r--p 00000000 00:00 0                          [vvar]
7c69aa27b000-7c69aa27d000 r--p 00000000 00:00 0                          [vvar_vclock]
7c69aa27d000-7c69aa27f000 r-xp 00000000 00:00 0                          [vdso]
7c69aa27f000-7c69aa280000 r--p 00000000 08:12 5782338                    /usr/lib/x86_64-linux-gnu/ld-linux-x86-64.so.2
7c69aa280000-7c69aa2ae000 r-xp 00001000 08:12 5782338                    /usr/lib/x86_64-linux-gnu/ld-linux-x86-64.so.2
7c69aa2ae000-7c69aa2bc000 r--p 0002f000 08:12 5782338                    /usr/lib/x86_64-linux-gnu/ld-linux-x86-64.so.2
7c69aa2bc000-7c69aa2be000 r--p 0003d000 08:12 5782338                    /usr/lib/x86_64-linux-gnu/ld-linux-x86-64.so.2
7c69aa2be000-7c69aa2bf000 rw-p 0003f000 08:12 5782338                    /usr/lib/x86_64-linux-gnu/ld-linux-x86-64.so.2
7c69aa2bf000-7c69aa2c0000 rw-p 00000000 00:00 0 
7fffa20a5000-7fffa20c7000 rw-p 00000000 00:00 0                          [stack]
ffffffffff600000-ffffffffff601000 --xp 00000000 00:00 0                  [vsyscall]
Total number of mappings: 258

JVMTI agents:
/home/aakash/.antigravity/extensions/redhat.java-1.50.0-linux-x64/lombok/lombok-1.18.39-4050.jar path:none, loaded, initialized, instrumentlib options:none


VM Arguments:
jvm_args: --add-modules=ALL-SYSTEM --add-opens=java.base/java.util=ALL-UNNAMED --add-opens=java.base/java.lang=ALL-UNNAMED --add-opens=java.base/sun.nio.fs=ALL-UNNAMED -Declipse.application=org.eclipse.jdt.ls.core.id1 -Dosgi.bundles.defaultStartLevel=4 -Declipse.product=org.eclipse.jdt.ls.core.product -Djava.import.generatesMetadataFilesAtProjectRoot=false -DDetectVMInstallationsJob.disabled=true -Dfile.encoding=utf8 -XX:+UseParallelGC -XX:GCTimeRatio=4 -XX:AdaptiveSizePolicyWeight=90 -Dsun.zip.disableMemoryMapping=true -Xmx2G -Xms100m -Xlog:disable -javaagent:/home/aakash/.antigravity/extensions/redhat.java-1.50.0-linux-x64/lombok/lombok-1.18.39-4050.jar -XX:+HeapDumpOnOutOfMemoryError -XX:HeapDumpPath=/home/aakash/.config/Antigravity/User/workspaceStorage/68cc72c94ee1e39bb8d3e85cd2bb506b/redhat.java -Daether.dependencyCollector.impl=bf 
java_command: /home/aakash/.antigravity/extensions/redhat.java-1.50.0-linux-x64/server/plugins/org.eclipse.equinox.launcher_1.7.100.v20251111-0406.jar -configuration /home/aakash/.config/Antigravity/User/globalStorage/redhat.java/1.50.0/config_linux -data /home/aakash/.config/Antigravity/User/workspaceStorage/68cc72c94ee1e39bb8d3e85cd2bb506b/redhat.java/jdt_ws --pipe=/run/user/1000/lsp-17864569f5b8bb8d16390f6df4e7a2c5.sock
java_class_path (initial): /home/aakash/.antigravity/extensions/redhat.java-1.50.0-linux-x64/server/plugins/org.eclipse.equinox.launcher_1.7.100.v20251111-0406.jar
Launcher Type: SUN_STANDARD

[Global flags]
    uintx AdaptiveSizePolicyWeight                 = 90                                        {product} {command line}
     intx CICompilerCount                          = 3                                         {product} {ergonomic}
    uintx GCTimeRatio                              = 4                                         {product} {command line}
     bool HeapDumpOnOutOfMemoryError               = true                                   {manageable} {command line}
    ccstr HeapDumpPath                             = /home/aakash/.config/Antigravity/User/workspaceStorage/68cc72c94ee1e39bb8d3e85cd2bb506b/redhat.java         {manageable} {command line}
   size_t InitialHeapSize                          = 104857600                                 {product} {command line}
   size_t MaxHeapSize                              = 2147483648                                {product} {command line}
   size_t MaxNewSize                               = 715653120                                 {product} {ergonomic}
   size_t MinHeapDeltaBytes                        = 524288                                    {product} {ergonomic}
   size_t MinHeapSize                              = 104857600                                 {product} {command line}
   size_t NewSize                                  = 34603008                                  {product} {ergonomic}
    uintx NonNMethodCodeHeapSize                   = 5832780                                {pd product} {ergonomic}
    uintx NonProfiledCodeHeapSize                  = 122912730                              {pd product} {ergonomic}
   size_t OldSize                                  = 70254592                                  {product} {ergonomic}
    uintx ProfiledCodeHeapSize                     = 122912730                              {pd product} {ergonomic}
    uintx ReservedCodeCacheSize                    = 251658240                              {pd product} {ergonomic}
     bool SegmentedCodeCache                       = true                                      {product} {ergonomic}
   size_t SoftMaxHeapSize                          = 2147483648                             {manageable} {ergonomic}
     bool UseCompressedOops                        = true                           {product lp64_product} {ergonomic}
     bool UseParallelGC                            = true                                      {product} {command line}

Logging:
Log output configuration:
 #0: stdout all=off uptime,level,tags foldmultilines=false
 #1: stderr all=off uptime,level,tags foldmultilines=false

Release file:
JAVA_VERSION="21.0.9"
MODULES="java.base java.compiler java.datatransfer java.xml java.prefs java.desktop java.instrument java.logging java.management java.security.sasl java.naming java.rmi java.management.rmi java.net.http java.scripting java.security.jgss java.transaction.xa java.sql java.sql.rowset java.xml.crypto java.se java.smartcardio jdk.accessibility jdk.internal.jvmstat jdk.attach jdk.charsets jdk.internal.opt jdk.zipfs jdk.compiler jdk.crypto.ec jdk.crypto.cryptoki jdk.dynalink jdk.internal.ed jdk.editpad jdk.hotspot.agent jdk.httpserver jdk.internal.le jdk.internal.vm.ci jdk.internal.vm.compiler jdk.internal.vm.compiler.management jdk.jartool jdk.javadoc jdk.jcmd jdk.management jdk.management.agent jdk.jconsole jdk.jdeps jdk.jdwp.agent jdk.jdi jdk.jfr jdk.jshell jdk.jsobject jdk.jstatd jdk.localedata jdk.management.jfr jdk.naming.dns jdk.naming.rmi jdk.net jdk.nio.mapmode jdk.random jdk.sctp jdk.security.auth jdk.security.jgss jdk.unsupported jdk.unsupported.desktop jdk.xml.dom"

Environment Variables:
PATH=/home/aakash/.local/bin:/home/aakash/bin:/home/aakash/bin:/home/aakash/.cargo/bin:/home/aakash/.local/bin:/home/aakash/bin:/usr/local/sbin:/usr/local/bin:/usr/sbin:/usr/bin:/sbin:/bin:/usr/games:/usr/local/games:/snap/bin:/snap/bin
USERNAME=aakash
SHELL=/bin/bash
DISPLAY=:0
LANG=en_US.UTF-8

Active Locale:
LC_ALL=en_US.UTF-8
LC_COLLATE=en_US.UTF-8
LC_CTYPE=en_US.UTF-8
LC_MESSAGES=en_US.UTF-8
LC_MONETARY=en_US.UTF-8
LC_NUMERIC=en_US.UTF-8
LC_TIME=en_US.UTF-8

Signal Handlers:
   SIGSEGV: crash_handler in libjvm.so, mask=11100100010111111101111111111110, flags=SA_RESTART|SA_SIGINFO, unblocked
    SIGBUS: crash_handler in libjvm.so, mask=11100100010111111101111111111110, flags=SA_RESTART|SA_SIGINFO, unblocked
    SIGFPE: crash_handler in libjvm.so, mask=11100100010111111101111111111110, flags=SA_RESTART|SA_SIGINFO, unblocked
   SIGPIPE: javaSignalHandler in libjvm.so, mask=11100100010111111101111111111110, flags=SA_RESTART|SA_SIGINFO, blocked
   SIGXFSZ: javaSignalHandler in libjvm.so, mask=11100100010111111101111111111110, flags=SA_RESTART|SA_SIGINFO, blocked
    SIGILL: crash_handler in libjvm.so, mask=11100100010111111101111111111110, flags=SA_RESTART|SA_SIGINFO, unblocked
   SIGUSR2: SR_handler in libjvm.so, mask=00000000000000000000000000000000, flags=SA_RESTART|SA_SIGINFO, blocked
    SIGHUP: UserHandler in libjvm.so, mask=11100100010111111101111111111110, flags=SA_RESTART|SA_SIGINFO, blocked
    SIGINT: UserHandler in libjvm.so, mask=11100100010111111101111111111110, flags=SA_RESTART|SA_SIGINFO, blocked
   SIGTERM: UserHandler in libjvm.so, mask=11100100010111111101111111111110, flags=SA_RESTART|SA_SIGINFO, blocked
   SIGQUIT: UserHandler in libjvm.so, mask=11100100010111111101111111111110, flags=SA_RESTART|SA_SIGINFO, blocked
   SIGTRAP: crash_handler in libjvm.so, mask=11100100010111111101111111111110, flags=SA_RESTART|SA_SIGINFO, unblocked


Periodic native trim disabled

---------------  S Y S T E M  ---------------

OS:
DISTRIB_ID=Ubuntu
DISTRIB_RELEASE=25.10
DISTRIB_CODENAME=questing
DISTRIB_DESCRIPTION="Ubuntu 25.10"
uname: Linux 6.17.0-8-generic #8-Ubuntu SMP PREEMPT_DYNAMIC Fri Nov 14 21:44:46 UTC 2025 x86_64
OS uptime: 0 days 12:16 hours
libc: glibc 2.42 NPTL 2.42 
rlimit (soft/hard): STACK 8192k/infinity , CORE 0k/infinity , NPROC 44756/44756 , NOFILE 524288/524288 , AS infinity/infinity , CPU infinity/infinity , DATA infinity/infinity , FSIZE infinity/infinity , MEMLOCK 8192k/8192k
load average: 14.62 7.59 7.11

/proc/meminfo:
MemTotal:       11604800 kB
MemFree:          269044 kB
MemAvailable:    1724320 kB
Buffers:          146592 kB
Cached:          2678048 kB
SwapCached:        32148 kB
Active:          2671688 kB
Inactive:        7679220 kB
Active(anon):    2178752 kB
Inactive(anon):  6838748 kB
Active(file):     492936 kB
Inactive(file):   840472 kB
Unevictable:        9680 kB
Mlocked:             184 kB
SwapTotal:       4194300 kB
SwapFree:        2438744 kB
Zswap:                 0 kB
Zswapped:              0 kB
Dirty:              2764 kB
Writeback:           196 kB
AnonPages:       7509232 kB
Mapped:           716136 kB
Shmem:           1491280 kB
KReclaimable:     443408 kB
Slab:             768668 kB
SReclaimable:     443408 kB
SUnreclaim:       325260 kB
KernelStack:       24704 kB
PageTables:        98276 kB
SecPageTables:      2772 kB
NFS_Unstable:          0 kB
Bounce:                0 kB
WritebackTmp:          0 kB
CommitLimit:     9996700 kB
Committed_AS:   44372232 kB
VmallocTotal:   34359738367 kB
VmallocUsed:       60564 kB
VmallocChunk:          0 kB
Percpu:             4272 kB
HardwareCorrupted:     0 kB
AnonHugePages:      2048 kB
ShmemHugePages:        0 kB
ShmemPmdMapped:        0 kB
FileHugePages:         0 kB
FilePmdMapped:         0 kB
CmaTotal:              0 kB
CmaFree:               0 kB
Unaccepted:            0 kB
Balloon:               0 kB
HugePages_Total:       0
HugePages_Free:        0
HugePages_Rsvd:        0
HugePages_Surp:        0
Hugepagesize:       2048 kB
Hugetlb:               0 kB
DirectMap4k:      224988 kB
DirectMap2M:     5949440 kB
DirectMap1G:     6291456 kB

/sys/kernel/mm/transparent_hugepage/enabled: always [madvise] never
/sys/kernel/mm/transparent_hugepage/hpage_pmd_size: 2097152
/sys/kernel/mm/transparent_hugepage/defrag (defrag/compaction efforts parameter): always defer defer+madvise [madvise] never

Process Memory:
Virtual Size: 5725404K (peak: 5725404K)
Resident Set Size: 208984K (peak: 208984K) (anon: 175588K, file: 33364K, shmem: 32K)
Swapped out: 0K
C-Heap outstanding allocations: 55257K, retained: 18178K
glibc malloc tunables: (default)

/proc/sys/kernel/threads-max (system-wide limit on the number of threads): 89513
/proc/sys/vm/max_map_count (maximum number of memory map areas a process may have): 1048576
/proc/sys/vm/swappiness (control to define how aggressively the kernel swaps out anonymous memory): 60
/proc/sys/kernel/pid_max (system-wide limit on number of process identifiers): 4194304

container information not found.
Steal ticks since vm start: 0
Steal ticks percentage since vm start:  0.000

CPU: total 4 (initial active 4) (2 cores per cpu, 2 threads per core) family 6 model 94 stepping 3 microcode 0xf0, cx8, cmov, fxsr, ht, mmx, 3dnowpref, sse, sse2, sse3, ssse3, sse4.1, sse4.2, popcnt, lzcnt, tsc, tscinvbit, avx, avx2, aes, erms, clmul, bmi1, bmi2, adx, fma, vzeroupper, clflush, clflushopt, rdtscp, f16c
CPU Model and flags from /proc/cpuinfo:
model name	: Intel(R) Core(TM) i3-6100 CPU @ 3.70GHz
flags		: fpu vme de pse tsc msr pae mce cx8 apic sep mtrr pge mca cmov pat pse36 clflush dts acpi mmx fxsr sse sse2 ss ht tm pbe syscall nx pdpe1gb rdtscp lm constant_tsc art arch_perfmon pebs bts rep_good nopl xtopology nonstop_tsc cpuid aperfmperf pni pclmulqdq dtes64 monitor ds_cpl vmx est tm2 ssse3 sdbg fma cx16 xtpr pdcm pcid sse4_1 sse4_2 x2apic movbe popcnt tsc_deadline_timer aes xsave avx f16c rdrand lahf_lm abm 3dnowprefetch cpuid_fault pti ssbd ibrs ibpb stibp tpr_shadow flexpriority ept vpid ept_ad fsgsbase tsc_adjust bmi1 avx2 smep bmi2 erms invpcid mpx rdseed adx smap clflushopt intel_pt xsaveopt xsavec xgetbv1 xsaves dtherm arat pln pts hwp hwp_notify hwp_act_window hwp_epp vnmi md_clear flush_l1d arch_capabilities

Online cpus: 0-3
Offline cpus: 
BIOS frequency limitation: <Not Available>
Frequency switch latency (ns): 0
Available cpu frequencies: <Not Available>
Current governor: powersave
Core performance/turbo boost: <Not Available>

Memory: 4k page, physical 11604800k(1725300k free), swap 4194300k(2438392k free)
Page Sizes: 4k

vm_info: OpenJDK 64-Bit Server VM (21.0.9+10-LTS) for linux-amd64 JRE (21.0.9+10-LTS), built on 2025-10-21T00:00:00Z by "admin" with gcc 11.3.0

END.
