#
# A fatal error has been detected by the Java Runtime Environment:
#
#  SIGSEGV (0xb) at pc=0x0000718d9415b301, pid=63314, tid=63323
#
# JRE version: Java(TM) SE Runtime Environment (21.0.9+7) (build 21.0.9+7-LTS-338)
# Java VM: Java HotSpot(TM) 64-Bit Server VM (21.0.9+7-LTS-338, mixed mode, sharing, tiered, compressed oops, compressed class ptrs, serial gc, linux-amd64)
# Problematic frame:
# V  [libjvm.so+0xb5b301]  PhaseLive::add_liveout(Block_List&, Block*, IndexSet*, VectorSet&)+0x111
#
# Core dump will be written. Default location: Core dumps may be processed with "/usr/share/apport/apport -p%p -s%s -c%c -d%d -P%P -u%u -g%g -F%F -- %E" (or dumping to /home/aakash/Downloads/Smart_Home_Energy_Management/core.63314)
#
# If you would like to submit a bug report, please visit:
#   https://bugreport.java.com/bugreport/crash.jsp
#

---------------  S U M M A R Y ------------

Command Line: -XX:+UseSerialGC -Xmx1024m backend/target/backend-0.0.1-SNAPSHOT.jar

Host: Intel(R) Core(TM) i3-6100 CPU @ 3.70GHz, 4 cores, 11G, Ubuntu 25.10
Time: Tue Jan 13 19:12:33 2026 IST elapsed time: 5.971256 seconds (0d 0h 0m 5s)

---------------  T H R E A D  ---------------

Current thread (0x0000718d8c077a40):  JavaThread "C2 CompilerThread0" daemon [_thread_in_native, id=63323, stack(0x0000718d91a00000,0x0000718d91b00000) (1024K)]


Current CompileTask:
C2:   5971 4703       4       org.springframework.beans.factory.support.AbstractBeanFactory::isTypeMatch (619 bytes)

Stack: [0x0000718d91a00000,0x0000718d91b00000],  sp=0x0000718d91afc020,  free space=1008k
Native frames: (J=compiled Java code, j=interpreted, Vv=VM code, C=native code)
V  [libjvm.so+0xb5b301]  PhaseLive::add_liveout(Block_List&, Block*, IndexSet*, VectorSet&)+0x111
V  [libjvm.so+0xb5bd21]  PhaseLive::compute(unsigned int)+0x601
V  [libjvm.so+0x59fa32]  PhaseChaitin::Register_Allocate()+0x4a2
V  [libjvm.so+0x6434da]  Compile::Code_Gen()+0x32a
V  [libjvm.so+0x646fa8]  Compile::Compile(ciEnv*, ciMethod*, int, Options, DirectiveSet*)+0x14d8
V  [libjvm.so+0x572fad]  C2Compiler::compile_method(ciEnv*, ciMethod*, int, bool, DirectiveSet*)+0x19d
V  [libjvm.so+0x64c7a8]  CompileBroker::invoke_compiler_on_method(CompileTask*)+0xae8
V  [libjvm.so+0x64f878]  CompileBroker::compiler_thread_loop()+0x678
V  [libjvm.so+0x904e98]  JavaThread::thread_main_inner() [clone .part.0]+0xb8
V  [libjvm.so+0xea18bf]  Thread::call_run()+0x9f
V  [libjvm.so+0xcc7615]  thread_native_entry(Thread*)+0xd5
C  [libc.so.6+0xa3d64]

siginfo: si_signo: 11 (SIGSEGV), si_code: 2 (SEGV_ACCERR), si_addr: 0x0000718d0143b720

Registers:
RAX=0x0000718d0143b720, RBX=0x0000718d092880c0, RCX=0x0000000000000001, RDX=0x0000000000000000
RSP=0x0000718d91afc020, RBP=0x0000718d91afc0b0, RSI=0x0000000000000001, RDI=0x0000000000000000
R8 =0x0000000000000000, R9 =0x0000000000000002, R10=0x0000000000000002, R11=0x0000718d0943b7b0
R12=0x0000718d092bb298, R13=0x0000718d0943b710, R14=0x0000000000000000, R15=0x0000718d91afc340
RIP=0x0000718d9415b301, EFLAGS=0x0000000000010202, CSGSFS=0x002b000000000033, ERR=0x0000000000000004
  TRAPNO=0x000000000000000e


Register to memory mapping:

RAX=0x0000718d0143b720 is an unknown value
RBX=0x0000718d092880c0 points into unknown readable memory: 0x0000000100000001 | 01 00 00 00 01 00 00 00
RCX=0x0000000000000001 is an unknown value
RDX=0x0 is null
RSP=0x0000718d91afc020 is pointing into the stack for thread: 0x0000718d8c077a40
RBP=0x0000718d91afc0b0 is pointing into the stack for thread: 0x0000718d8c077a40
RSI=0x0000000000000001 is an unknown value
RDI=0x0 is null
R8 =0x0 is null
R9 =0x0000000000000002 is an unknown value
R10=0x0000000000000002 is an unknown value
R11=0x0000718d0943b7b0 points into unknown readable memory: 0x0000000c00000002 | 02 00 00 00 0c 00 00 00
R12=0x0000718d092bb298 points into unknown readable memory: 0x0000000000000000 | 00 00 00 00 00 00 00 00
R13=0x0000718d0943b710 points into unknown readable memory: 0x0000000000000000 | 00 00 00 00 00 00 00 00
R14=0x0 is null
R15=0x0000718d91afc340 is pointing into the stack for thread: 0x0000718d8c077a40

Top of Stack: (sp=0x0000718d91afc020)
0x0000718d91afc020:   0000718d91afc050 0000718d91afc140
0x0000718d91afc030:   0000718d91afc160 0000000000000000
0x0000718d91afc040:   0000718d00000001 0000718d0c722860
0x0000718d91afc050:   000008080000103e 0000000100000001
0x0000718d91afc060:   0000000100000001 0000718cfc807120
0x0000718d91afc070:   0000718d092bc438 0000718d092bc428
0x0000718d91afc080:   0000718d0c706100 0000000000000002
0x0000718d91afc090:   0000000000000001 0000718d0c722390
0x0000718d91afc0a0:   0000718d91afc340 0000000000000000
0x0000718d91afc0b0:   0000718d91afc1b0 0000718d9415bd21
0x0000718d91afc0c0:   0000718d09463bd0 0000718d09473be0
0x0000718d91afc0d0:   0000718d09463bd0 0000718d09473be0
0x0000718d91afc0e0:   0000718d09473be0 00000000001dcb98
0x0000718d91afc0f0:   0000718d8c075ed0 0000000000000398
0x0000718d91afc100:   0000000000000002 0000000000000000
0x0000718d91afc110:   0000718d092bc428 00000001095081a8
0x0000718d91afc120:   0000000000000010 0000718d0c722860
0x0000718d91afc130:   0000718d91afc140 0000718d91afc160
0x0000718d91afc140:   0000000000000020 0000718d8c075ed0
0x0000718d91afc150:   0000718cfc7f8f00 0000718d00000000
0x0000718d91afc160:   0000718d00000040 0000718cfc7f9000
0x0000718d91afc170:   0000718d00000040 0000718d8c075ed0
0x0000718d91afc180:   0000718d08216b70 0000718d91afc5b0
0x0000718d91afc190:   0000718d91afc270 0000718d91afc3a0
0x0000718d91afc1a0:   0000718d08216b70 0000718d91afc340
0x0000718d91afc1b0:   0000718d91afc490 0000718d93b9fa32
0x0000718d91afc1c0:   0000000000000000 0000000000000000
0x0000718d91afc1d0:   0000718d91afc240 00000000000003d8
0x0000718d91afc1e0:   0000718d08216b70 0000718d08216b80
0x0000718d91afc1f0:   0000718d91afc2a0 0000718d08216f58
0x0000718d91afc200:   0000718d91afc2e0 0000718d08216b80
0x0000718d91afc210:   0000718d91afc270 0000718d08216b70 

Instructions: (pc=0x0000718d9415b301)
0x0000718d9415b201:   83 ec 68 8b 42 4c 48 8b 5f 10 48 89 55 98 48 89
0x0000718d9415b211:   b5 78 ff ff ff 4c 8b 4f 20 44 8d 68 ff 48 8b 47
0x0000718d9415b221:   28 4c 89 45 80 4e 8b 34 e8 4d 89 f4 4d 85 f6 0f
0x0000718d9415b231:   84 5a 02 00 00 8b 11 85 d2 0f 84 08 01 00 00 4b
0x0000718d9415b241:   8d 44 ad 00 48 c7 45 a0 00 00 00 00 48 c1 e0 05
0x0000718d9415b251:   c7 45 b0 00 00 00 00 48 01 c3 4d 8d 2c 01 48 8b
0x0000718d9415b261:   05 2a 3e 58 00 48 89 4d c8 48 c7 45 b8 00 00 00
0x0000718d9415b271:   00 48 89 45 a8 8b 41 04 89 45 b4 48 8b 41 08 48
0x0000718d9415b281:   89 45 c0 31 c0 e9 8c 00 00 00 0f 1f 44 00 00 31
0x0000718d9415b291:   c9 f3 48 0f bc c8 48 d3 e8 03 4d a8 48 83 e8 01
0x0000718d9415b2a1:   89 4d a8 48 89 45 a0 85 c9 0f 84 98 00 00 00 48
0x0000718d9415b2b1:   8b 43 08 41 89 c8 41 c1 e8 08 4a 8b 04 c0 48 3b
0x0000718d9415b2c1:   05 52 22 89 00 0f 84 b4 00 00 00 89 ca 41 b9 01
0x0000718d9415b2d1:   00 00 00 89 ce c1 ea 06 49 d3 e1 83 e6 3f 83 e2
0x0000718d9415b2e1:   03 4d 89 ca 48 c1 e2 03 48 01 d0 48 8b 38 49 09
0x0000718d9415b2f1:   fa 4c 89 10 49 85 f9 75 19 83 03 01 49 8b 45 08
0x0000718d9415b301:   4a 8b 04 c0 48 8b 04 10 48 0f a3 f0 0f 83 bd 00
0x0000718d9415b311:   00 00 48 8b 45 a0 48 85 c0 0f 85 70 ff ff ff 83
0x0000718d9415b321:   7d ac 03 76 08 8b 45 b4 39 45 b0 73 1a 48 8d 7d
0x0000718d9415b331:   a0 e8 e9 db d5 ff 89 c1 85 c9 0f 85 6f ff ff ff
0x0000718d9415b341:   0f 1f 80 00 00 00 00 41 8b 04 24 85 c0 0f 84 bc
0x0000718d9415b351:   00 00 00 48 8b 45 98 8b 40 4c 8d 50 ff 49 8b 47
0x0000718d9415b361:   28 4c 89 24 d0 4d 85 f6 0f 84 c1 00 00 00 48 83
0x0000718d9415b371:   c4 68 5b 41 5c 41 5d 41 5e 41 5f 5d c3 66 90 89
0x0000718d9415b381:   ce 48 89 df 4c 89 45 88 89 4d 90 e8 1f d6 d5 ff
0x0000718d9415b391:   8b 4d 90 41 b9 01 00 00 00 4c 8b 45 88 89 ca 49
0x0000718d9415b3a1:   d3 e1 89 ce c1 ea 06 83 e6 3f 83 e2 03 48 c1 e2
0x0000718d9415b3b1:   03 48 01 d0 48 8b 38 49 89 fa 4d 09 ca 4c 85 cf
0x0000718d9415b3c1:   4c 89 10 0f 84 30 ff ff ff e9 44 ff ff ff 90 49
0x0000718d9415b3d1:   8b 44 24 08 4a 8b 04 c0 48 3b 05 38 21 89 00 0f
0x0000718d9415b3e1:   84 fa 00 00 00 48 01 d0 48 8b 10 48 89 d1 4c 09
0x0000718d9415b3f1:   c9 48 89 08 4c 85 ca 0f 85 15 ff ff ff 41 83 04 


Stack slot to memory mapping:

stack at sp + 0 slots: 0x0000718d91afc050 is pointing into the stack for thread: 0x0000718d8c077a40
stack at sp + 1 slots: 0x0000718d91afc140 is pointing into the stack for thread: 0x0000718d8c077a40
stack at sp + 2 slots: 0x0000718d91afc160 is pointing into the stack for thread: 0x0000718d8c077a40
stack at sp + 3 slots: 0x0 is null
stack at sp + 4 slots: 0x0000718d00000001 points into unknown readable memory: 00 00 00 8d 71 00 00
stack at sp + 5 slots: 0x0000718d0c722860 points into unknown readable memory: 0x0000718d9491e090 | 90 e0 91 94 8d 71 00 00
stack at sp + 6 slots: 0x000008080000103e is an unknown value
stack at sp + 7 slots: 0x0000000100000001 is an unknown value


---------------  P R O C E S S  ---------------

Threads class SMR info:
_java_thread_list=0x0000718cd8002b80, length=20, elements={
0x0000718d8c028040, 0x0000718d8c070710, 0x0000718d8c071c50, 0x0000718d8c0733b0,
0x0000718d8c0749c0, 0x0000718d8c075f30, 0x0000718d8c077a40, 0x0000718d8c0790d0,
0x0000718d8c0bcea0, 0x0000718d8c0bf620, 0x0000718d8c162260, 0x0000718d0c180c90,
0x0000718d8d1686d0, 0x0000718d8d16c1a0, 0x0000718d8d365630, 0x0000718d8d3e4d40,
0x0000718d8d3e6630, 0x0000718ce0000fe0, 0x0000718cec004d30, 0x0000718cd8001290
}

Java Threads: ( => current thread )
  0x0000718d8c028040 JavaThread "main"                              [_thread_blocked, id=63315, stack(0x0000718d94b00000,0x0000718d94c00000) (1024K)]
  0x0000718d8c070710 JavaThread "Reference Handler"          daemon [_thread_blocked, id=63318, stack(0x0000718d91f00000,0x0000718d92000000) (1024K)]
  0x0000718d8c071c50 JavaThread "Finalizer"                  daemon [_thread_blocked, id=63319, stack(0x0000718d91e00000,0x0000718d91f00000) (1024K)]
  0x0000718d8c0733b0 JavaThread "Signal Dispatcher"          daemon [_thread_blocked, id=63320, stack(0x0000718d91d00000,0x0000718d91e00000) (1024K)]
  0x0000718d8c0749c0 JavaThread "Service Thread"             daemon [_thread_blocked, id=63321, stack(0x0000718d91c00000,0x0000718d91d00000) (1024K)]
  0x0000718d8c075f30 JavaThread "Monitor Deflation Thread"   daemon [_thread_blocked, id=63322, stack(0x0000718d91b00000,0x0000718d91c00000) (1024K)]
=>0x0000718d8c077a40 JavaThread "C2 CompilerThread0"         daemon [_thread_in_native, id=63323, stack(0x0000718d91a00000,0x0000718d91b00000) (1024K)]
  0x0000718d8c0790d0 JavaThread "C1 CompilerThread0"         daemon [_thread_in_vm, id=63324, stack(0x0000718d91900000,0x0000718d91a00000) (1024K)]
  0x0000718d8c0bcea0 JavaThread "Notification Thread"        daemon [_thread_blocked, id=63325, stack(0x0000718d91730000,0x0000718d91830000) (1024K)]
  0x0000718d8c0bf620 JavaThread "Common-Cleaner"             daemon [_thread_blocked, id=63326, stack(0x0000718d91630000,0x0000718d91730000) (1024K)]
  0x0000718d8c162260 JavaThread "Cleaner-0"                  daemon [_thread_blocked, id=63327, stack(0x0000718d91530000,0x0000718d91630000) (1024K)]
  0x0000718d0c180c90 JavaThread "C2 CompilerThread1"         daemon [_thread_in_native, id=63328, stack(0x0000718d91430000,0x0000718d91530000) (1024K)]
  0x0000718d8d1686d0 JavaThread "mysql-cj-abandoned-connection-cleanup" daemon [_thread_blocked, id=63372, stack(0x0000718d91330000,0x0000718d91430000) (1024K)]
  0x0000718d8d16c1a0 JavaThread "H2 File Lock Watchdog /home/aakash/Downloads/Smart_Home_Energy_Management/data/smarthome_db_v3.lock.db" daemon [_thread_blocked, id=63374, stack(0x0000718d91230000,0x0000718d91330000) (1024K)]
  0x0000718d8d365630 JavaThread "H2 TCP Server (tcp://127.0.1.1:43417)" daemon [_thread_in_native, id=63375, stack(0x0000718d91130000,0x0000718d91230000) (1024K)]
  0x0000718d8d3e4d40 JavaThread "MVStore background writer /home/aakash/Downloads/Smart_Home_Energy_Management/data/smarthome_db_v3.mv.db" daemon [_thread_blocked, id=63377, stack(0x0000718d91030000,0x0000718d91130000) (1024K)]
  0x0000718d8d3e6630 JavaThread "HikariPool-1 housekeeper"   daemon [_thread_blocked, id=63378, stack(0x0000718d90f30000,0x0000718d91030000) (1024K)]
  0x0000718ce0000fe0 JavaThread "HikariPool-1 connection adder" daemon [_thread_blocked, id=63379, stack(0x0000718d90e30000,0x0000718d90f30000) (1024K)]
  0x0000718cec004d30 JavaThread "H2-serialization"           daemon [_thread_blocked, id=63407, stack(0x0000718d90b3d000,0x0000718d90c3d000) (1024K)]
  0x0000718cd8001290 JavaThread "H2-save"                    daemon [_thread_blocked, id=63409, stack(0x0000718d90a3d000,0x0000718d90b3d000) (1024K)]
Total: 20

Other Threads:
  0x0000718d8c067630 VMThread "VM Thread"                           [id=63317, stack(0x0000718d92e51000,0x0000718d92f51000) (1024K)]
  0x0000718d8c0567b0 WatcherThread "VM Periodic Task Thread"        [id=63316, stack(0x0000718d92f52000,0x0000718d93052000) (1024K)]
Total: 2

Threads with active compile tasks:
C2 CompilerThread0     6006 4703       4       org.springframework.beans.factory.support.AbstractBeanFactory::isTypeMatch (619 bytes)
C2 CompilerThread1     6007 4592   !   4       org.springframework.boot.loader.launch.LaunchedClassLoader::loadClass (44 bytes)
Total: 2

VM state: not at safepoint (normal execution)

VM Mutex/Monitor currently owned by a thread: None

Heap address: 0x00000000c0000000, size: 1024 MB, Compressed Oops mode: 32-bit

CDS archive(s) mapped at: [0x0000718d33000000-0x0000718d33cab000-0x0000718d33cab000), size 13283328, SharedBaseAddress: 0x0000718d33000000, ArchiveRelocationMode: 1.
Compressed class space mapped at: 0x0000718d34000000-0x0000718d74000000, reserved size: 1073741824
Narrow klass base: 0x0000718d33000000, Narrow klass shift: 0, Narrow klass range: 0x100000000

GC Precious Log:
 CardTable entry size: 512
 CPUs: 4 total, 4 available
 Memory: 11332M
 Large Page Support: Disabled
 NUMA Support: Disabled
 Compressed Oops: Enabled (32-bit)
 Heap Min Capacity: 8M
 Heap Initial Capacity: 178M
 Heap Max Capacity: 1G
 Pre-touch: Disabled

Heap:
 def new generation   total 54720K, used 9239K [0x00000000c0000000, 0x00000000c3b60000, 0x00000000d5550000)
  eden space 48640K,  15% used [0x00000000c0000000, 0x00000000c0723668, 0x00000000c2f80000)
  from space 6080K,  31% used [0x00000000c2f80000, 0x00000000c3162740, 0x00000000c3570000)
  to   space 6080K,   0% used [0x00000000c3570000, 0x00000000c3570000, 0x00000000c3b60000)
 tenured generation   total 121536K, used 15786K [0x00000000d5550000, 0x00000000dcc00000, 0x0000000100000000)
   the space 121536K,  12% used [0x00000000d5550000, 0x00000000d64ba890, 0x00000000d64baa00, 0x00000000dcc00000)
 Metaspace       used 41746K, committed 42304K, reserved 1114112K
  class space    used 5226K, committed 5440K, reserved 1048576K

Card table byte_map: [0x0000718d93229000,0x0000718d9342a000] _byte_map_base: 0x0000718d92c29000

Polling page: 0x0000718d95042000

Metaspace:

Usage:
  Non-class:     35.66 MB used.
      Class:      5.10 MB used.
       Both:     40.77 MB used.

Virtual space:
  Non-class space:       64.00 MB reserved,      36.00 MB ( 56%) committed,  1 nodes.
      Class space:        1.00 GB reserved,       5.31 MB ( <1%) committed,  1 nodes.
             Both:        1.06 GB reserved,      41.31 MB (  4%) committed. 

Chunk freelists:
   Non-Class:  11.67 MB
       Class:  10.62 MB
        Both:  22.30 MB

MaxMetaspaceSize: unlimited
CompressedClassSpaceSize: 1.00 GB
Initial GC threshold: 21.00 MB
Current GC threshold: 58.38 MB
CDS: on
 - commit_granule_bytes: 65536.
 - commit_granule_words: 8192.
 - virtual_space_node_default_size: 8388608.
 - enlarge_chunks_in_place: 1.
 - use_allocation_guard: 0.


Internal statistics:

num_allocs_failed_limit: 6.
num_arena_births: 706.
num_arena_deaths: 0.
num_vsnodes_births: 2.
num_vsnodes_deaths: 0.
num_space_committed: 661.
num_space_uncommitted: 0.
num_chunks_returned_to_freelist: 6.
num_chunks_taken_from_freelist: 2222.
num_chunk_merges: 6.
num_chunk_splits: 1558.
num_chunks_enlarged: 1163.
num_inconsistent_stats: 0.

CodeHeap 'non-profiled nmethods': size=120032Kb used=2319Kb max_used=2557Kb free=117712Kb
 bounds [0x0000718d7c4c8000, 0x0000718d7c758000, 0x0000718d83a00000]
CodeHeap 'profiled nmethods': size=120028Kb used=7942Kb max_used=9008Kb free=112086Kb
 bounds [0x0000718d74a00000, 0x0000718d752d0000, 0x0000718d7bf37000]
CodeHeap 'non-nmethods': size=5700Kb used=1313Kb max_used=1359Kb free=4386Kb
 bounds [0x0000718d7bf37000, 0x0000718d7c1a7000, 0x0000718d7c4c8000]
 total_blobs=4823 nmethods=4213 adapters=517
 compilation: enabled
              stopped_count=0, restarted_count=0
 full_count=0

Compilation events (20 events):
Event: 5.903 Thread 0x0000718d8c0790d0 4829       2       java.lang.invoke.MethodTypeForm::<init> (322 bytes)
Event: 5.904 Thread 0x0000718d8c0790d0 nmethod 4829 0x0000718d74a15d90 code [0x0000718d74a15fa0, 0x0000718d74a168a0]
Event: 5.904 Thread 0x0000718d8c0790d0 4830       2       java.lang.invoke.InvokerBytecodeGenerator::<init> (129 bytes)
Event: 5.908 Thread 0x0000718d8c0790d0 nmethod 4830 0x0000718d74c4d690 code [0x0000718d74c4d8a0, 0x0000718d74c4df20]
Event: 5.908 Thread 0x0000718d8c0790d0 4833       3       java.lang.invoke.MethodType::makeImpl (109 bytes)
Event: 5.912 Thread 0x0000718d8c0790d0 nmethod 4833 0x0000718d74a3d810 code [0x0000718d74a3daa0, 0x0000718d74a3e710]
Event: 5.912 Thread 0x0000718d8c0790d0 4831       1       org.h2.mvstore.MVMap::isClosed (5 bytes)
Event: 5.912 Thread 0x0000718d8c0790d0 nmethod 4831 0x0000718d7c5f7990 code [0x0000718d7c5f7b20, 0x0000718d7c5f7be8]
Event: 5.912 Thread 0x0000718d8c0790d0 4832       1       org.h2.value.ValueVarchar::getValueType (2 bytes)
Event: 5.912 Thread 0x0000718d8c0790d0 nmethod 4832 0x0000718d7c5f7690 code [0x0000718d7c5f7820, 0x0000718d7c5f78e0]
Event: 5.912 Thread 0x0000718d8c0790d0 4834       2       java.nio.HeapByteBuffer::put (16 bytes)
Event: 5.912 Thread 0x0000718d8c0790d0 nmethod 4834 0x0000718d74d5e510 code [0x0000718d74d5e6c0, 0x0000718d74d5e880]
Event: 5.912 Thread 0x0000718d8c0790d0 4835       2       java.nio.Buffer::nextPutIndex (30 bytes)
Event: 5.914 Thread 0x0000718d8c0790d0 nmethod 4835 0x0000718d74c56110 code [0x0000718d74c562c0, 0x0000718d74c56438]
Event: 5.914 Thread 0x0000718d8c0790d0 4837       2       org.h2.mvstore.Page::isPersistent (15 bytes)
Event: 5.914 Thread 0x0000718d8c0790d0 nmethod 4837 0x0000718d74c53a90 code [0x0000718d74c53c20, 0x0000718d74c53d38]
Event: 5.916 Thread 0x0000718d8c0790d0 4838       2       org.h2.mvstore.WriteBuffer::ensureCapacity (21 bytes)
Event: 5.917 Thread 0x0000718d8c0790d0 nmethod 4838 0x0000718d74ca2910 code [0x0000718d74ca2ac0, 0x0000718d74ca2c10]
Event: 5.917 Thread 0x0000718d8c0790d0 4839       2       jdk.internal.misc.Unsafe::getAndAddLong (27 bytes)
Event: 5.917 Thread 0x0000718d8c0790d0 nmethod 4839 0x0000718d74ca2490 code [0x0000718d74ca2640, 0x0000718d74ca2838]

GC Heap History (20 events):
Event: 0.979 GC heap before
{Heap before GC invocations=0 (full 0):
 def new generation   total 54720K, used 48704K [0x00000000c0000000, 0x00000000c3b50000, 0x00000000d5550000)
  eden space 48704K, 100% used [0x00000000c0000000, 0x00000000c2f90000, 0x00000000c2f90000)
  from space 6016K,   0% used [0x00000000c2f90000, 0x00000000c2f90000, 0x00000000c3570000)
  to   space 6016K,   0% used [0x00000000c3570000, 0x00000000c3570000, 0x00000000c3b50000)
 tenured generation   total 121536K, used 1078K [0x00000000d5550000, 0x00000000dcc00000, 0x0000000100000000)
   the space 121536K,   0% used [0x00000000d5550000, 0x00000000d565d8b0, 0x00000000d565da00, 0x00000000dcc00000)
 Metaspace       used 5596K, committed 5952K, reserved 1114112K
  class space    used 618K, committed 768K, reserved 1048576K
}
Event: 0.990 GC heap after
{Heap after GC invocations=1 (full 0):
 def new generation   total 54720K, used 2889K [0x00000000c0000000, 0x00000000c3b50000, 0x00000000d5550000)
  eden space 48704K,   0% used [0x00000000c0000000, 0x00000000c0000000, 0x00000000c2f90000)
  from space 6016K,  48% used [0x00000000c3570000, 0x00000000c38424b8, 0x00000000c3b50000)
  to   space 6016K,   0% used [0x00000000c2f90000, 0x00000000c2f90000, 0x00000000c3570000)
 tenured generation   total 121536K, used 1078K [0x00000000d5550000, 0x00000000dcc00000, 0x0000000100000000)
   the space 121536K,   0% used [0x00000000d5550000, 0x00000000d565d8b0, 0x00000000d565da00, 0x00000000dcc00000)
 Metaspace       used 5596K, committed 5952K, reserved 1114112K
  class space    used 618K, committed 768K, reserved 1048576K
}
Event: 1.597 GC heap before
{Heap before GC invocations=1 (full 0):
 def new generation   total 54720K, used 51593K [0x00000000c0000000, 0x00000000c3b50000, 0x00000000d5550000)
  eden space 48704K, 100% used [0x00000000c0000000, 0x00000000c2f90000, 0x00000000c2f90000)
  from space 6016K,  48% used [0x00000000c3570000, 0x00000000c38424b8, 0x00000000c3b50000)
  to   space 6016K,   0% used [0x00000000c2f90000, 0x00000000c2f90000, 0x00000000c3570000)
 tenured generation   total 121536K, used 1078K [0x00000000d5550000, 0x00000000dcc00000, 0x0000000100000000)
   the space 121536K,   0% used [0x00000000d5550000, 0x00000000d565d8b0, 0x00000000d565da00, 0x00000000dcc00000)
 Metaspace       used 11147K, committed 11520K, reserved 1114112K
  class space    used 1311K, committed 1472K, reserved 1048576K
}
Event: 1.606 GC heap after
{Heap after GC invocations=2 (full 0):
 def new generation   total 54720K, used 4211K [0x00000000c0000000, 0x00000000c3b50000, 0x00000000d5550000)
  eden space 48704K,   0% used [0x00000000c0000000, 0x00000000c0000000, 0x00000000c2f90000)
  from space 6016K,  70% used [0x00000000c2f90000, 0x00000000c33aceb0, 0x00000000c3570000)
  to   space 6016K,   0% used [0x00000000c3570000, 0x00000000c3570000, 0x00000000c3b50000)
 tenured generation   total 121536K, used 1078K [0x00000000d5550000, 0x00000000dcc00000, 0x0000000100000000)
   the space 121536K,   0% used [0x00000000d5550000, 0x00000000d565d8b0, 0x00000000d565da00, 0x00000000dcc00000)
 Metaspace       used 11147K, committed 11520K, reserved 1114112K
  class space    used 1311K, committed 1472K, reserved 1048576K
}
Event: 2.013 GC heap before
{Heap before GC invocations=2 (full 0):
 def new generation   total 54720K, used 52915K [0x00000000c0000000, 0x00000000c3b50000, 0x00000000d5550000)
  eden space 48704K, 100% used [0x00000000c0000000, 0x00000000c2f90000, 0x00000000c2f90000)
  from space 6016K,  70% used [0x00000000c2f90000, 0x00000000c33aceb0, 0x00000000c3570000)
  to   space 6016K,   0% used [0x00000000c3570000, 0x00000000c3570000, 0x00000000c3b50000)
 tenured generation   total 121536K, used 1078K [0x00000000d5550000, 0x00000000dcc00000, 0x0000000100000000)
   the space 121536K,   0% used [0x00000000d5550000, 0x00000000d565d8b0, 0x00000000d565da00, 0x00000000dcc00000)
 Metaspace       used 16153K, committed 16576K, reserved 1114112K
  class space    used 1927K, committed 2112K, reserved 1048576K
}
Event: 2.024 GC heap after
{Heap after GC invocations=3 (full 0):
 def new generation   total 54720K, used 2995K [0x00000000c0000000, 0x00000000c3b50000, 0x00000000d5550000)
  eden space 48704K,   0% used [0x00000000c0000000, 0x00000000c0000000, 0x00000000c2f90000)
  from space 6016K,  49% used [0x00000000c3570000, 0x00000000c385cd20, 0x00000000c3b50000)
  to   space 6016K,   0% used [0x00000000c2f90000, 0x00000000c2f90000, 0x00000000c3570000)
 tenured generation   total 121536K, used 3870K [0x00000000d5550000, 0x00000000dcc00000, 0x0000000100000000)
   the space 121536K,   3% used [0x00000000d5550000, 0x00000000d5917b98, 0x00000000d5917c00, 0x00000000dcc00000)
 Metaspace       used 16153K, committed 16576K, reserved 1114112K
  class space    used 1927K, committed 2112K, reserved 1048576K
}
Event: 2.590 GC heap before
{Heap before GC invocations=3 (full 0):
 def new generation   total 54720K, used 51699K [0x00000000c0000000, 0x00000000c3b50000, 0x00000000d5550000)
  eden space 48704K, 100% used [0x00000000c0000000, 0x00000000c2f90000, 0x00000000c2f90000)
  from space 6016K,  49% used [0x00000000c3570000, 0x00000000c385cd20, 0x00000000c3b50000)
  to   space 6016K,   0% used [0x00000000c2f90000, 0x00000000c2f90000, 0x00000000c3570000)
 tenured generation   total 121536K, used 3870K [0x00000000d5550000, 0x00000000dcc00000, 0x0000000100000000)
   the space 121536K,   3% used [0x00000000d5550000, 0x00000000d5917b98, 0x00000000d5917c00, 0x00000000dcc00000)
 Metaspace       used 19445K, committed 19776K, reserved 1114112K
  class space    used 2276K, committed 2432K, reserved 1048576K
}
Event: 2.607 GC heap after
{Heap after GC invocations=4 (full 0):
 def new generation   total 54720K, used 5673K [0x00000000c0000000, 0x00000000c3b50000, 0x00000000d5550000)
  eden space 48704K,   0% used [0x00000000c0000000, 0x00000000c0000000, 0x00000000c2f90000)
  from space 6016K,  94% used [0x00000000c2f90000, 0x00000000c351a598, 0x00000000c3570000)
  to   space 6016K,   0% used [0x00000000c3570000, 0x00000000c3570000, 0x00000000c3b50000)
 tenured generation   total 121536K, used 3870K [0x00000000d5550000, 0x00000000dcc00000, 0x0000000100000000)
   the space 121536K,   3% used [0x00000000d5550000, 0x00000000d5917b98, 0x00000000d5917c00, 0x00000000dcc00000)
 Metaspace       used 19445K, committed 19776K, reserved 1114112K
  class space    used 2276K, committed 2432K, reserved 1048576K
}
Event: 2.961 GC heap before
{Heap before GC invocations=4 (full 0):
 def new generation   total 54720K, used 37179K [0x00000000c0000000, 0x00000000c3b50000, 0x00000000d5550000)
  eden space 48704K,  64% used [0x00000000c0000000, 0x00000000c1ec4720, 0x00000000c2f90000)
  from space 6016K,  94% used [0x00000000c2f90000, 0x00000000c351a598, 0x00000000c3570000)
  to   space 6016K,   0% used [0x00000000c3570000, 0x00000000c3570000, 0x00000000c3b50000)
 tenured generation   total 121536K, used 3870K [0x00000000d5550000, 0x00000000dcc00000, 0x0000000100000000)
   the space 121536K,   3% used [0x00000000d5550000, 0x00000000d5917b98, 0x00000000d5917c00, 0x00000000dcc00000)
 Metaspace       used 21163K, committed 21504K, reserved 1114112K
  class space    used 2473K, committed 2624K, reserved 1048576K
}
Event: 2.997 GC heap after
{Heap after GC invocations=5 (full 1):
 def new generation   total 54720K, used 0K [0x00000000c0000000, 0x00000000c3b60000, 0x00000000d5550000)
  eden space 48640K,   0% used [0x00000000c0000000, 0x00000000c0000000, 0x00000000c2f80000)
  from space 6080K,   0% used [0x00000000c2f80000, 0x00000000c2f80000, 0x00000000c3570000)
  to   space 6080K,   0% used [0x00000000c3570000, 0x00000000c3570000, 0x00000000c3b60000)
 tenured generation   total 121536K, used 10015K [0x00000000d5550000, 0x00000000dcc00000, 0x0000000100000000)
   the space 121536K,   8% used [0x00000000d5550000, 0x00000000d5f17ed0, 0x00000000d5f18000, 0x00000000dcc00000)
 Metaspace       used 21163K, committed 21504K, reserved 1114112K
  class space    used 2473K, committed 2624K, reserved 1048576K
}
Event: 3.629 GC heap before
{Heap before GC invocations=5 (full 1):
 def new generation   total 54720K, used 48640K [0x00000000c0000000, 0x00000000c3b60000, 0x00000000d5550000)
  eden space 48640K, 100% used [0x00000000c0000000, 0x00000000c2f80000, 0x00000000c2f80000)
  from space 6080K,   0% used [0x00000000c2f80000, 0x00000000c2f80000, 0x00000000c3570000)
  to   space 6080K,   0% used [0x00000000c3570000, 0x00000000c3570000, 0x00000000c3b60000)
 tenured generation   total 121536K, used 10015K [0x00000000d5550000, 0x00000000dcc00000, 0x0000000100000000)
   the space 121536K,   8% used [0x00000000d5550000, 0x00000000d5f17ed0, 0x00000000d5f18000, 0x00000000dcc00000)
 Metaspace       used 24146K, committed 24512K, reserved 1114112K
  class space    used 2983K, committed 3136K, reserved 1048576K
}
Event: 3.635 GC heap after
{Heap after GC invocations=6 (full 1):
 def new generation   total 54720K, used 1254K [0x00000000c0000000, 0x00000000c3b60000, 0x00000000d5550000)
  eden space 48640K,   0% used [0x00000000c0000000, 0x00000000c0000000, 0x00000000c2f80000)
  from space 6080K,  20% used [0x00000000c3570000, 0x00000000c36a98b0, 0x00000000c3b60000)
  to   space 6080K,   0% used [0x00000000c2f80000, 0x00000000c2f80000, 0x00000000c3570000)
 tenured generation   total 121536K, used 10015K [0x00000000d5550000, 0x00000000dcc00000, 0x0000000100000000)
   the space 121536K,   8% used [0x00000000d5550000, 0x00000000d5f17ed0, 0x00000000d5f18000, 0x00000000dcc00000)
 Metaspace       used 24146K, committed 24512K, reserved 1114112K
  class space    used 2983K, committed 3136K, reserved 1048576K
}
Event: 4.230 GC heap before
{Heap before GC invocations=6 (full 1):
 def new generation   total 54720K, used 49894K [0x00000000c0000000, 0x00000000c3b60000, 0x00000000d5550000)
  eden space 48640K, 100% used [0x00000000c0000000, 0x00000000c2f80000, 0x00000000c2f80000)
  from space 6080K,  20% used [0x00000000c3570000, 0x00000000c36a98b0, 0x00000000c3b60000)
  to   space 6080K,   0% used [0x00000000c2f80000, 0x00000000c2f80000, 0x00000000c3570000)
 tenured generation   total 121536K, used 10015K [0x00000000d5550000, 0x00000000dcc00000, 0x0000000100000000)
   the space 121536K,   8% used [0x00000000d5550000, 0x00000000d5f17ed0, 0x00000000d5f18000, 0x00000000dcc00000)
 Metaspace       used 27967K, committed 28480K, reserved 1114112K
  class space    used 3520K, committed 3776K, reserved 1048576K
}
Event: 4.240 GC heap after
{Heap after GC invocations=7 (full 1):
 def new generation   total 54720K, used 3210K [0x00000000c0000000, 0x00000000c3b60000, 0x00000000d5550000)
  eden space 48640K,   0% used [0x00000000c0000000, 0x00000000c0000000, 0x00000000c2f80000)
  from space 6080K,  52% used [0x00000000c2f80000, 0x00000000c32a2b08, 0x00000000c3570000)
  to   space 6080K,   0% used [0x00000000c3570000, 0x00000000c3570000, 0x00000000c3b60000)
 tenured generation   total 121536K, used 10015K [0x00000000d5550000, 0x00000000dcc00000, 0x0000000100000000)
   the space 121536K,   8% used [0x00000000d5550000, 0x00000000d5f17ed0, 0x00000000d5f18000, 0x00000000dcc00000)
 Metaspace       used 27967K, committed 28480K, reserved 1114112K
  class space    used 3520K, committed 3776K, reserved 1048576K
}
Event: 4.897 GC heap before
{Heap before GC invocations=7 (full 1):
 def new generation   total 54720K, used 51850K [0x00000000c0000000, 0x00000000c3b60000, 0x00000000d5550000)
  eden space 48640K, 100% used [0x00000000c0000000, 0x00000000c2f80000, 0x00000000c2f80000)
  from space 6080K,  52% used [0x00000000c2f80000, 0x00000000c32a2b08, 0x00000000c3570000)
  to   space 6080K,   0% used [0x00000000c3570000, 0x00000000c3570000, 0x00000000c3b60000)
 tenured generation   total 121536K, used 10015K [0x00000000d5550000, 0x00000000dcc00000, 0x0000000100000000)
   the space 121536K,   8% used [0x00000000d5550000, 0x00000000d5f17ed0, 0x00000000d5f18000, 0x00000000dcc00000)
 Metaspace       used 33325K, committed 33856K, reserved 1114112K
  class space    used 4163K, committed 4416K, reserved 1048576K
}
Event: 4.914 GC heap after
{Heap after GC invocations=8 (full 1):
 def new generation   total 54720K, used 4069K [0x00000000c0000000, 0x00000000c3b60000, 0x00000000d5550000)
  eden space 48640K,   0% used [0x00000000c0000000, 0x00000000c0000000, 0x00000000c2f80000)
  from space 6080K,  66% used [0x00000000c3570000, 0x00000000c39697c0, 0x00000000c3b60000)
  to   space 6080K,   0% used [0x00000000c2f80000, 0x00000000c2f80000, 0x00000000c3570000)
 tenured generation   total 121536K, used 11082K [0x00000000d5550000, 0x00000000dcc00000, 0x0000000100000000)
   the space 121536K,   9% used [0x00000000d5550000, 0x00000000d6022938, 0x00000000d6022a00, 0x00000000dcc00000)
 Metaspace       used 33325K, committed 33856K, reserved 1114112K
  class space    used 4163K, committed 4416K, reserved 1048576K
}
Event: 5.134 GC heap before
{Heap before GC invocations=8 (full 1):
 def new generation   total 54720K, used 19828K [0x00000000c0000000, 0x00000000c3b60000, 0x00000000d5550000)
  eden space 48640K,  32% used [0x00000000c0000000, 0x00000000c0f639e8, 0x00000000c2f80000)
  from space 6080K,  66% used [0x00000000c3570000, 0x00000000c39697c0, 0x00000000c3b60000)
  to   space 6080K,   0% used [0x00000000c2f80000, 0x00000000c2f80000, 0x00000000c3570000)
 tenured generation   total 121536K, used 11082K [0x00000000d5550000, 0x00000000dcc00000, 0x0000000100000000)
   the space 121536K,   9% used [0x00000000d5550000, 0x00000000d6022938, 0x00000000d6022a00, 0x00000000dcc00000)
 Metaspace       used 35345K, committed 35840K, reserved 1114112K
  class space    used 4349K, committed 4608K, reserved 1048576K
}
Event: 5.181 GC heap after
{Heap after GC invocations=9 (full 2):
 def new generation   total 54720K, used 0K [0x00000000c0000000, 0x00000000c3b60000, 0x00000000d5550000)
  eden space 48640K,   0% used [0x00000000c0000000, 0x00000000c0000000, 0x00000000c2f80000)
  from space 6080K,   0% used [0x00000000c3570000, 0x00000000c3570000, 0x00000000c3b60000)
  to   space 6080K,   0% used [0x00000000c2f80000, 0x00000000c2f80000, 0x00000000c3570000)
 tenured generation   total 121536K, used 15786K [0x00000000d5550000, 0x00000000dcc00000, 0x0000000100000000)
   the space 121536K,  12% used [0x00000000d5550000, 0x00000000d64ba890, 0x00000000d64baa00, 0x00000000dcc00000)
 Metaspace       used 35345K, committed 35840K, reserved 1114112K
  class space    used 4349K, committed 4608K, reserved 1048576K
}
Event: 5.882 GC heap before
{Heap before GC invocations=9 (full 2):
 def new generation   total 54720K, used 48640K [0x00000000c0000000, 0x00000000c3b60000, 0x00000000d5550000)
  eden space 48640K, 100% used [0x00000000c0000000, 0x00000000c2f80000, 0x00000000c2f80000)
  from space 6080K,   0% used [0x00000000c3570000, 0x00000000c3570000, 0x00000000c3b60000)
  to   space 6080K,   0% used [0x00000000c2f80000, 0x00000000c2f80000, 0x00000000c3570000)
 tenured generation   total 121536K, used 15786K [0x00000000d5550000, 0x00000000dcc00000, 0x0000000100000000)
   the space 121536K,  12% used [0x00000000d5550000, 0x00000000d64ba890, 0x00000000d64baa00, 0x00000000dcc00000)
 Metaspace       used 40964K, committed 41536K, reserved 1114112K
  class space    used 5090K, committed 5312K, reserved 1048576K
}
Event: 5.895 GC heap after
{Heap after GC invocations=10 (full 2):
 def new generation   total 54720K, used 1929K [0x00000000c0000000, 0x00000000c3b60000, 0x00000000d5550000)
  eden space 48640K,   0% used [0x00000000c0000000, 0x00000000c0000000, 0x00000000c2f80000)
  from space 6080K,  31% used [0x00000000c2f80000, 0x00000000c3162740, 0x00000000c3570000)
  to   space 6080K,   0% used [0x00000000c3570000, 0x00000000c3570000, 0x00000000c3b60000)
 tenured generation   total 121536K, used 15786K [0x00000000d5550000, 0x00000000dcc00000, 0x0000000100000000)
   the space 121536K,  12% used [0x00000000d5550000, 0x00000000d64ba890, 0x00000000d64baa00, 0x00000000dcc00000)
 Metaspace       used 40964K, committed 41536K, reserved 1114112K
  class space    used 5090K, committed 5312K, reserved 1048576K
}

Dll operation events (7 events):
Event: 0.002 Loaded shared library /usr/lib/jvm/jdk-21.0.9-oracle-x64/lib/libjava.so
Event: 0.021 Loaded shared library /usr/lib/jvm/jdk-21.0.9-oracle-x64/lib/libjsvml.so
Event: 0.026 Loaded shared library /usr/lib/jvm/jdk-21.0.9-oracle-x64/lib/libnio.so
Event: 0.029 Loaded shared library /usr/lib/jvm/jdk-21.0.9-oracle-x64/lib/libzip.so
Event: 0.075 Loaded shared library /usr/lib/jvm/jdk-21.0.9-oracle-x64/lib/libjimage.so
Event: 0.140 Loaded shared library /usr/lib/jvm/jdk-21.0.9-oracle-x64/lib/libnet.so
Event: 4.986 Loaded shared library /usr/lib/jvm/jdk-21.0.9-oracle-x64/lib/libextnet.so

Deoptimization events (20 events):
Event: 5.754 Thread 0x0000718d8c028040 Uncommon trap: trap_request=0xffffff45 fr.pc=0x0000718d7c52b2f0 relative=0x0000000000001610
Event: 5.754 Thread 0x0000718d8c028040 Uncommon trap: reason=unstable_if action=reinterpret pc=0x0000718d7c52b2f0 method=java.util.concurrent.ConcurrentHashMap.computeIfAbsent(Ljava/lang/Object;Ljava/util/function/Function;)Ljava/lang/Object; @ 244 c2
Event: 5.754 Thread 0x0000718d8c028040 DEOPT PACKING pc=0x0000718d7c52b2f0 sp=0x0000718d94bf8570
Event: 5.754 Thread 0x0000718d8c028040 DEOPT UNPACKING pc=0x0000718d7bf8a399 sp=0x0000718d94bf8540 mode 2
Event: 5.899 Thread 0x0000718d8d3e4d40 Uncommon trap: trap_request=0xfffffff4 fr.pc=0x0000718d7c6d789c relative=0x00000000000002dc
Event: 5.899 Thread 0x0000718d8d3e4d40 Uncommon trap: reason=null_check action=make_not_entrant pc=0x0000718d7c6d789c method=java.lang.invoke.MethodType.equals(Ljava/lang/Object;)Z @ 39 c2
Event: 5.899 Thread 0x0000718d8d3e4d40 DEOPT PACKING pc=0x0000718d7c6d789c sp=0x0000718d9112dc40
Event: 5.899 Thread 0x0000718d8d3e4d40 DEOPT UNPACKING pc=0x0000718d7bf8a399 sp=0x0000718d9112dbe8 mode 2
Event: 5.899 Thread 0x0000718d8d3e4d40 Uncommon trap: trap_request=0xffffff45 fr.pc=0x0000718d7c66d244 relative=0x0000000000003104
Event: 5.899 Thread 0x0000718d8d3e4d40 Uncommon trap: reason=unstable_if action=reinterpret pc=0x0000718d7c66d244 method=java.util.concurrent.ConcurrentHashMap.get(Ljava/lang/Object;)Ljava/lang/Object; @ 76 c2
Event: 5.899 Thread 0x0000718d8d3e4d40 DEOPT PACKING pc=0x0000718d7c66d244 sp=0x0000718d9112dc70
Event: 5.899 Thread 0x0000718d8d3e4d40 DEOPT UNPACKING pc=0x0000718d7bf8a399 sp=0x0000718d9112db70 mode 2
Event: 5.915 Thread 0x0000718cd8001290 Uncommon trap: trap_request=0xffffffde fr.pc=0x0000718d7c50f1b8 relative=0x0000000000000178
Event: 5.915 Thread 0x0000718cd8001290 Uncommon trap: reason=class_check action=maybe_recompile pc=0x0000718d7c50f1b8 method=java.nio.ByteBuffer.putBuffer(ILjava/nio/ByteBuffer;II)V @ 1 c2
Event: 5.915 Thread 0x0000718cd8001290 DEOPT PACKING pc=0x0000718d7c50f1b8 sp=0x0000718d90b3afe0
Event: 5.915 Thread 0x0000718cd8001290 DEOPT UNPACKING pc=0x0000718d7bf8a399 sp=0x0000718d90b3af88 mode 2
Event: 5.915 Thread 0x0000718cd8001290 Uncommon trap: trap_request=0xffffffde fr.pc=0x0000718d7c50f1b8 relative=0x0000000000000178
Event: 5.915 Thread 0x0000718cd8001290 Uncommon trap: reason=class_check action=maybe_recompile pc=0x0000718d7c50f1b8 method=java.nio.ByteBuffer.putBuffer(ILjava/nio/ByteBuffer;II)V @ 1 c2
Event: 5.915 Thread 0x0000718cd8001290 DEOPT PACKING pc=0x0000718d7c50f1b8 sp=0x0000718d90b3af60
Event: 5.915 Thread 0x0000718cd8001290 DEOPT UNPACKING pc=0x0000718d7bf8a399 sp=0x0000718d90b3af08 mode 2

Classes loaded (20 events):
Event: 5.354 Loading class java/util/function/IntSupplier
Event: 5.354 Loading class java/util/function/IntSupplier done
Event: 5.381 Loading class java/util/concurrent/ScheduledThreadPoolExecutor$ScheduledFutureTask
Event: 5.381 Loading class java/util/concurrent/ScheduledThreadPoolExecutor$ScheduledFutureTask done
Event: 5.381 Loading class java/util/concurrent/Executors$RunnableAdapter
Event: 5.381 Loading class java/util/concurrent/Executors$RunnableAdapter done
Event: 5.383 Loading class java/util/concurrent/ThreadPoolExecutor$CallerRunsPolicy
Event: 5.383 Loading class java/util/concurrent/ThreadPoolExecutor$CallerRunsPolicy done
Event: 5.461 Loading class java/lang/SafeVarargs
Event: 5.462 Loading class java/lang/SafeVarargs done
Event: 5.483 Loading class java/util/PriorityQueue$Itr
Event: 5.485 Loading class java/util/PriorityQueue$Itr done
Event: 5.486 Loading class java/nio/ByteBufferAsLongBufferB
Event: 5.488 Loading class java/nio/ByteBufferAsLongBufferB done
Event: 5.537 Loading class javax/naming/Referenceable
Event: 5.537 Loading class javax/naming/Referenceable done
Event: 5.574 Loading class java/lang/instrument/ClassFileTransformer
Event: 5.575 Loading class java/lang/instrument/ClassFileTransformer done
Event: 5.753 Loading class jdk/internal/vm/annotation/IntrinsicCandidate
Event: 5.753 Loading class jdk/internal/vm/annotation/IntrinsicCandidate done

Classes unloaded (0 events):
No events

Classes redefined (0 events):
No events

Internal exceptions (20 events):
Event: 4.386 Thread 0x0000718d8c028040 Exception <a 'java/lang/NoSuchMethodError'{0x00000000c07bded0}: 'java.lang.Object java.lang.invoke.DirectMethodHandle$Holder.invokeSpecial(java.lang.Object, java.lang.Object, java.lang.Object, java.lang.Object, int)'> (0x00000000c07bded0) 
thrown [open/src/hotspot/share/interpreter/linkResolver.cpp, line 772]
Event: 4.386 Thread 0x0000718d8c028040 Exception <a 'java/lang/NoSuchMethodError'{0x00000000c07c1368}: 'java.lang.Object java.lang.invoke.Invokers$Holder.linkToTargetMethod(java.lang.Object, java.lang.Object, int, java.lang.Object)'> (0x00000000c07c1368) 
thrown [open/src/hotspot/share/interpreter/linkResolver.cpp, line 772]
Event: 4.596 Thread 0x0000718d8c028040 Exception <a 'java/lang/NoSuchMethodError'{0x00000000c192ec18}: 'int java.lang.invoke.DirectMethodHandle$Holder.invokeVirtual(java.lang.Object, java.lang.Object, java.lang.Object, java.lang.Object)'> (0x00000000c192ec18) 
thrown [open/src/hotspot/share/interpreter/linkResolver.cpp, line 772]
Event: 4.597 Thread 0x0000718d8c028040 Exception <a 'java/lang/NoSuchMethodError'{0x00000000c1932660}: 'int java.lang.invoke.DelegatingMethodHandle$Holder.reinvoke_L(java.lang.Object, java.lang.Object, java.lang.Object, java.lang.Object)'> (0x00000000c1932660) 
thrown [open/src/hotspot/share/interpreter/linkResolver.cpp, line 772]
Event: 4.637 Thread 0x0000718d8c028040 Exception <a 'java/lang/ClassNotFoundException'{0x00000000c1c162b0}: org/springframework/boot/loader/net/protocol/nested/Handler> (0x00000000c1c162b0) 
thrown [open/src/hotspot/share/classfile/systemDictionary.cpp, line 312]
Event: 4.652 Thread 0x0000718d8c028040 Implicit null exception at 0x0000718d7c68fd00 to 0x0000718d7c690ef0
Event: 4.663 Thread 0x0000718d8c028040 Exception <a 'java/lang/NoSuchMethodError'{0x00000000c1e8d010}: 'int java.lang.invoke.DirectMethodHandle$Holder.invokeInterface(java.lang.Object, java.lang.Object, java.lang.Object, java.lang.Object)'> (0x00000000c1e8d010) 
thrown [open/src/hotspot/share/interpreter/linkResolver.cpp, line 772]
Event: 4.942 Thread 0x0000718d8c028040 Exception <a 'sun/nio/fs/UnixException'{0x00000000c0259470}> (0x00000000c0259470) 
thrown [open/src/hotspot/share/prims/jni.cpp, line 520]
Event: 4.972 Thread 0x0000718d8d16c1a0 Implicit null exception at 0x0000718d7c5fa4a0 to 0x0000718d7c5fa59c
Event: 5.017 Thread 0x0000718d8c028040 Exception <a 'java/lang/NoSuchMethodError'{0x00000000c0516368}: 'void java.lang.invoke.DirectMethodHandle$Holder.invokeStaticInit(java.lang.Object, java.lang.Object, java.lang.Object, java.lang.Object, java.lang.Object)'> (0x00000000c0516368) 
thrown [open/src/hotspot/share/interpreter/linkResolver.cpp, line 772]
Event: 5.326 Thread 0x0000718d8c028040 Exception <a 'sun/nio/fs/UnixException'{0x00000000c0efa970}> (0x00000000c0efa970) 
thrown [open/src/hotspot/share/prims/jni.cpp, line 520]
Event: 5.332 Thread 0x0000718d8c028040 Exception <a 'sun/nio/fs/UnixException'{0x00000000c0f0d518}> (0x00000000c0f0d518) 
thrown [open/src/hotspot/share/prims/jni.cpp, line 520]
Event: 5.376 Thread 0x0000718d8c028040 Exception <a 'java/lang/NoSuchMethodError'{0x00000000c123e570}: 'void java.lang.invoke.DirectMethodHandle$Holder.invokeSpecial(java.lang.Object, java.lang.Object, long)'> (0x00000000c123e570) 
thrown [open/src/hotspot/share/interpreter/linkResolver.cpp, line 772]
Event: 5.397 Thread 0x0000718d8c028040 Exception <a 'java/lang/NoSuchMethodError'{0x00000000c1340228}: 'java.lang.Object java.lang.invoke.DirectMethodHandle$Holder.invokeStaticInit(java.lang.Object, java.lang.Object, java.lang.Object, java.lang.Object)'> (0x00000000c1340228) 
thrown [open/src/hotspot/share/interpreter/linkResolver.cpp, line 772]
Event: 5.482 Thread 0x0000718d8d3e4d40 Exception <a 'java/lang/NoSuchMethodError'{0x00000000c14bd690}: 'java.lang.Object java.lang.invoke.DirectMethodHandle$Holder.newInvokeSpecial(java.lang.Object, java.lang.Object, int, int, int)'> (0x00000000c14bd690) 
thrown [open/src/hotspot/share/interpreter/linkResolver.cpp, line 772]
Event: 5.494 Thread 0x0000718d8c028040 Exception <a 'java/lang/NoSuchMethodError'{0x00000000c18643d8}: 'java.lang.Object java.lang.invoke.DirectMethodHandle$Holder.newInvokeSpecial(java.lang.Object, java.lang.Object, java.lang.Object, java.lang.Object, java.lang.Object, java.lang.Object, java.lang.Object, java.lang.Object, java.lang.Object, java.lang.Object, java.lang.Object)'> (0x00000000c18643d8) 
thrown [open/src/hotspot/share/interpreter/linkResolver.cpp, line 772]
Event: 5.554 Thread 0x0000718d8c028040 Exception <a 'java/lang/ClassNotFoundException'{0x00000000c1bac298}: org/springframework/boot/loader/net/protocol/jar/Handler> (0x00000000c1bac298) 
thrown [open/src/hotspot/share/classfile/systemDictionary.cpp, line 312]
Event: 5.605 Thread 0x0000718d8c028040 Exception <a 'java/lang/NoSuchMethodError'{0x00000000c1ef46d8}: 'void java.lang.invoke.DelegatingMethodHandle$Holder.reinvoke_L(java.lang.Object, java.lang.Object, java.lang.Object, java.lang.Object, int, java.lang.Object, java.lang.Object, java.lang.Object)'> (0x00000000c1ef46d8) 
thrown [open/src/hotspot/share/interpreter/linkResolver.cpp, line 772]
Event: 5.899 Thread 0x0000718d8d3e4d40 Implicit null exception at 0x0000718d7c6d7631 to 0x0000718d7c6d788c
Event: 5.901 Thread 0x0000718d8d3e4d40 Exception <a 'java/lang/NoSuchMethodError'{0x00000000c000bb90}: 'java.lang.Object java.lang.invoke.DirectMethodHandle$Holder.newInvokeSpecial(java.lang.Object, java.lang.Object, int, java.lang.Object, long)'> (0x00000000c000bb90) 
thrown [open/src/hotspot/share/interpreter/linkResolver.cpp, line 772]

ZGC Phase Switch (0 events):
No events

VM Operations (20 events):
Event: 4.980 Executing VM operation: HandshakeAllThreads (Deoptimize)
Event: 4.980 Executing VM operation: HandshakeAllThreads (Deoptimize) done
Event: 4.982 Executing VM operation: HandshakeAllThreads (Deoptimize)
Event: 4.982 Executing VM operation: HandshakeAllThreads (Deoptimize) done
Event: 4.999 Executing VM operation: HandshakeAllThreads (Deoptimize)
Event: 4.999 Executing VM operation: HandshakeAllThreads (Deoptimize) done
Event: 5.020 Executing VM operation: HandshakeAllThreads (Deoptimize)
Event: 5.020 Executing VM operation: HandshakeAllThreads (Deoptimize) done
Event: 5.134 Executing VM operation: CollectForMetadataAllocation (Metadata GC Threshold)
Event: 5.181 Executing VM operation: CollectForMetadataAllocation (Metadata GC Threshold) done
Event: 5.330 Executing VM operation: HandshakeAllThreads (Deoptimize)
Event: 5.330 Executing VM operation: HandshakeAllThreads (Deoptimize) done
Event: 5.360 Executing VM operation: HandshakeAllThreads (Deoptimize)
Event: 5.360 Executing VM operation: HandshakeAllThreads (Deoptimize) done
Event: 5.489 Executing VM operation: HandshakeAllThreads (Deoptimize)
Event: 5.491 Executing VM operation: HandshakeAllThreads (Deoptimize) done
Event: 5.690 Executing VM operation: HandshakeAllThreads (Deoptimize)
Event: 5.691 Executing VM operation: HandshakeAllThreads (Deoptimize) done
Event: 5.882 Executing VM operation: GenCollectForAllocation (Allocation Failure)
Event: 5.895 Executing VM operation: GenCollectForAllocation (Allocation Failure) done

Events (20 events):
Event: 5.157 Thread 0x0000718d8c067630 flushing nmethod 0x0000718d74f6f090
Event: 5.157 Thread 0x0000718d8c067630 flushing nmethod 0x0000718d74f72410
Event: 5.157 Thread 0x0000718d8c067630 flushing nmethod 0x0000718d74fb6710
Event: 5.157 Thread 0x0000718d8c067630 flushing nmethod 0x0000718d74fbe910
Event: 5.157 Thread 0x0000718d8c067630 flushing nmethod 0x0000718d74ff0110
Event: 5.318 Thread 0x0000718d8d365630 Thread added: 0x0000718d8d365630
Event: 5.318 Protecting memory [0x0000718d91130000,0x0000718d91134000] with protection modes 0
Event: 5.331 Thread 0x0000718ce8003060 Thread added: 0x0000718ce8003060
Event: 5.331 Protecting memory [0x0000718d91030000,0x0000718d91034000] with protection modes 0
Event: 5.337 Thread 0x0000718ce8003060 Thread exited: 0x0000718ce8003060
Event: 5.378 Thread 0x0000718d8d3e4d40 Thread added: 0x0000718d8d3e4d40
Event: 5.378 Protecting memory [0x0000718d91030000,0x0000718d91034000] with protection modes 0
Event: 5.382 Thread 0x0000718d8d3e6630 Thread added: 0x0000718d8d3e6630
Event: 5.382 Protecting memory [0x0000718d90f30000,0x0000718d90f34000] with protection modes 0
Event: 5.485 Thread 0x0000718ce0000fe0 Thread added: 0x0000718ce0000fe0
Event: 5.485 Protecting memory [0x0000718d90e30000,0x0000718d90e34000] with protection modes 0
Event: 5.906 Thread 0x0000718cec004d30 Thread added: 0x0000718cec004d30
Event: 5.907 Protecting memory [0x0000718d90b3d000,0x0000718d90b41000] with protection modes 0
Event: 5.914 Thread 0x0000718cd8001290 Thread added: 0x0000718cd8001290
Event: 5.915 Protecting memory [0x0000718d90a3d000,0x0000718d90a41000] with protection modes 0


Dynamic libraries:
c0000000-c3b60000 rw-p 00000000 00:00 0 
c3b60000-d5550000 ---p 00000000 00:00 0 
d5550000-dcc00000 rw-p 00000000 00:00 0 
dcc00000-100000000 ---p 00000000 00:00 0 
5657e1f15000-5657e1f16000 r-xp 00000000 08:22 656427                     /usr/lib/jvm/jdk-21.0.9-oracle-x64/bin/java
5657e1f17000-5657e1f18000 r--p 00001000 08:22 656427                     /usr/lib/jvm/jdk-21.0.9-oracle-x64/bin/java
5657e1f18000-5657e1f19000 rw-p 00002000 08:22 656427                     /usr/lib/jvm/jdk-21.0.9-oracle-x64/bin/java
5657ef9a5000-5657ef9ec000 rw-p 00000000 00:00 0                          [heap]
718cd8000000-718cd8021000 rw-p 00000000 00:00 0 
718cd8021000-718cdc000000 ---p 00000000 00:00 0 
718cdc000000-718cdc021000 rw-p 00000000 00:00 0 
718cdc021000-718ce0000000 ---p 00000000 00:00 0 
718ce0000000-718ce0021000 rw-p 00000000 00:00 0 
718ce0021000-718ce4000000 ---p 00000000 00:00 0 
718ce4000000-718ce4021000 rw-p 00000000 00:00 0 
718ce4021000-718ce8000000 ---p 00000000 00:00 0 
718ce8000000-718ce8021000 rw-p 00000000 00:00 0 
718ce8021000-718cec000000 ---p 00000000 00:00 0 
718cec000000-718cec021000 rw-p 00000000 00:00 0 
718cec021000-718cf0000000 ---p 00000000 00:00 0 
718cf0000000-718cf02f0000 rw-p 00000000 00:00 0 
718cf02f0000-718cf4000000 ---p 00000000 00:00 0 
718cf4000000-718cf4021000 rw-p 00000000 00:00 0 
718cf4021000-718cf8000000 ---p 00000000 00:00 0 
718cf8000000-718cf8021000 rw-p 00000000 00:00 0 
718cf8021000-718cfc000000 ---p 00000000 00:00 0 
718cfc000000-718cfcf35000 rw-p 00000000 00:00 0 
718cfcf35000-718d00000000 ---p 00000000 00:00 0 
718d00000000-718d00021000 rw-p 00000000 00:00 0 
718d00021000-718d04000000 ---p 00000000 00:00 0 
718d04000000-718d04021000 rw-p 00000000 00:00 0 
718d04021000-718d08000000 ---p 00000000 00:00 0 
718d08000000-718d097a4000 rw-p 00000000 00:00 0 
718d097a4000-718d0c000000 ---p 00000000 00:00 0 
718d0c000000-718d0c846000 rw-p 00000000 00:00 0 
718d0c846000-718d10000000 ---p 00000000 00:00 0 
718d10000000-718d10021000 rw-p 00000000 00:00 0 
718d10021000-718d14000000 ---p 00000000 00:00 0 
718d14000000-718d14021000 rw-p 00000000 00:00 0 
718d14021000-718d18000000 ---p 00000000 00:00 0 
718d18000000-718d18021000 rw-p 00000000 00:00 0 
718d18021000-718d1c000000 ---p 00000000 00:00 0 
718d1c000000-718d1c021000 rw-p 00000000 00:00 0 
718d1c021000-718d20000000 ---p 00000000 00:00 0 
718d20000000-718d2003a000 rw-p 00000000 00:00 0 
718d2003a000-718d24000000 ---p 00000000 00:00 0 
718d24000000-718d24021000 rw-p 00000000 00:00 0 
718d24021000-718d28000000 ---p 00000000 00:00 0 
718d28000000-718d28400000 rw-p 00000000 00:00 0 
718d28400000-718d28dc0000 rw-p 00000000 00:00 0 
718d28dc0000-718d28f00000 rw-p 00000000 00:00 0 
718d28f00000-718d29000000 rw-p 00000000 00:00 0 
718d29000000-718d29700000 rw-p 00000000 00:00 0 
718d29700000-718d29800000 rw-p 00000000 00:00 0 
718d29800000-718d29d00000 rw-p 00000000 00:00 0 
718d29d00000-718d29da0000 rw-p 00000000 00:00 0 
718d29da0000-718d29e00000 ---p 00000000 00:00 0 
718d29e00000-718d2a460000 rw-p 00000000 00:00 0 
718d2a460000-718d2c000000 ---p 00000000 00:00 0 
718d2c000000-718d2c021000 rw-p 00000000 00:00 0 
718d2c021000-718d30000000 ---p 00000000 00:00 0 
718d33000000-718d33cab000 rw-p 00001000 08:22 656718                     /usr/lib/jvm/jdk-21.0.9-oracle-x64/lib/server/classes.jsa
718d33cab000-718d34000000 ---p 00000000 00:00 0 
718d34000000-718d34040000 rw-p 00000000 00:00 0 
718d34040000-718d34080000 rw-p 00000000 00:00 0 
718d34080000-718d34100000 rw-p 00000000 00:00 0 
718d34100000-718d34380000 rw-p 00000000 00:00 0 
718d34380000-718d34460000 rw-p 00000000 00:00 0 
718d34460000-718d34470000 rw-p 00000000 00:00 0 
718d34470000-718d34480000 ---p 00000000 00:00 0 
718d34480000-718d34560000 rw-p 00000000 00:00 0 
718d34560000-718d74000000 ---p 00000000 00:00 0 
718d74a00000-718d752d0000 rwxp 00000000 00:00 0 
718d752d0000-718d7bf37000 ---p 00000000 00:00 0 
718d7bf37000-718d7c1a7000 rwxp 00000000 00:00 0 
718d7c1a7000-718d7c4c8000 ---p 00000000 00:00 0 
718d7c4c8000-718d7c758000 rwxp 00000000 00:00 0 
718d7c758000-718d83a00000 ---p 00000000 00:00 0 
718d83a00000-718d8bf13000 r--s 00000000 08:22 656709                     /usr/lib/jvm/jdk-21.0.9-oracle-x64/lib/modules
718d8c000000-718d8d975000 rw-p 00000000 00:00 0 
718d8d975000-718d90000000 ---p 00000000 00:00 0 
718d9025f000-718d90a3d000 rw-p 00000000 00:00 0 
718d90a3d000-718d90a41000 ---p 00000000 00:00 0 
718d90a41000-718d90b3d000 rw-p 00000000 00:00 0 
718d90b3d000-718d90b41000 ---p 00000000 00:00 0 
718d90b41000-718d90c3d000 rw-p 00000000 00:00 0 
718d90e30000-718d90e34000 ---p 00000000 00:00 0 
718d90e34000-718d90f30000 rw-p 00000000 00:00 0 
718d90f30000-718d90f34000 ---p 00000000 00:00 0 
718d90f34000-718d91030000 rw-p 00000000 00:00 0 
718d91030000-718d91034000 ---p 00000000 00:00 0 
718d91034000-718d91130000 rw-p 00000000 00:00 0 
718d91130000-718d91134000 ---p 00000000 00:00 0 
718d91134000-718d91230000 rw-p 00000000 00:00 0 
718d91230000-718d91234000 ---p 00000000 00:00 0 
718d91234000-718d91330000 rw-p 00000000 00:00 0 
718d91330000-718d91334000 ---p 00000000 00:00 0 
718d91334000-718d91430000 rw-p 00000000 00:00 0 
718d91430000-718d91434000 ---p 00000000 00:00 0 
718d91434000-718d91530000 rw-p 00000000 00:00 0 
718d91530000-718d91534000 ---p 00000000 00:00 0 
718d91534000-718d91630000 rw-p 00000000 00:00 0 
718d91630000-718d91634000 ---p 00000000 00:00 0 
718d91634000-718d91730000 rw-p 00000000 00:00 0 
718d91730000-718d91734000 ---p 00000000 00:00 0 
718d91734000-718d91830000 rw-p 00000000 00:00 0 
718d91830000-718d918fe000 r-xp 00000000 08:22 656692                     /usr/lib/jvm/jdk-21.0.9-oracle-x64/lib/libjsvml.so
718d918fe000-718d918ff000 r--p 000cd000 08:22 656692                     /usr/lib/jvm/jdk-21.0.9-oracle-x64/lib/libjsvml.so
718d918ff000-718d91900000 rw-p 000ce000 08:22 656692                     /usr/lib/jvm/jdk-21.0.9-oracle-x64/lib/libjsvml.so
718d91900000-718d91904000 ---p 00000000 00:00 0 
718d91904000-718d91a00000 rw-p 00000000 00:00 0 
718d91a00000-718d91a04000 ---p 00000000 00:00 0 
718d91a04000-718d91b00000 rw-p 00000000 00:00 0 
718d91b00000-718d91b04000 ---p 00000000 00:00 0 
718d91b04000-718d91c00000 rw-p 00000000 00:00 0 
718d91c00000-718d91c04000 ---p 00000000 00:00 0 
718d91c04000-718d91d00000 rw-p 00000000 00:00 0 
718d91d00000-718d91d04000 ---p 00000000 00:00 0 
718d91d04000-718d91e00000 rw-p 00000000 00:00 0 
718d91e00000-718d91e04000 ---p 00000000 00:00 0 
718d91e04000-718d91f00000 rw-p 00000000 00:00 0 
718d91f00000-718d91f04000 ---p 00000000 00:00 0 
718d91f04000-718d92000000 rw-p 00000000 00:00 0 
718d92000000-718d92df1000 r--p 00000000 08:22 5781025                    /usr/lib/locale/locale-archive
718d92e42000-718d92e4d000 r-xp 00000000 08:22 656699                     /usr/lib/jvm/jdk-21.0.9-oracle-x64/lib/libnet.so
718d92e4d000-718d92e4e000 ---p 0000b000 08:22 656699                     /usr/lib/jvm/jdk-21.0.9-oracle-x64/lib/libnet.so
718d92e4e000-718d92e4f000 r--p 0000b000 08:22 656699                     /usr/lib/jvm/jdk-21.0.9-oracle-x64/lib/libnet.so
718d92e4f000-718d92e50000 rw-p 0000c000 08:22 656699                     /usr/lib/jvm/jdk-21.0.9-oracle-x64/lib/libnet.so
718d92e50000-718d93052000 rw-p 00000000 00:00 0 
718d93052000-718d9310f000 rw-p 00000000 00:00 0 
718d9310f000-718d93229000 ---p 00000000 00:00 0 
718d93229000-718d93247000 rw-p 00000000 00:00 0 
718d93247000-718d932d3000 ---p 00000000 00:00 0 
718d932d3000-718d9330f000 rw-p 00000000 00:00 0 
718d9330f000-718d9342a000 ---p 00000000 00:00 0 
718d9342a000-718d93430000 rw-p 00000000 00:00 0 
718d93430000-718d93515000 ---p 00000000 00:00 0 
718d93515000-718d93527000 rw-p 00000000 00:00 0 
718d93527000-718d93600000 ---p 00000000 00:00 0 
718d93600000-718d9491c000 r-xp 00000000 08:22 656721                     /usr/lib/jvm/jdk-21.0.9-oracle-x64/lib/server/libjvm.so
718d9491c000-718d9491d000 ---p 0131c000 08:22 656721                     /usr/lib/jvm/jdk-21.0.9-oracle-x64/lib/server/libjvm.so
718d9491d000-718d949ee000 r--p 0131c000 08:22 656721                     /usr/lib/jvm/jdk-21.0.9-oracle-x64/lib/server/libjvm.so
718d949ee000-718d94a1c000 rw-p 013ed000 08:22 656721                     /usr/lib/jvm/jdk-21.0.9-oracle-x64/lib/server/libjvm.so
718d94a1c000-718d94a82000 rw-p 00000000 00:00 0 
718d94a88000-718d94a8f000 r--s 00000000 08:22 5917240                    /usr/lib/x86_64-linux-gnu/gconv/gconv-modules.cache
718d94a8f000-718d94aa2000 r-xp 00000000 08:22 656700                     /usr/lib/jvm/jdk-21.0.9-oracle-x64/lib/libnio.so
718d94aa2000-718d94aa3000 ---p 00013000 08:22 656700                     /usr/lib/jvm/jdk-21.0.9-oracle-x64/lib/libnio.so
718d94aa3000-718d94aa4000 r--p 00013000 08:22 656700                     /usr/lib/jvm/jdk-21.0.9-oracle-x64/lib/libnio.so
718d94aa4000-718d94aa5000 rw-p 00014000 08:22 656700                     /usr/lib/jvm/jdk-21.0.9-oracle-x64/lib/libnio.so
718d94aa5000-718d94b00000 rw-p 00000000 00:00 0 
718d94b00000-718d94b04000 ---p 00000000 00:00 0 
718d94b04000-718d94c00000 rw-p 00000000 00:00 0 
718d94c00000-718d94c28000 r--p 00000000 08:22 5782543                    /usr/lib/x86_64-linux-gnu/libc.so.6
718d94c28000-718d94dc1000 r-xp 00028000 08:22 5782543                    /usr/lib/x86_64-linux-gnu/libc.so.6
718d94dc1000-718d94e30000 r--p 001c1000 08:22 5782543                    /usr/lib/x86_64-linux-gnu/libc.so.6
718d94e30000-718d94e34000 r--p 0022f000 08:22 5782543                    /usr/lib/x86_64-linux-gnu/libc.so.6
718d94e34000-718d94e36000 rw-p 00233000 08:22 5782543                    /usr/lib/x86_64-linux-gnu/libc.so.6
718d94e36000-718d94e43000 rw-p 00000000 00:00 0 
718d94e49000-718d94e4b000 r-xp 00000000 08:22 656677                     /usr/lib/jvm/jdk-21.0.9-oracle-x64/lib/libextnet.so
718d94e4b000-718d94e4c000 r--p 00001000 08:22 656677                     /usr/lib/jvm/jdk-21.0.9-oracle-x64/lib/libextnet.so
718d94e4c000-718d94e4d000 rw-p 00002000 08:22 656677                     /usr/lib/jvm/jdk-21.0.9-oracle-x64/lib/libextnet.so
718d94e4d000-718d94e93000 rw-p 00000000 00:00 0 
718d94e93000-718d94e9a000 ---p 00000000 00:00 0 
718d94e9a000-718d94eba000 r-xp 00000000 08:22 656684                     /usr/lib/jvm/jdk-21.0.9-oracle-x64/lib/libjava.so
718d94eba000-718d94ebb000 ---p 00020000 08:22 656684                     /usr/lib/jvm/jdk-21.0.9-oracle-x64/lib/libjava.so
718d94ebb000-718d94ebc000 r--p 00020000 08:22 656684                     /usr/lib/jvm/jdk-21.0.9-oracle-x64/lib/libjava.so
718d94ebc000-718d94ebd000 rw-p 00021000 08:22 656684                     /usr/lib/jvm/jdk-21.0.9-oracle-x64/lib/libjava.so
718d94ebd000-718d94ebe000 rw-p 00000000 00:00 0 
718d94ebe000-718d94edc000 r-xp 00000000 08:22 656688                     /usr/lib/jvm/jdk-21.0.9-oracle-x64/lib/libjimage.so
718d94edc000-718d94ede000 r--p 0001d000 08:22 656688                     /usr/lib/jvm/jdk-21.0.9-oracle-x64/lib/libjimage.so
718d94ede000-718d94edf000 rw-p 0001f000 08:22 656688                     /usr/lib/jvm/jdk-21.0.9-oracle-x64/lib/libjimage.so
718d94edf000-718d94ef0000 r--p 00000000 08:22 5782905                    /usr/lib/x86_64-linux-gnu/libm.so.6
718d94ef0000-718d94f7b000 r-xp 00011000 08:22 5782905                    /usr/lib/x86_64-linux-gnu/libm.so.6
718d94f7b000-718d94fea000 r--p 0009c000 08:22 5782905                    /usr/lib/x86_64-linux-gnu/libm.so.6
718d94fea000-718d94feb000 r--p 0010a000 08:22 5782905                    /usr/lib/x86_64-linux-gnu/libm.so.6
718d94feb000-718d94fec000 rw-p 0010b000 08:22 5782905                    /usr/lib/x86_64-linux-gnu/libm.so.6
718d94fec000-718d94fed000 r--p 00000000 08:22 5783104                    /usr/lib/x86_64-linux-gnu/librt.so.1
718d94fed000-718d94fee000 r-xp 00001000 08:22 5783104                    /usr/lib/x86_64-linux-gnu/librt.so.1
718d94fee000-718d94fef000 r--p 00002000 08:22 5783104                    /usr/lib/x86_64-linux-gnu/librt.so.1
718d94fef000-718d94ff0000 r--p 00002000 08:22 5783104                    /usr/lib/x86_64-linux-gnu/librt.so.1
718d94ff0000-718d94ff1000 rw-p 00003000 08:22 5783104                    /usr/lib/x86_64-linux-gnu/librt.so.1
718d94ff1000-718d94ff5000 rw-p 00000000 00:00 0 
718d94ff5000-718d94ff6000 r--p 00000000 08:22 5782619                    /usr/lib/x86_64-linux-gnu/libdl.so.2
718d94ff6000-718d94ff7000 r-xp 00001000 08:22 5782619                    /usr/lib/x86_64-linux-gnu/libdl.so.2
718d94ff7000-718d94ff8000 r--p 00002000 08:22 5782619                    /usr/lib/x86_64-linux-gnu/libdl.so.2
718d94ff8000-718d94ff9000 r--p 00002000 08:22 5782619                    /usr/lib/x86_64-linux-gnu/libdl.so.2
718d94ff9000-718d94ffa000 rw-p 00003000 08:22 5782619                    /usr/lib/x86_64-linux-gnu/libdl.so.2
718d94ffa000-718d94ffb000 r--p 00000000 08:22 5783073                    /usr/lib/x86_64-linux-gnu/libpthread.so.0
718d94ffb000-718d94ffc000 r-xp 00001000 08:22 5783073                    /usr/lib/x86_64-linux-gnu/libpthread.so.0
718d94ffc000-718d94ffd000 r--p 00002000 08:22 5783073                    /usr/lib/x86_64-linux-gnu/libpthread.so.0
718d94ffd000-718d94ffe000 r--p 00002000 08:22 5783073                    /usr/lib/x86_64-linux-gnu/libpthread.so.0
718d94ffe000-718d94fff000 rw-p 00003000 08:22 5783073                    /usr/lib/x86_64-linux-gnu/libpthread.so.0
718d94fff000-718d9500d000 r-xp 00000000 08:22 656689                     /usr/lib/jvm/jdk-21.0.9-oracle-x64/lib/libjli.so
718d9500d000-718d9500e000 ---p 0000e000 08:22 656689                     /usr/lib/jvm/jdk-21.0.9-oracle-x64/lib/libjli.so
718d9500e000-718d9500f000 r--p 0000e000 08:22 656689                     /usr/lib/jvm/jdk-21.0.9-oracle-x64/lib/libjli.so
718d9500f000-718d95010000 rw-p 0000f000 08:22 656689                     /usr/lib/jvm/jdk-21.0.9-oracle-x64/lib/libjli.so
718d95010000-718d95013000 r--p 00000000 08:22 5783316                    /usr/lib/x86_64-linux-gnu/libz.so.1.3.1
718d95013000-718d95026000 r-xp 00003000 08:22 5783316                    /usr/lib/x86_64-linux-gnu/libz.so.1.3.1
718d95026000-718d9502e000 r--p 00016000 08:22 5783316                    /usr/lib/x86_64-linux-gnu/libz.so.1.3.1
718d9502e000-718d9502f000 r--p 0001d000 08:22 5783316                    /usr/lib/x86_64-linux-gnu/libz.so.1.3.1
718d9502f000-718d95030000 rw-p 0001e000 08:22 5783316                    /usr/lib/x86_64-linux-gnu/libz.so.1.3.1
718d95030000-718d95037000 r-xp 00000000 08:22 656708                     /usr/lib/jvm/jdk-21.0.9-oracle-x64/lib/libzip.so
718d95037000-718d95038000 ---p 00007000 08:22 656708                     /usr/lib/jvm/jdk-21.0.9-oracle-x64/lib/libzip.so
718d95038000-718d95039000 r--p 00007000 08:22 656708                     /usr/lib/jvm/jdk-21.0.9-oracle-x64/lib/libzip.so
718d95039000-718d9503a000 rw-p 00008000 08:22 656708                     /usr/lib/jvm/jdk-21.0.9-oracle-x64/lib/libzip.so
718d9503a000-718d95042000 rw-s 00000000 00:28 948                        /tmp/hsperfdata_aakash/63314
718d95042000-718d95043000 ---p 00000000 00:00 0 
718d95043000-718d95044000 r--p 00000000 00:00 0 
718d95044000-718d95045000 ---p 00000000 00:00 0 
718d95045000-718d95047000 rw-p 00000000 00:00 0 
718d95047000-718d9504b000 r--p 00000000 00:00 0                          [vvar]
718d9504b000-718d9504d000 r--p 00000000 00:00 0                          [vvar_vclock]
718d9504d000-718d9504f000 r-xp 00000000 00:00 0                          [vdso]
718d9504f000-718d95050000 r--p 00000000 08:22 5782338                    /usr/lib/x86_64-linux-gnu/ld-linux-x86-64.so.2
718d95050000-718d9507e000 r-xp 00001000 08:22 5782338                    /usr/lib/x86_64-linux-gnu/ld-linux-x86-64.so.2
718d9507e000-718d9508c000 r--p 0002f000 08:22 5782338                    /usr/lib/x86_64-linux-gnu/ld-linux-x86-64.so.2
718d9508c000-718d9508e000 r--p 0003d000 08:22 5782338                    /usr/lib/x86_64-linux-gnu/ld-linux-x86-64.so.2
718d9508e000-718d9508f000 rw-p 0003f000 08:22 5782338                    /usr/lib/x86_64-linux-gnu/ld-linux-x86-64.so.2
718d9508f000-718d95090000 rw-p 00000000 00:00 0 
7ffe0999b000-7ffe099bd000 rw-p 00000000 00:00 0                          [stack]
ffffffffff600000-ffffffffff601000 --xp 00000000 00:00 0                  [vsyscall]
Total number of mappings: 221


VM Arguments:
jvm_args: -XX:+UseSerialGC -Xmx1024m 
java_command: backend/target/backend-0.0.1-SNAPSHOT.jar
java_class_path (initial): backend/target/backend-0.0.1-SNAPSHOT.jar
Launcher Type: SUN_STANDARD

[Global flags]
     intx CICompilerCount                          = 3                                         {product} {ergonomic}
   size_t InitialHeapSize                          = 186646528                                 {product} {ergonomic}
   size_t MaxHeapSize                              = 1073741824                                {product} {command line}
   size_t MaxNewSize                               = 357892096                                 {product} {ergonomic}
   size_t MinHeapDeltaBytes                        = 196608                                    {product} {ergonomic}
   size_t MinHeapSize                              = 8388608                                   {product} {ergonomic}
   size_t NewSize                                  = 62193664                                  {product} {ergonomic}
    uintx NonNMethodCodeHeapSize                   = 5832780                                {pd product} {ergonomic}
    uintx NonProfiledCodeHeapSize                  = 122912730                              {pd product} {ergonomic}
   size_t OldSize                                  = 124452864                                 {product} {ergonomic}
    uintx ProfiledCodeHeapSize                     = 122912730                              {pd product} {ergonomic}
    uintx ReservedCodeCacheSize                    = 251658240                              {pd product} {ergonomic}
     bool SegmentedCodeCache                       = true                                      {product} {ergonomic}
   size_t SoftMaxHeapSize                          = 1073741824                             {manageable} {ergonomic}
     bool UseCompressedOops                        = true                           {product lp64_product} {ergonomic}
     bool UseSerialGC                              = true                                      {product} {command line}

Logging:
Log output configuration:
 #0: stdout all=warning uptime,level,tags foldmultilines=false
 #1: stderr all=off uptime,level,tags foldmultilines=false

Environment Variables:
PATH=/home/aakash/bin:/home/aakash/.local/bin:/home/aakash/bin:/home/aakash/bin:/home/aakash/.cargo/bin:/home/aakash/.local/bin:/home/aakash/bin:/usr/local/sbin:/usr/local/bin:/usr/sbin:/usr/bin:/sbin:/bin:/usr/games:/usr/local/games:/snap/bin:/snap/bin:/home/aakash/.vscode/extensions/vscjava.vscode-java-debug-0.58.5/bundled/scripts/noConfigScripts
USERNAME=aakash
SHELL=/bin/bash
DISPLAY=:0
LANG=en_US.UTF-8
TERM=xterm-256color

Active Locale:
LC_ALL=en_US.UTF-8
LC_COLLATE=en_US.UTF-8
LC_CTYPE=en_US.UTF-8
LC_MESSAGES=en_US.UTF-8
LC_MONETARY=en_US.UTF-8
LC_NUMERIC=en_US.UTF-8
LC_TIME=en_US.UTF-8

Signal Handlers:
   SIGSEGV: crash_handler in libjvm.so, mask=11100100010111111101111111111110, flags=SA_RESTART|SA_SIGINFO, unblocked
    SIGBUS: crash_handler in libjvm.so, mask=11100100010111111101111111111110, flags=SA_RESTART|SA_SIGINFO, unblocked
    SIGFPE: crash_handler in libjvm.so, mask=11100100010111111101111111111110, flags=SA_RESTART|SA_SIGINFO, unblocked
   SIGPIPE: javaSignalHandler in libjvm.so, mask=11100100010111111101111111111110, flags=SA_RESTART|SA_SIGINFO, blocked
   SIGXFSZ: javaSignalHandler in libjvm.so, mask=11100100010111111101111111111110, flags=SA_RESTART|SA_SIGINFO, blocked
    SIGILL: crash_handler in libjvm.so, mask=11100100010111111101111111111110, flags=SA_RESTART|SA_SIGINFO, unblocked
   SIGUSR2: SR_handler in libjvm.so, mask=00000000000000000000000000000000, flags=SA_RESTART|SA_SIGINFO, blocked
    SIGHUP: UserHandler in libjvm.so, mask=11100100010111111101111111111110, flags=SA_RESTART|SA_SIGINFO, blocked
    SIGINT: UserHandler in libjvm.so, mask=11100100010111111101111111111110, flags=SA_RESTART|SA_SIGINFO, blocked
   SIGTERM: UserHandler in libjvm.so, mask=11100100010111111101111111111110, flags=SA_RESTART|SA_SIGINFO, blocked
   SIGQUIT: UserHandler in libjvm.so, mask=11100100010111111101111111111110, flags=SA_RESTART|SA_SIGINFO, blocked
   SIGTRAP: crash_handler in libjvm.so, mask=11100100010111111101111111111110, flags=SA_RESTART|SA_SIGINFO, unblocked


Periodic native trim disabled

---------------  S Y S T E M  ---------------

OS:
DISTRIB_ID=Ubuntu
DISTRIB_RELEASE=25.10
DISTRIB_CODENAME=questing
DISTRIB_DESCRIPTION="Ubuntu 25.10"
uname: Linux 6.17.0-8-generic #8-Ubuntu SMP PREEMPT_DYNAMIC Fri Nov 14 21:44:46 UTC 2025 x86_64
OS uptime: 0 days 8:23 hours
libc: glibc 2.42 NPTL 2.42 
rlimit (soft/hard): STACK 8192k/infinity , CORE 0k/infinity , NPROC 44620/44620 , NOFILE 524288/524288 , AS infinity/infinity , CPU infinity/infinity , DATA infinity/infinity , FSIZE infinity/infinity , MEMLOCK 8192k/8192k
load average: 3.99 3.61 3.41

/proc/meminfo:
MemTotal:       11604800 kB
MemFree:          654312 kB
MemAvailable:    2224368 kB
Buffers:          127396 kB
Cached:          2147552 kB
SwapCached:        45892 kB
Active:          5217244 kB
Inactive:        4315260 kB
Active(anon):    4032108 kB
Inactive(anon):  3884312 kB
Active(file):    1185136 kB
Inactive(file):   430948 kB
Unevictable:      369980 kB
Mlocked:             828 kB
SwapTotal:       4194300 kB
SwapFree:        2543712 kB
Zswap:                 0 kB
Zswapped:              0 kB
Dirty:             58684 kB
Writeback:             0 kB
AnonPages:       7588852 kB
Mapped:           694452 kB
Shmem:            659256 kB
KReclaimable:     476200 kB
Slab:             801856 kB
SReclaimable:     476200 kB
SUnreclaim:       325656 kB
KernelStack:       23080 kB
PageTables:        87492 kB
SecPageTables:      2668 kB
NFS_Unstable:          0 kB
Bounce:                0 kB
WritebackTmp:          0 kB
CommitLimit:     9996700 kB
Committed_AS:   35140228 kB
VmallocTotal:   34359738367 kB
VmallocUsed:       59396 kB
VmallocChunk:          0 kB
Percpu:             4176 kB
HardwareCorrupted:     0 kB
AnonHugePages:      2048 kB
ShmemHugePages:        0 kB
ShmemPmdMapped:        0 kB
FileHugePages:     18432 kB
FilePmdMapped:         0 kB
CmaTotal:              0 kB
CmaFree:               0 kB
Unaccepted:            0 kB
Balloon:               0 kB
HugePages_Total:       0
HugePages_Free:        0
HugePages_Rsvd:        0
HugePages_Surp:        0
Hugepagesize:       2048 kB
Hugetlb:               0 kB
DirectMap4k:      249564 kB
DirectMap2M:     6973440 kB
DirectMap1G:     5242880 kB

/sys/kernel/mm/transparent_hugepage/enabled: always [madvise] never
/sys/kernel/mm/transparent_hugepage/defrag (defrag/compaction efforts parameter): always defer defer+madvise [madvise] never

Process Memory:
Virtual Size: 4081024K (peak: 4081024K)
Resident Set Size: 250636K (peak: 250636K) (anon: 227488K, file: 23116K, shmem: 32K)
Swapped out: 0K
C-Heap outstanding allocations: 83457K, retained: 5762K
glibc malloc tunables: (default)

/proc/sys/kernel/threads-max (system-wide limit on the number of threads): 89241
/proc/sys/vm/max_map_count (maximum number of memory map areas a process may have): 1048576
/proc/sys/kernel/pid_max (system-wide limit on number of process identifiers): 4194304

container information not found.
Steal ticks since vm start: 0
Steal ticks percentage since vm start:  0.000

CPU: total 4 (initial active 4) (2 cores per cpu, 2 threads per core) family 6 model 94 stepping 3 microcode 0xf0, cx8, cmov, fxsr, ht, mmx, 3dnowpref, sse, sse2, sse3, ssse3, sse4.1, sse4.2, popcnt, lzcnt, tsc, tscinvbit, avx, avx2, aes, erms, clmul, bmi1, bmi2, adx, fma, vzeroupper, clflush, clflushopt, rdtscp, f16c
CPU Model and flags from /proc/cpuinfo:
model name	: Intel(R) Core(TM) i3-6100 CPU @ 3.70GHz
flags		: fpu vme de pse tsc msr pae mce cx8 apic sep mtrr pge mca cmov pat pse36 clflush dts acpi mmx fxsr sse sse2 ss ht tm pbe syscall nx pdpe1gb rdtscp lm constant_tsc art arch_perfmon pebs bts rep_good nopl xtopology nonstop_tsc cpuid aperfmperf pni pclmulqdq dtes64 monitor ds_cpl vmx est tm2 ssse3 sdbg fma cx16 xtpr pdcm pcid sse4_1 sse4_2 x2apic movbe popcnt tsc_deadline_timer aes xsave avx f16c rdrand lahf_lm abm 3dnowprefetch cpuid_fault pti ssbd ibrs ibpb stibp tpr_shadow flexpriority ept vpid ept_ad fsgsbase tsc_adjust bmi1 avx2 smep bmi2 erms invpcid mpx rdseed adx smap clflushopt intel_pt xsaveopt xsavec xgetbv1 xsaves dtherm arat pln pts hwp hwp_notify hwp_act_window hwp_epp vnmi md_clear flush_l1d arch_capabilities

Online cpus: 0-3
Offline cpus: 
BIOS frequency limitation: <Not Available>
Frequency switch latency (ns): 0
Available cpu frequencies: <Not Available>
Current governor: powersave
Core performance/turbo boost: <Not Available>

Memory: 4k page, physical 11604800k(2224368k free), swap 4194300k(2543712k free)
Page Sizes: 4k

vm_info: Java HotSpot(TM) 64-Bit Server VM (21.0.9+7-LTS-338) for linux-amd64 JRE (21.0.9+7-LTS-338), built on 2025-09-26T06:33:49Z by "mach5run" with gcc 13.2.0

END.
