[[1;34mINFO[m] Scanning for projects...
[[1;34mINFO[m] 
[[1;34mINFO[m] [1m-----------------------< [0;36mcom.smarthome:backend[0;1m >------------------------[m
[[1;34mINFO[m] [1mBuilding backend 0.0.1-SNAPSHOT[m
[[1;34mINFO[m]   from pom.xml
[[1;34mINFO[m] [1m--------------------------------[ jar ]---------------------------------[m
[[1;33mWARNING[m] The artifact mysql:mysql-connector-java:jar:8.0.33 has been relocated to com.mysql:mysql-connector-j:jar:8.0.33: MySQL Connector/J artifacts moved to reverse-DNS compliant Maven 2+ coordinates.
[[1;34mINFO[m] 
[[1;34mINFO[m] [1m--- [0;32mclean:3.3.2:clean[m [1m(default-clean)[m @ [36mbackend[0;1m ---[m
[[1;34mINFO[m] Deleting /home/aakash/Downloads/Smart_Home_Energy_Management/backend/target
[[1;34mINFO[m] 
[[1;34mINFO[m] [1m>>> [0;32mspring-boot:3.2.1:run[m [1m(default-cli)[0;1m > [0;1mtest-compile[m @ [36mbackend[0;1m >>>[m
[[1;34mINFO[m] 
[[1;34mINFO[m] [1m--- [0;32mresources:3.3.1:resources[m [1m(default-resources)[m @ [36mbackend[0;1m ---[m
[[1;34mINFO[m] Copying 1 resource from src/main/resources to target/classes
[[1;34mINFO[m] Copying 8 resources from src/main/resources to target/classes
[[1;34mINFO[m] 
[[1;34mINFO[m] [1m--- [0;32mcompiler:3.11.0:compile[m [1m(default-compile)[m @ [36mbackend[0;1m ---[m
[[1;34mINFO[m] Changes detected - recompiling the module! :source
[[1;34mINFO[m] Compiling 31 source files with javac [debug release 17] to target/classes
[[1;34mINFO[m] Annotation processing is enabled because one or more processors were found
  on the class path. A future release of javac may disable annotation processing
  unless at least one processor is specified by name (-processor), or a search
  path is specified (--processor-path, --processor-module-path), or annotation
  processing is enabled explicitly (-proc:only, -proc:full).
  Use -Xlint:-options to suppress this message.
  Use -proc:none to disable annotation processing.
[[1;34mINFO[m] 
[[1;34mINFO[m] [1m--- [0;32mresources:3.3.1:testResources[m [1m(default-testResources)[m @ [36mbackend[0;1m ---[m
[[1;34mINFO[m] skip non existing resourceDirectory /home/aakash/Downloads/Smart_Home_Energy_Management/backend/src/test/resources
[[1;34mINFO[m] 
[[1;34mINFO[m] [1m--- [0;32mcompiler:3.11.0:testCompile[m [1m(default-testCompile)[m @ [36mbackend[0;1m ---[m
[[1;34mINFO[m] Changes detected - recompiling the module! :dependency
[[1;34mINFO[m] Compiling 1 source file with javac [debug release 17] to target/test-classes
[[1;34mINFO[m] Annotation processing is enabled because one or more processors were found
  on the class path. A future release of javac may disable annotation processing
  unless at least one processor is specified by name (-processor), or a search
  path is specified (--processor-path, --processor-module-path), or annotation
  processing is enabled explicitly (-proc:only, -proc:full).
  Use -Xlint:-options to suppress this message.
  Use -proc:none to disable annotation processing.
[[1;34mINFO[m] 
[[1;34mINFO[m] [1m<<< [0;32mspring-boot:3.2.1:run[m [1m(default-cli)[0;1m < [0;1mtest-compile[m @ [36mbackend[0;1m <<<[m
[[1;34mINFO[m] 
[[1;34mINFO[m] 
[[1;34mINFO[m] [1m--- [0;32mspring-boot:3.2.1:run[m [1m(default-cli)[m @ [36mbackend[0;1m ---[m
[[1;34mINFO[m] Attaching agents: []

  .   ____          _            __ _ _
 /\\ / ___'_ __ _ _(_)_ __  __ _ \ \ \ \
( ( )\___ | '_ | '_| | '_ \/ _` | \ \ \ \
 \\/  ___)| |_)| | | | | || (_| |  ) ) ) )
  '  |____| .__|_| |_|_| |_\__, | / / / /
 =========|_|==============|___/=/_/_/_/
 :: Spring Boot ::                (v3.2.1)

2026-01-29T18:58:38.018+05:30  INFO 25337 --- [           main] c.s.backend.SmartHomeApplication         : Starting SmartHomeApplication using Java 21.0.9 with PID 25337 (/home/aakash/Downloads/Smart_Home_Energy_Management/backend/target/classes started by aakash in /home/aakash/Downloads/Smart_Home_Energy_Management/backend)
2026-01-29T18:58:38.027+05:30  INFO 25337 --- [           main] c.s.backend.SmartHomeApplication         : No active profile set, falling back to 1 default profile: "default"
2026-01-29T18:58:40.559+05:30  INFO 25337 --- [           main] .s.d.r.c.RepositoryConfigurationDelegate : Bootstrapping Spring Data JPA repositories in DEFAULT mode.
2026-01-29T18:58:40.937+05:30  INFO 25337 --- [           main] .s.d.r.c.RepositoryConfigurationDelegate : Finished Spring Data repository scanning in 364 ms. Found 4 JPA repository interfaces.
2026-01-29T18:58:41.380+05:30  INFO 25337 --- [           main] faultConfiguringBeanFactoryPostProcessor : No bean named 'errorChannel' has been explicitly defined. Therefore, a default PublishSubscribeChannel will be created.
2026-01-29T18:58:41.395+05:30  INFO 25337 --- [           main] faultConfiguringBeanFactoryPostProcessor : No bean named 'integrationHeaderChannelRegistry' has been explicitly defined. Therefore, a default DefaultHeaderChannelRegistry will be created.
2026-01-29T18:58:42.840+05:30  INFO 25337 --- [           main] o.s.b.w.embedded.tomcat.TomcatWebServer  : Tomcat initialized with port 8080 (http)
2026-01-29T18:58:42.885+05:30  INFO 25337 --- [           main] o.apache.catalina.core.StandardService   : Starting service [Tomcat]
2026-01-29T18:58:42.885+05:30  INFO 25337 --- [           main] o.apache.catalina.core.StandardEngine    : Starting Servlet engine: [Apache Tomcat/10.1.17]
2026-01-29T18:58:42.998+05:30  INFO 25337 --- [           main] o.a.c.c.C.[Tomcat].[localhost].[/]       : Initializing Spring embedded WebApplicationContext
2026-01-29T18:58:43.000+05:30  INFO 25337 --- [           main] w.s.c.ServletWebServerApplicationContext : Root WebApplicationContext: initialization completed in 4766 ms
2026-01-29T18:58:43.212+05:30  INFO 25337 --- [           main] com.zaxxer.hikari.HikariDataSource       : HikariPool-1 - Starting...
2026-01-29T18:58:43.666+05:30  INFO 25337 --- [           main] com.zaxxer.hikari.pool.HikariPool        : HikariPool-1 - Added connection conn0: url=jdbc:h2:mem:a80efa6a-4c1e-4988-8ec0-2d810c63a62f user=SA
2026-01-29T18:58:43.669+05:30  INFO 25337 --- [           main] com.zaxxer.hikari.HikariDataSource       : HikariPool-1 - Start completed.
2026-01-29T18:58:43.859+05:30  INFO 25337 --- [           main] o.hibernate.jpa.internal.util.LogHelper  : HHH000204: Processing PersistenceUnitInfo [name: default]
2026-01-29T18:58:44.040+05:30  INFO 25337 --- [           main] org.hibernate.Version                    : HHH000412: Hibernate ORM core version 6.4.1.Final
2026-01-29T18:58:44.102+05:30  INFO 25337 --- [           main] o.h.c.internal.RegionFactoryInitiator    : HHH000026: Second-level cache disabled
2026-01-29T18:58:44.293+05:30  INFO 25337 --- [           main] o.s.o.j.p.SpringPersistenceUnitInfo      : No LoadTimeWeaver setup: ignoring JPA class transformer
2026-01-29T18:58:45.818+05:30  INFO 25337 --- [           main] o.h.e.t.j.p.i.JtaPlatformInitiator       : HHH000489: No JTA platform available (set 'hibernate.transaction.jta.platform' to enable JTA platform integration)
2026-01-29T18:58:46.038+05:30  INFO 25337 --- [           main] j.LocalContainerEntityManagerFactoryBean : Initialized JPA EntityManagerFactory for persistence unit 'default'
2026-01-29T18:58:46.717+05:30  INFO 25337 --- [           main] o.s.d.j.r.query.QueryEnhancerFactory     : Hibernate is in classpath; If applicable, HQL parser will be used.
2026-01-29T18:58:47.365+05:30  WARN 25337 --- [           main] JpaBaseConfiguration$JpaWebConfiguration : spring.jpa.open-in-view is enabled by default. Therefore, database queries may be performed during view rendering. Explicitly configure spring.jpa.open-in-view to disable this warning
2026-01-29T18:58:47.678+05:30  INFO 25337 --- [           main] o.s.s.web.DefaultSecurityFilterChain     : Will secure any request with [org.springframework.security.web.session.DisableEncodeUrlFilter@7f3616d2, org.springframework.security.web.context.request.async.WebAsyncManagerIntegrationFilter@7e5c04a4, org.springframework.security.web.context.SecurityContextHolderFilter@3b191676, org.springframework.security.web.header.HeaderWriterFilter@633aedeb, org.springframework.web.filter.CorsFilter@6212dc7d, org.springframework.security.web.authentication.logout.LogoutFilter@271bbb75, org.springframework.security.web.authentication.UsernamePasswordAuthenticationFilter@4dba2d07, org.springframework.security.web.savedrequest.RequestCacheAwareFilter@31d96cd6, org.springframework.security.web.servletapi.SecurityContextHolderAwareRequestFilter@4e0dec0c, org.springframework.security.web.authentication.AnonymousAuthenticationFilter@64bcf689, org.springframework.security.web.session.SessionManagementFilter@4d2068ea, org.springframework.security.web.access.ExceptionTranslationFilter@21590b35, org.springframework.security.web.access.intercept.AuthorizationFilter@47d8c666]
2026-01-29T18:58:48.210+05:30  INFO 25337 --- [           main] o.s.i.endpoint.EventDrivenConsumer       : Adding {logging-channel-adapter:_org.springframework.integration.errorLogger} as a subscriber to the 'errorChannel' channel
2026-01-29T18:58:48.210+05:30  INFO 25337 --- [           main] o.s.i.channel.PublishSubscribeChannel    : Channel 'application.errorChannel' has 1 subscriber(s).
2026-01-29T18:58:48.210+05:30  INFO 25337 --- [           main] o.s.i.endpoint.EventDrivenConsumer       : started bean '_org.springframework.integration.errorLogger'
2026-01-29T18:58:48.210+05:30  INFO 25337 --- [           main] o.s.i.endpoint.EventDrivenConsumer       : Adding {message-handler:handler.serviceActivator} as a subscriber to the 'mqttInputChannel' channel
2026-01-29T18:58:48.211+05:30  INFO 25337 --- [           main] o.s.integration.channel.DirectChannel    : Channel 'application.mqttInputChannel' has 1 subscriber(s).
2026-01-29T18:58:48.211+05:30  INFO 25337 --- [           main] o.s.i.endpoint.EventDrivenConsumer       : started bean 'handler.serviceActivator'
2026-01-29T18:58:48.553+05:30  INFO 25337 --- [           main] .m.i.MqttPahoMessageDrivenChannelAdapter : started bean 'inbound'; defined in: 'class path resource [com/smarthome/backend/config/MqttConfig.class]'; from source: 'com.smarthome.backend.config.MqttConfig.inbound()'
2026-01-29T18:58:48.626+05:30  INFO 25337 --- [           main] o.s.b.w.embedded.tomcat.TomcatWebServer  : Tomcat started on port 8080 (http) with context path ''
2026-01-29T18:58:48.642+05:30  INFO 25337 --- [           main] c.s.backend.SmartHomeApplication         : Started SmartHomeApplication in 12.146 seconds (process running for 13.137)
----- EXISTING USERS IN DB (Audit) -----
----------------------------------------
UPSERTED USER: muterornament (ADMIN)
UPSERTED USER: homeuser (HOMEOWNER)
UPSERTED USER: guest (GUEST)
UPSERTED USER: tech@smarthome.com (TECHNICIAN)
DEVICES CREATED
2026-01-29T18:58:49.563+05:30  INFO 25337 --- [nio-8080-exec-1] o.a.c.c.C.[Tomcat].[localhost].[/]       : Initializing Spring DispatcherServlet 'dispatcherServlet'
2026-01-29T18:58:49.563+05:30  INFO 25337 --- [nio-8080-exec-1] o.s.web.servlet.DispatcherServlet        : Initializing Servlet 'dispatcherServlet'
2026-01-29T18:58:49.564+05:30  INFO 25337 --- [nio-8080-exec-1] o.s.web.servlet.DispatcherServlet        : Completed initialization in 1 ms
[[1;34mINFO[m] [1m------------------------------------------------------------------------[m
[[1;34mINFO[m] [1;31mBUILD FAILURE[m
[[1;34mINFO[m] [1m------------------------------------------------------------------------[m
[[1;34mINFO[m] Total time:  01:25 min
[[1;34mINFO[m] Finished at: 2026-01-29T18:59:44+05:30
[[1;34mINFO[m] [1m------------------------------------------------------------------------[m
[[1;31mERROR[m] Failed to execute goal [32morg.springframework.boot:spring-boot-maven-plugin:3.2.1:run[m [1m(default-cli)[m on project [36mbackend[m: [1;31mProcess terminated with exit code: 137[m -> [1m[Help 1][m
[[1;31mERROR[m] 
[[1;31mERROR[m] To see the full stack trace of the errors, re-run Maven with the [1m-e[m switch.
[[1;31mERROR[m] Re-run Maven using the [1m-X[m switch to enable full debug logging.
[[1;31mERROR[m] 
[[1;31mERROR[m] For more information about the errors and possible solutions, please read the following articles:
[[1;31mERROR[m] [1m[Help 1][m http://cwiki.apache.org/confluence/display/MAVEN/MojoExecutionException
